{"meta": {"format": 3, "version": "7.13.1", "timestamp": "2025-12-31T18:11:40.756652", "branch_coverage": true, "show_contexts": false}, "files": {"scripts/aggregate_agent_metrics.py": {"executed_lines": [3, 5, 6, 7, 8, 9, 10, 11, 12, 14, 15, 18, 19, 20, 21, 22, 23, 24, 25, 26, 27, 28, 29, 30, 31, 32, 33, 34, 35, 36, 37, 38, 39, 42, 43, 44, 46, 47, 48, 49, 52, 53, 54, 55, 56, 57, 58, 59, 60, 61, 62, 63, 64, 65, 66, 67, 68, 69, 70, 71, 73, 74, 77, 78, 79, 80, 81, 82, 83, 84, 85, 86, 87, 88, 89, 90, 91, 92, 93, 96, 97, 98, 99, 100, 101, 102, 105, 106, 107, 108, 109, 110, 111, 114, 115, 116, 117, 118, 119, 120, 121, 122, 123, 124, 125, 126, 127, 128, 129, 130, 131, 132, 133, 134, 135, 136, 146, 147, 148, 149, 150, 151, 152, 153, 154, 155, 156, 157, 158, 159, 160, 161, 162, 163, 172, 173, 174, 175, 176, 177, 178, 179, 180, 181, 182, 183, 184, 185, 186, 187, 188, 189, 190, 191, 200, 201, 202, 203, 204, 207, 208, 209, 210, 211, 214, 215, 221, 223, 224, 225, 226, 227, 228, 229, 230, 232, 233, 234, 236, 237, 245, 246, 247, 248, 250, 277, 280, 281, 282, 283, 284, 286, 287, 288, 289, 291, 292, 294, 295, 296, 297], "summary": {"covered_lines": 201, "num_statements": 201, "percent_covered": 97.2318339100346, "percent_covered_display": "97.23", "missing_lines": 0, "excluded_lines": 2, "percent_statements_covered": 100.0, "percent_statements_covered_display": "100.00", "num_branches": 88, "num_partial_branches": 8, "covered_branches": 80, "missing_branches": 8, "percent_branches_covered": 90.9090909090909, "percent_branches_covered_display": "90.91"}, "missing_lines": [], "excluded_lines": [300, 301], "executed_branches": [[19, 20], [19, 21], [21, 22], [21, 26], [26, 27], [26, 39], [28, 29], [28, 30], [30, 31], [30, 32], [36, 37], [36, 38], [43, 44], [43, 46], [47, 48], [47, 49], [55, 56], [55, 74], [61, 55], [61, 62], [63, 64], [63, 65], [70, 71], [70, 73], [79, 80], [79, 87], [81, 82], [81, 83], [83, 84], [83, 85], [85, 86], [85, 87], [87, 88], [87, 89], [89, 90], [89, 91], [91, 92], [91, 93], [97, 98], [97, 99], [106, 107], [106, 108], [120, 121], [120, 135], [122, 123], [122, 124], [125, 126], [125, 127], [128, 129], [131, 132], [131, 133], [133, 120], [133, 134], [151, 152], [151, 163], [153, 154], [156, 157], [159, 160], [161, 151], [161, 162], [177, 178], [177, 190], [179, 180], [182, 183], [185, 186], [188, 189], [201, 202], [201, 203], [208, 209], [208, 210], [223, 224], [223, 232], [226, 223], [226, 227], [228, 226], [228, 229], [245, 246], [245, 250], [287, 288], [287, 291]], "missing_branches": [[128, 130], [153, 155], [156, 158], [159, 161], [179, 181], [182, 184], [185, 187], [188, 177]], "functions": {"_parse_timestamp": {"executed_lines": [19, 20, 21, 22, 23, 24, 25, 26, 27, 28, 29, 30, 31, 32, 33, 34, 35, 36, 37, 38, 39], "summary": {"covered_lines": 21, "num_statements": 21, "percent_covered": 100.0, "percent_covered_display": "100.00", "missing_lines": 0, "excluded_lines": 0, "percent_statements_covered": 100.0, "percent_statements_covered_display": "100.00", "num_branches": 12, "num_partial_branches": 0, "covered_branches": 12, "missing_branches": 0, "percent_branches_covered": 100.0, "percent_branches_covered_display": "100.00"}, "missing_lines": [], "excluded_lines": [], "start_line": 18, "executed_branches": [[19, 20], [19, 21], [21, 22], [21, 26], [26, 27], [26, 39], [28, 29], [28, 30], [30, 31], [30, 32], [36, 37], [36, 38]], "missing_branches": []}, "_gather_metrics_files": {"executed_lines": [43, 44, 46, 47, 48, 49], "summary": {"covered_lines": 6, "num_statements": 6, "percent_covered": 100.0, "percent_covered_display": "100.00", "missing_lines": 0, "excluded_lines": 0, "percent_statements_covered": 100.0, "percent_statements_covered_display": "100.00", "num_branches": 4, "num_partial_branches": 0, "covered_branches": 4, "missing_branches": 0, "percent_branches_covered": 100.0, "percent_branches_covered_display": "100.00"}, "missing_lines": [], "excluded_lines": [], "start_line": 42, "executed_branches": [[43, 44], [43, 46], [47, 48], [47, 49]], "missing_branches": []}, "_read_ndjson": {"executed_lines": [53, 54, 55, 56, 57, 58, 59, 60, 61, 62, 63, 64, 65, 66, 67, 68, 69, 70, 71, 73, 74], "summary": {"covered_lines": 21, "num_statements": 21, "percent_covered": 100.0, "percent_covered_display": "100.00", "missing_lines": 0, "excluded_lines": 0, "percent_statements_covered": 100.0, "percent_statements_covered_display": "100.00", "num_branches": 8, "num_partial_branches": 0, "covered_branches": 8, "missing_branches": 0, "percent_branches_covered": 100.0, "percent_branches_covered_display": "100.00"}, "missing_lines": [], "excluded_lines": [], "start_line": 52, "executed_branches": [[55, 56], [55, 74], [61, 55], [61, 62], [63, 64], [63, 65], [70, 71], [70, 73]], "missing_branches": []}, "_classify_entry": {"executed_lines": [78, 79, 80, 81, 82, 83, 84, 85, 86, 87, 88, 89, 90, 91, 92, 93], "summary": {"covered_lines": 16, "num_statements": 16, "percent_covered": 100.0, "percent_covered_display": "100.00", "missing_lines": 0, "excluded_lines": 0, "percent_statements_covered": 100.0, "percent_statements_covered_display": "100.00", "num_branches": 14, "num_partial_branches": 0, "covered_branches": 14, "missing_branches": 0, "percent_branches_covered": 100.0, "percent_branches_covered_display": "100.00"}, "missing_lines": [], "excluded_lines": [], "start_line": 77, "executed_branches": [[79, 80], [79, 87], [81, 82], [81, 83], [83, 84], [83, 85], [85, 86], [85, 87], [87, 88], [87, 89], [89, 90], [89, 91], [91, 92], [91, 93]], "missing_branches": []}, "_safe_float": {"executed_lines": [97, 98, 99, 100, 101, 102], "summary": {"covered_lines": 6, "num_statements": 6, "percent_covered": 100.0, "percent_covered_display": "100.00", "missing_lines": 0, "excluded_lines": 0, "percent_statements_covered": 100.0, "percent_statements_covered_display": "100.00", "num_branches": 2, "num_partial_branches": 0, "covered_branches": 2, "missing_branches": 0, "percent_branches_covered": 100.0, "percent_branches_covered_display": "100.00"}, "missing_lines": [], "excluded_lines": [], "start_line": 96, "executed_branches": [[97, 98], [97, 99]], "missing_branches": []}, "_safe_int": {"executed_lines": [106, 107, 108, 109, 110, 111], "summary": {"covered_lines": 6, "num_statements": 6, "percent_covered": 100.0, "percent_covered_display": "100.00", "missing_lines": 0, "excluded_lines": 0, "percent_statements_covered": 100.0, "percent_statements_covered_display": "100.00", "num_branches": 2, "num_partial_branches": 0, "covered_branches": 2, "missing_branches": 0, "percent_branches_covered": 100.0, "percent_branches_covered_display": "100.00"}, "missing_lines": [], "excluded_lines": [], "start_line": 105, "executed_branches": [[106, 107], [106, 108]], "missing_branches": []}, "_summarise_keepalive": {"executed_lines": [115, 116, 117, 118, 119, 120, 121, 122, 123, 124, 125, 126, 127, 128, 129, 130, 131, 132, 133, 134, 135, 136], "summary": {"covered_lines": 22, "num_statements": 22, "percent_covered": 97.05882352941177, "percent_covered_display": "97.06", "missing_lines": 0, "excluded_lines": 0, "percent_statements_covered": 100.0, "percent_statements_covered_display": "100.00", "num_branches": 12, "num_partial_branches": 1, "covered_branches": 11, "missing_branches": 1, "percent_branches_covered": 91.66666666666667, "percent_branches_covered_display": "91.67"}, "missing_lines": [], "excluded_lines": [], "start_line": 114, "executed_branches": [[120, 121], [120, 135], [122, 123], [122, 124], [125, 126], [125, 127], [128, 129], [131, 132], [131, 133], [133, 120], [133, 134]], "missing_branches": [[128, 130]]}, "_summarise_autofix": {"executed_lines": [147, 148, 149, 150, 151, 152, 153, 154, 155, 156, 157, 158, 159, 160, 161, 162, 163], "summary": {"covered_lines": 17, "num_statements": 17, "percent_covered": 88.88888888888889, "percent_covered_display": "88.89", "missing_lines": 0, "excluded_lines": 0, "percent_statements_covered": 100.0, "percent_statements_covered_display": "100.00", "num_branches": 10, "num_partial_branches": 3, "covered_branches": 7, "missing_branches": 3, "percent_branches_covered": 70.0, "percent_branches_covered_display": "70.00"}, "missing_lines": [], "excluded_lines": [], "start_line": 146, "executed_branches": [[151, 152], [151, 163], [153, 154], [156, 157], [159, 160], [161, 151], [161, 162]], "missing_branches": [[153, 155], [156, 158], [159, 161]]}, "_summarise_verifier": {"executed_lines": [173, 174, 175, 176, 177, 178, 179, 180, 181, 182, 183, 184, 185, 186, 187, 188, 189, 190, 191], "summary": {"covered_lines": 19, "num_statements": 19, "percent_covered": 86.20689655172414, "percent_covered_display": "86.21", "missing_lines": 0, "excluded_lines": 0, "percent_statements_covered": 100.0, "percent_statements_covered_display": "100.00", "num_branches": 10, "num_partial_branches": 4, "covered_branches": 6, "missing_branches": 4, "percent_branches_covered": 60.0, "percent_branches_covered_display": "60.00"}, "missing_lines": [], "excluded_lines": [], "start_line": 172, "executed_branches": [[177, 178], [177, 190], [179, 180], [182, 183], [185, 186], [188, 189]], "missing_branches": [[179, 181], [182, 184], [185, 187], [188, 177]]}, "_format_counter": {"executed_lines": [201, 202, 203, 204], "summary": {"covered_lines": 4, "num_statements": 4, "percent_covered": 100.0, "percent_covered_display": "100.00", "missing_lines": 0, "excluded_lines": 0, "percent_statements_covered": 100.0, "percent_statements_covered_display": "100.00", "num_branches": 2, "num_partial_branches": 0, "covered_branches": 2, "missing_branches": 0, "percent_branches_covered": 100.0, "percent_branches_covered_display": "100.00"}, "missing_lines": [], "excluded_lines": [], "start_line": 200, "executed_branches": [[201, 202], [201, 203]], "missing_branches": []}, "_format_rate": {"executed_lines": [208, 209, 210, 211], "summary": {"covered_lines": 4, "num_statements": 4, "percent_covered": 100.0, "percent_covered_display": "100.00", "missing_lines": 0, "excluded_lines": 0, "percent_statements_covered": 100.0, "percent_statements_covered_display": "100.00", "num_branches": 2, "num_partial_branches": 0, "covered_branches": 2, "missing_branches": 0, "percent_branches_covered": 100.0, "percent_branches_covered_display": "100.00"}, "missing_lines": [], "excluded_lines": [], "start_line": 207, "executed_branches": [[208, 209], [208, 210]], "missing_branches": []}, "build_summary": {"executed_lines": [215, 221, 223, 224, 225, 226, 227, 228, 229, 230, 232, 233, 234, 236, 237, 245, 246, 247, 248, 250, 277], "summary": {"covered_lines": 21, "num_statements": 21, "percent_covered": 100.0, "percent_covered_display": "100.00", "missing_lines": 0, "excluded_lines": 0, "percent_statements_covered": 100.0, "percent_statements_covered_display": "100.00", "num_branches": 8, "num_partial_branches": 0, "covered_branches": 8, "missing_branches": 0, "percent_branches_covered": 100.0, "percent_branches_covered_display": "100.00"}, "missing_lines": [], "excluded_lines": [], "start_line": 214, "executed_branches": [[223, 224], [223, 232], [226, 223], [226, 227], [228, 226], [228, 229], [245, 246], [245, 250]], "missing_branches": []}, "main": {"executed_lines": [281, 282, 283, 284, 286, 287, 288, 289, 291, 292, 294, 295, 296, 297], "summary": {"covered_lines": 14, "num_statements": 14, "percent_covered": 100.0, "percent_covered_display": "100.00", "missing_lines": 0, "excluded_lines": 0, "percent_statements_covered": 100.0, "percent_statements_covered_display": "100.00", "num_branches": 2, "num_partial_branches": 0, "covered_branches": 2, "missing_branches": 0, "percent_branches_covered": 100.0, "percent_branches_covered_display": "100.00"}, "missing_lines": [], "excluded_lines": [], "start_line": 280, "executed_branches": [[287, 288], [287, 291]], "missing_branches": []}, "": {"executed_lines": [3, 5, 6, 7, 8, 9, 10, 11, 12, 14, 15, 18, 42, 52, 77, 96, 105, 114, 146, 172, 200, 207, 214, 280], "summary": {"covered_lines": 24, "num_statements": 24, "percent_covered": 100.0, "percent_covered_display": "100.00", "missing_lines": 0, "excluded_lines": 2, "percent_statements_covered": 100.0, "percent_statements_covered_display": "100.00", "num_branches": 0, "num_partial_branches": 0, "covered_branches": 0, "missing_branches": 0, "percent_branches_covered": 100.0, "percent_branches_covered_display": "100.00"}, "missing_lines": [], "excluded_lines": [300, 301], "start_line": 1, "executed_branches": [], "missing_branches": []}}, "classes": {"": {"executed_lines": [3, 5, 6, 7, 8, 9, 10, 11, 12, 14, 15, 18, 19, 20, 21, 22, 23, 24, 25, 26, 27, 28, 29, 30, 31, 32, 33, 34, 35, 36, 37, 38, 39, 42, 43, 44, 46, 47, 48, 49, 52, 53, 54, 55, 56, 57, 58, 59, 60, 61, 62, 63, 64, 65, 66, 67, 68, 69, 70, 71, 73, 74, 77, 78, 79, 80, 81, 82, 83, 84, 85, 86, 87, 88, 89, 90, 91, 92, 93, 96, 97, 98, 99, 100, 101, 102, 105, 106, 107, 108, 109, 110, 111, 114, 115, 116, 117, 118, 119, 120, 121, 122, 123, 124, 125, 126, 127, 128, 129, 130, 131, 132, 133, 134, 135, 136, 146, 147, 148, 149, 150, 151, 152, 153, 154, 155, 156, 157, 158, 159, 160, 161, 162, 163, 172, 173, 174, 175, 176, 177, 178, 179, 180, 181, 182, 183, 184, 185, 186, 187, 188, 189, 190, 191, 200, 201, 202, 203, 204, 207, 208, 209, 210, 211, 214, 215, 221, 223, 224, 225, 226, 227, 228, 229, 230, 232, 233, 234, 236, 237, 245, 246, 247, 248, 250, 277, 280, 281, 282, 283, 284, 286, 287, 288, 289, 291, 292, 294, 295, 296, 297], "summary": {"covered_lines": 201, "num_statements": 201, "percent_covered": 97.2318339100346, "percent_covered_display": "97.23", "missing_lines": 0, "excluded_lines": 2, "percent_statements_covered": 100.0, "percent_statements_covered_display": "100.00", "num_branches": 88, "num_partial_branches": 8, "covered_branches": 80, "missing_branches": 8, "percent_branches_covered": 90.9090909090909, "percent_branches_covered_display": "90.91"}, "missing_lines": [], "excluded_lines": [300, 301], "start_line": 1, "executed_branches": [[19, 20], [19, 21], [21, 22], [21, 26], [26, 27], [26, 39], [28, 29], [28, 30], [30, 31], [30, 32], [36, 37], [36, 38], [43, 44], [43, 46], [47, 48], [47, 49], [55, 56], [55, 74], [61, 55], [61, 62], [63, 64], [63, 65], [70, 71], [70, 73], [79, 80], [79, 87], [81, 82], [81, 83], [83, 84], [83, 85], [85, 86], [85, 87], [87, 88], [87, 89], [89, 90], [89, 91], [91, 92], [91, 93], [97, 98], [97, 99], [106, 107], [106, 108], [120, 121], [120, 135], [122, 123], [122, 124], [125, 126], [125, 127], [128, 129], [131, 132], [131, 133], [133, 120], [133, 134], [151, 152], [151, 163], [153, 154], [156, 157], [159, 160], [161, 151], [161, 162], [177, 178], [177, 190], [179, 180], [182, 183], [185, 186], [188, 189], [201, 202], [201, 203], [208, 209], [208, 210], [223, 224], [223, 232], [226, 223], [226, 227], [228, 226], [228, 229], [245, 246], [245, 250], [287, 288], [287, 291]], "missing_branches": [[128, 130], [153, 155], [156, 158], [159, 161], [179, 181], [182, 184], [185, 187], [188, 177]]}}}, "scripts/auto_type_hygiene.py": {"executed_lines": [24, 26, 27, 28, 29, 30, 31, 33, 34, 35, 40, 41, 44, 45, 46, 47, 49, 50, 51, 52, 55, 56, 58, 61, 62, 65, 66, 67, 70, 71, 72, 73, 74, 75, 76, 77, 78, 79, 80, 81, 82, 83, 84, 85, 88, 91, 92, 94, 95, 96, 97, 98, 99, 100, 101, 103, 104, 105, 106, 108, 109, 111, 112, 113, 115, 116, 117, 118, 119, 121, 124, 125, 126, 129, 131, 132, 133, 134, 136, 137, 139, 140, 141, 142, 143, 144, 145, 146, 147, 148, 149, 151, 152, 153, 154, 155, 157, 158, 159, 163, 164, 165, 166, 167, 168, 169, 170, 171, 172, 174, 175, 176, 178, 179, 180, 182, 185, 186, 187, 188, 189, 190, 191, 192, 195, 196, 197, 198, 199, 200, 201, 202, 204, 205, 206, 207, 208, 210, 211], "summary": {"covered_lines": 139, "num_statements": 139, "percent_covered": 100.0, "percent_covered_display": "100.00", "missing_lines": 0, "excluded_lines": 2, "percent_statements_covered": 100.0, "percent_statements_covered_display": "100.00", "num_branches": 68, "num_partial_branches": 0, "covered_branches": 68, "missing_branches": 0, "percent_branches_covered": 100.0, "percent_branches_covered_display": "100.00"}, "missing_lines": [], "excluded_lines": [214, 215], "executed_branches": [[46, 47], [46, 49], [50, 51], [50, 52], [73, 74], [73, 85], [78, 79], [78, 80], [81, 82], [81, 83], [83, 73], [83, 84], [91, 92], [91, 94], [95, 96], [95, 103], [98, 99], [98, 100], [100, 95], [100, 101], [108, 109], [108, 111], [112, 113], [112, 115], [116, 117], [116, 121], [117, 118], [117, 121], [118, 117], [118, 119], [139, 140], [139, 182], [141, 142], [141, 144], [145, 146], [145, 180], [147, 148], [147, 151], [152, 153], [152, 178], [154, 155], [154, 157], [158, 159], [158, 163], [165, 166], [165, 168], [169, 170], [169, 172], [170, 169], [170, 171], [186, -185], [186, 187], [187, 188], [187, 189], [189, 186], [189, 190], [190, 191], [190, 192], [197, 198], [197, 204], [199, 197], [199, 200], [201, 197], [201, 202], [204, 205], [204, 210], [207, 208], [207, 211]], "missing_branches": [], "functions": {"_load_allowlist": {"executed_lines": [45, 46, 47, 49, 50, 51, 52], "summary": {"covered_lines": 7, "num_statements": 7, "percent_covered": 100.0, "percent_covered_display": "100.00", "missing_lines": 0, "excluded_lines": 0, "percent_statements_covered": 100.0, "percent_statements_covered_display": "100.00", "num_branches": 4, "num_partial_branches": 0, "covered_branches": 4, "missing_branches": 0, "percent_branches_covered": 100.0, "percent_branches_covered_display": "100.00"}, "missing_lines": [], "excluded_lines": [], "start_line": 44, "executed_branches": [[46, 47], [46, 49], [50, 51], [50, 52]], "missing_branches": []}, "should_exclude": {"executed_lines": [66, 67], "summary": {"covered_lines": 2, "num_statements": 2, "percent_covered": 100.0, "percent_covered_display": "100.00", "missing_lines": 0, "excluded_lines": 0, "percent_statements_covered": 100.0, "percent_statements_covered_display": "100.00", "num_branches": 0, "num_partial_branches": 0, "covered_branches": 0, "missing_branches": 0, "percent_branches_covered": 100.0, "percent_branches_covered_display": "100.00"}, "missing_lines": [], "excluded_lines": [], "start_line": 65, "executed_branches": [], "missing_branches": []}, "_has_stub_package": {"executed_lines": [71, 72, 73, 74, 75, 76, 77, 78, 79, 80, 81, 82, 83, 84, 85], "summary": {"covered_lines": 15, "num_statements": 15, "percent_covered": 100.0, "percent_covered_display": "100.00", "missing_lines": 0, "excluded_lines": 0, "percent_statements_covered": 100.0, "percent_statements_covered_display": "100.00", "num_branches": 8, "num_partial_branches": 0, "covered_branches": 8, "missing_branches": 0, "percent_branches_covered": 100.0, "percent_branches_covered_display": "100.00"}, "missing_lines": [], "excluded_lines": [], "start_line": 70, "executed_branches": [[73, 74], [73, 85], [78, 79], [78, 80], [81, 82], [81, 83], [83, 73], [83, 84]], "missing_branches": []}, "module_has_types": {"executed_lines": [91, 92, 94, 95, 96, 97, 98, 99, 100, 101, 103, 104, 105, 106, 108, 109, 111, 112, 113, 115, 116, 117, 118, 119, 121], "summary": {"covered_lines": 25, "num_statements": 25, "percent_covered": 100.0, "percent_covered_display": "100.00", "missing_lines": 0, "excluded_lines": 0, "percent_statements_covered": 100.0, "percent_statements_covered_display": "100.00", "num_branches": 18, "num_partial_branches": 0, "covered_branches": 18, "missing_branches": 0, "percent_branches_covered": 100.0, "percent_branches_covered_display": "100.00"}, "missing_lines": [], "excluded_lines": [], "start_line": 88, "executed_branches": [[91, 92], [91, 94], [95, 96], [95, 103], [98, 99], [98, 100], [100, 95], [100, 101], [108, 109], [108, 111], [112, 113], [112, 115], [116, 117], [116, 121], [117, 118], [117, 121], [118, 117], [118, 119]], "missing_branches": []}, "needs_ignore": {"executed_lines": [125, 126], "summary": {"covered_lines": 2, "num_statements": 2, "percent_covered": 100.0, "percent_covered_display": "100.00", "missing_lines": 0, "excluded_lines": 0, "percent_statements_covered": 100.0, "percent_statements_covered_display": "100.00", "num_branches": 0, "num_partial_branches": 0, "covered_branches": 0, "missing_branches": 0, "percent_branches_covered": 100.0, "percent_branches_covered_display": "100.00"}, "missing_lines": [], "excluded_lines": [], "start_line": 124, "executed_branches": [], "missing_branches": []}, "process_file": {"executed_lines": [131, 132, 133, 134, 136, 137, 139, 140, 141, 142, 143, 144, 145, 146, 147, 148, 149, 151, 152, 153, 154, 155, 157, 158, 159, 163, 164, 165, 166, 167, 168, 169, 170, 171, 172, 174, 175, 176, 178, 179, 180, 182], "summary": {"covered_lines": 42, "num_statements": 42, "percent_covered": 100.0, "percent_covered_display": "100.00", "missing_lines": 0, "excluded_lines": 0, "percent_statements_covered": 100.0, "percent_statements_covered_display": "100.00", "num_branches": 20, "num_partial_branches": 0, "covered_branches": 20, "missing_branches": 0, "percent_branches_covered": 100.0, "percent_branches_covered_display": "100.00"}, "missing_lines": [], "excluded_lines": [], "start_line": 129, "executed_branches": [[139, 140], [139, 182], [141, 142], [141, 144], [145, 146], [145, 180], [147, 148], [147, 151], [152, 153], [152, 178], [154, 155], [154, 157], [158, 159], [158, 163], [165, 166], [165, 168], [169, 170], [169, 172], [170, 169], [170, 171]], "missing_branches": []}, "iter_python_files": {"executed_lines": [186, 187, 188, 189, 190, 191, 192], "summary": {"covered_lines": 7, "num_statements": 7, "percent_covered": 100.0, "percent_covered_display": "100.00", "missing_lines": 0, "excluded_lines": 0, "percent_statements_covered": 100.0, "percent_statements_covered_display": "100.00", "num_branches": 8, "num_partial_branches": 0, "covered_branches": 8, "missing_branches": 0, "percent_branches_covered": 100.0, "percent_branches_covered_display": "100.00"}, "missing_lines": [], "excluded_lines": [], "start_line": 185, "executed_branches": [[186, -185], [186, 187], [187, 188], [187, 189], [189, 186], [189, 190], [190, 191], [190, 192]], "missing_branches": []}, "main": {"executed_lines": [196, 197, 198, 199, 200, 201, 202, 204, 205, 206, 207, 208, 210, 211], "summary": {"covered_lines": 14, "num_statements": 14, "percent_covered": 100.0, "percent_covered_display": "100.00", "missing_lines": 0, "excluded_lines": 0, "percent_statements_covered": 100.0, "percent_statements_covered_display": "100.00", "num_branches": 10, "num_partial_branches": 0, "covered_branches": 10, "missing_branches": 0, "percent_branches_covered": 100.0, "percent_branches_covered_display": "100.00"}, "missing_lines": [], "excluded_lines": [], "start_line": 195, "executed_branches": [[197, 198], [197, 204], [199, 197], [199, 200], [201, 197], [201, 202], [204, 205], [204, 210], [207, 208], [207, 211]], "missing_branches": []}, "": {"executed_lines": [24, 26, 27, 28, 29, 30, 31, 33, 34, 35, 40, 41, 44, 55, 56, 58, 61, 62, 65, 70, 88, 124, 129, 185, 195], "summary": {"covered_lines": 25, "num_statements": 25, "percent_covered": 100.0, "percent_covered_display": "100.00", "missing_lines": 0, "excluded_lines": 2, "percent_statements_covered": 100.0, "percent_statements_covered_display": "100.00", "num_branches": 0, "num_partial_branches": 0, "covered_branches": 0, "missing_branches": 0, "percent_branches_covered": 100.0, "percent_branches_covered_display": "100.00"}, "missing_lines": [], "excluded_lines": [214, 215], "start_line": 1, "executed_branches": [], "missing_branches": []}}, "classes": {"": {"executed_lines": [24, 26, 27, 28, 29, 30, 31, 33, 34, 35, 40, 41, 44, 45, 46, 47, 49, 50, 51, 52, 55, 56, 58, 61, 62, 65, 66, 67, 70, 71, 72, 73, 74, 75, 76, 77, 78, 79, 80, 81, 82, 83, 84, 85, 88, 91, 92, 94, 95, 96, 97, 98, 99, 100, 101, 103, 104, 105, 106, 108, 109, 111, 112, 113, 115, 116, 117, 118, 119, 121, 124, 125, 126, 129, 131, 132, 133, 134, 136, 137, 139, 140, 141, 142, 143, 144, 145, 146, 147, 148, 149, 151, 152, 153, 154, 155, 157, 158, 159, 163, 164, 165, 166, 167, 168, 169, 170, 171, 172, 174, 175, 176, 178, 179, 180, 182, 185, 186, 187, 188, 189, 190, 191, 192, 195, 196, 197, 198, 199, 200, 201, 202, 204, 205, 206, 207, 208, 210, 211], "summary": {"covered_lines": 139, "num_statements": 139, "percent_covered": 100.0, "percent_covered_display": "100.00", "missing_lines": 0, "excluded_lines": 2, "percent_statements_covered": 100.0, "percent_statements_covered_display": "100.00", "num_branches": 68, "num_partial_branches": 0, "covered_branches": 68, "missing_branches": 0, "percent_branches_covered": 100.0, "percent_branches_covered_display": "100.00"}, "missing_lines": [], "excluded_lines": [214, 215], "start_line": 1, "executed_branches": [[46, 47], [46, 49], [50, 51], [50, 52], [73, 74], [73, 85], [78, 79], [78, 80], [81, 82], [81, 83], [83, 73], [83, 84], [91, 92], [91, 94], [95, 96], [95, 103], [98, 99], [98, 100], [100, 95], [100, 101], [108, 109], [108, 111], [112, 113], [112, 115], [116, 117], [116, 121], [117, 118], [117, 121], [118, 117], [118, 119], [139, 140], [139, 182], [141, 142], [141, 144], [145, 146], [145, 180], [147, 148], [147, 151], [152, 153], [152, 178], [154, 155], [154, 157], [158, 159], [158, 163], [165, 166], [165, 168], [169, 170], [169, 172], [170, 169], [170, 171], [186, -185], [186, 187], [187, 188], [187, 189], [189, 186], [189, 190], [190, 191], [190, 192], [197, 198], [197, 204], [199, 197], [199, 200], [201, 197], [201, 202], [204, 205], [204, 210], [207, 208], [207, 211]], "missing_branches": []}}}, "scripts/build_autofix_pr_comment.py": {"executed_lines": [3, 5, 6, 7, 8, 9, 10, 12, 15, 16, 17, 18, 19, 20, 21, 24, 25, 26, 27, 28, 29, 30, 31, 32, 33, 34, 35, 38, 39, 40, 41, 42, 45, 46, 47, 48, 49, 50, 51, 52, 55, 56, 57, 58, 61, 64, 65, 66, 67, 68, 69, 70, 71, 74, 75, 76, 77, 78, 79, 80, 83, 84, 85, 86, 87, 88, 89, 90, 91, 94, 101, 102, 103, 105, 111, 112, 113, 115, 116, 118, 119, 120, 121, 123, 124, 126, 127, 129, 130, 132, 133, 136, 137, 138, 139, 140, 141, 142, 143, 145, 151, 152, 153], "summary": {"covered_lines": 103, "num_statements": 105, "percent_covered": 97.03703703703704, "percent_covered_display": "97.04", "missing_lines": 2, "excluded_lines": 2, "percent_statements_covered": 98.0952380952381, "percent_statements_covered_display": "98.10", "num_branches": 30, "num_partial_branches": 2, "covered_branches": 28, "missing_branches": 2, "percent_branches_covered": 93.33333333333333, "percent_branches_covered_display": "93.33"}, "missing_lines": [59, 60], "excluded_lines": [156, 157], "executed_branches": [[25, 26], [25, 27], [27, 28], [27, 33], [29, 30], [29, 31], [31, 32], [33, 34], [33, 35], [46, 47], [46, 48], [56, 57], [56, 58], [58, 61], [65, 66], [65, 67], [68, 69], [68, 71], [75, 76], [75, 77], [78, 79], [78, 80], [87, 88], [87, 89], [89, 90], [89, 91], [129, 130], [129, 132]], "missing_branches": [[31, 33], [58, 59]], "functions": {"load_json": {"executed_lines": [16, 17, 18, 19, 20, 21], "summary": {"covered_lines": 6, "num_statements": 6, "percent_covered": 100.0, "percent_covered_display": "100.00", "missing_lines": 0, "excluded_lines": 0, "percent_statements_covered": 100.0, "percent_statements_covered_display": "100.00", "num_branches": 0, "num_partial_branches": 0, "covered_branches": 0, "missing_branches": 0, "percent_branches_covered": 100.0, "percent_branches_covered_display": "100.00"}, "missing_lines": [], "excluded_lines": [], "start_line": 15, "executed_branches": [], "missing_branches": []}, "coerce_bool": {"executed_lines": [25, 26, 27, 28, 29, 30, 31, 32, 33, 34, 35], "summary": {"covered_lines": 11, "num_statements": 11, "percent_covered": 95.23809523809524, "percent_covered_display": "95.24", "missing_lines": 0, "excluded_lines": 0, "percent_statements_covered": 100.0, "percent_statements_covered_display": "100.00", "num_branches": 10, "num_partial_branches": 1, "covered_branches": 9, "missing_branches": 1, "percent_branches_covered": 90.0, "percent_branches_covered_display": "90.00"}, "missing_lines": [], "excluded_lines": [], "start_line": 24, "executed_branches": [[25, 26], [25, 27], [27, 28], [27, 33], [29, 30], [29, 31], [31, 32], [33, 34], [33, 35]], "missing_branches": [[31, 33]]}, "coerce_int": {"executed_lines": [39, 40, 41, 42], "summary": {"covered_lines": 4, "num_statements": 4, "percent_covered": 100.0, "percent_covered_display": "100.00", "missing_lines": 0, "excluded_lines": 0, "percent_statements_covered": 100.0, "percent_statements_covered_display": "100.00", "num_branches": 0, "num_partial_branches": 0, "covered_branches": 0, "missing_branches": 0, "percent_branches_covered": 100.0, "percent_branches_covered_display": "100.00"}, "missing_lines": [], "excluded_lines": [], "start_line": 38, "executed_branches": [], "missing_branches": []}, "format_timestamp": {"executed_lines": [46, 47, 48, 49, 50, 51, 52], "summary": {"covered_lines": 7, "num_statements": 7, "percent_covered": 100.0, "percent_covered_display": "100.00", "missing_lines": 0, "excluded_lines": 0, "percent_statements_covered": 100.0, "percent_statements_covered_display": "100.00", "num_branches": 2, "num_partial_branches": 0, "covered_branches": 2, "missing_branches": 0, "percent_branches_covered": 100.0, "percent_branches_covered_display": "100.00"}, "missing_lines": [], "excluded_lines": [], "start_line": 45, "executed_branches": [[46, 47], [46, 48]], "missing_branches": []}, "format_spark": {"executed_lines": [56, 57, 58, 61], "summary": {"covered_lines": 4, "num_statements": 6, "percent_covered": 70.0, "percent_covered_display": "70.00", "missing_lines": 2, "excluded_lines": 0, "percent_statements_covered": 66.66666666666667, "percent_statements_covered_display": "66.67", "num_branches": 4, "num_partial_branches": 1, "covered_branches": 3, "missing_branches": 1, "percent_branches_covered": 75.0, "percent_branches_covered_display": "75.00"}, "missing_lines": [59, 60], "excluded_lines": [], "start_line": 55, "executed_branches": [[56, 57], [56, 58], [58, 61]], "missing_branches": [[58, 59]]}, "_top_code_lines": {"executed_lines": [65, 66, 67, 68, 69, 70, 71], "summary": {"covered_lines": 7, "num_statements": 7, "percent_covered": 100.0, "percent_covered_display": "100.00", "missing_lines": 0, "excluded_lines": 0, "percent_statements_covered": 100.0, "percent_statements_covered_display": "100.00", "num_branches": 4, "num_partial_branches": 0, "covered_branches": 4, "missing_branches": 0, "percent_branches_covered": 100.0, "percent_branches_covered_display": "100.00"}, "missing_lines": [], "excluded_lines": [], "start_line": 64, "executed_branches": [[65, 66], [65, 67], [68, 69], [68, 71]], "missing_branches": []}, "_snapshot_code_lines": {"executed_lines": [75, 76, 77, 78, 79, 80], "summary": {"covered_lines": 6, "num_statements": 6, "percent_covered": 100.0, "percent_covered_display": "100.00", "missing_lines": 0, "excluded_lines": 0, "percent_statements_covered": 100.0, "percent_statements_covered_display": "100.00", "num_branches": 4, "num_partial_branches": 0, "covered_branches": 4, "missing_branches": 0, "percent_branches_covered": 100.0, "percent_branches_covered_display": "100.00"}, "missing_lines": [], "excluded_lines": [], "start_line": 74, "executed_branches": [[75, 76], [75, 77], [78, 79], [78, 80]], "missing_branches": []}, "_status_line": {"executed_lines": [84, 85, 86, 87, 88, 89, 90, 91], "summary": {"covered_lines": 8, "num_statements": 8, "percent_covered": 100.0, "percent_covered_display": "100.00", "missing_lines": 0, "excluded_lines": 0, "percent_statements_covered": 100.0, "percent_statements_covered_display": "100.00", "num_branches": 4, "num_partial_branches": 0, "covered_branches": 4, "missing_branches": 0, "percent_branches_covered": 100.0, "percent_branches_covered_display": "100.00"}, "missing_lines": [], "excluded_lines": [], "start_line": 83, "executed_branches": [[87, 88], [87, 89], [89, 90], [89, 91]], "missing_branches": []}, "build_comment": {"executed_lines": [101, 102, 103, 105, 111, 112, 113, 115, 116, 118, 119, 120, 121, 123, 124, 126, 127, 129, 130, 132, 133], "summary": {"covered_lines": 21, "num_statements": 21, "percent_covered": 100.0, "percent_covered_display": "100.00", "missing_lines": 0, "excluded_lines": 0, "percent_statements_covered": 100.0, "percent_statements_covered_display": "100.00", "num_branches": 2, "num_partial_branches": 0, "covered_branches": 2, "missing_branches": 0, "percent_branches_covered": 100.0, "percent_branches_covered_display": "100.00"}, "missing_lines": [], "excluded_lines": [], "start_line": 94, "executed_branches": [[129, 130], [129, 132]], "missing_branches": []}, "main": {"executed_lines": [137, 138, 139, 140, 141, 142, 143, 145, 151, 152, 153], "summary": {"covered_lines": 11, "num_statements": 11, "percent_covered": 100.0, "percent_covered_display": "100.00", "missing_lines": 0, "excluded_lines": 0, "percent_statements_covered": 100.0, "percent_statements_covered_display": "100.00", "num_branches": 0, "num_partial_branches": 0, "covered_branches": 0, "missing_branches": 0, "percent_branches_covered": 100.0, "percent_branches_covered_display": "100.00"}, "missing_lines": [], "excluded_lines": [], "start_line": 136, "executed_branches": [], "missing_branches": []}, "": {"executed_lines": [3, 5, 6, 7, 8, 9, 10, 12, 15, 24, 38, 45, 55, 64, 74, 83, 94, 136], "summary": {"covered_lines": 18, "num_statements": 18, "percent_covered": 100.0, "percent_covered_display": "100.00", "missing_lines": 0, "excluded_lines": 2, "percent_statements_covered": 100.0, "percent_statements_covered_display": "100.00", "num_branches": 0, "num_partial_branches": 0, "covered_branches": 0, "missing_branches": 0, "percent_branches_covered": 100.0, "percent_branches_covered_display": "100.00"}, "missing_lines": [], "excluded_lines": [156, 157], "start_line": 1, "executed_branches": [], "missing_branches": []}}, "classes": {"": {"executed_lines": [3, 5, 6, 7, 8, 9, 10, 12, 15, 16, 17, 18, 19, 20, 21, 24, 25, 26, 27, 28, 29, 30, 31, 32, 33, 34, 35, 38, 39, 40, 41, 42, 45, 46, 47, 48, 49, 50, 51, 52, 55, 56, 57, 58, 61, 64, 65, 66, 67, 68, 69, 70, 71, 74, 75, 76, 77, 78, 79, 80, 83, 84, 85, 86, 87, 88, 89, 90, 91, 94, 101, 102, 103, 105, 111, 112, 113, 115, 116, 118, 119, 120, 121, 123, 124, 126, 127, 129, 130, 132, 133, 136, 137, 138, 139, 140, 141, 142, 143, 145, 151, 152, 153], "summary": {"covered_lines": 103, "num_statements": 105, "percent_covered": 97.03703703703704, "percent_covered_display": "97.04", "missing_lines": 2, "excluded_lines": 2, "percent_statements_covered": 98.0952380952381, "percent_statements_covered_display": "98.10", "num_branches": 30, "num_partial_branches": 2, "covered_branches": 28, "missing_branches": 2, "percent_branches_covered": 93.33333333333333, "percent_branches_covered_display": "93.33"}, "missing_lines": [59, 60], "excluded_lines": [156, 157], "start_line": 1, "executed_branches": [[25, 26], [25, 27], [27, 28], [27, 33], [29, 30], [29, 31], [31, 32], [33, 34], [33, 35], [46, 47], [46, 48], [56, 57], [56, 58], [58, 61], [65, 66], [65, 67], [68, 69], [68, 71], [75, 76], [75, 77], [78, 79], [78, 80], [87, 88], [87, 89], [89, 90], [89, 91], [129, 130], [129, 132]], "missing_branches": [[31, 33], [58, 59]]}}}, "scripts/ci_cosmetic_repair.py": {"executed_lines": [21, 23, 24, 25, 26, 27, 28, 29, 30, 31, 32, 34, 35, 36, 37, 38, 40, 45, 46, 47, 50, 52, 53, 54, 56, 57, 58, 61, 64, 68, 69, 72, 73, 74, 75, 76, 77, 78, 80, 83, 86, 89, 90, 91, 94, 97, 98, 106, 109, 112, 113, 114, 115, 116, 121, 122, 123, 126, 127, 128, 129, 130, 131, 132, 133, 134, 135, 137, 138, 139, 148, 149, 150, 151, 152, 161, 164, 165, 166, 167, 168, 170, 172, 173, 174, 175, 176, 178, 179, 180, 183, 184, 185, 186, 187, 188, 191, 192, 193, 194, 195, 196, 197, 198, 199, 200, 209, 212, 213, 214, 215, 216, 217, 220, 225, 226, 227, 228, 229, 230, 231, 232, 233, 234, 235, 236, 237, 238, 241, 242, 243, 244, 246, 247, 248, 249, 250, 251, 252, 255, 256, 257, 258, 259, 260, 261, 262, 263, 266, 267, 268, 269, 270, 271, 277, 278, 286, 287, 288, 291, 292, 299, 300, 303, 310, 311, 312, 313, 314, 315, 316, 319, 328, 329, 342, 343, 344, 345, 346, 347, 348, 349, 350, 353, 356, 357, 358, 368, 371, 372, 373, 374, 378, 381, 384, 385, 388, 401, 402, 403, 404, 407, 408, 414, 420, 421, 427, 433, 438, 441, 442, 443, 444, 445, 446, 447, 448, 449, 450, 451, 452, 460, 461, 462, 463, 464, 465, 466, 467, 477, 478, 479, 487, 488, 489, 490, 491, 500, 502, 503, 504, 505, 514, 516, 517, 518, 519, 521, 522, 532, 534, 540, 541, 542, 550, 562], "summary": {"covered_lines": 256, "num_statements": 256, "percent_covered": 99.71264367816092, "percent_covered_display": "99.71", "missing_lines": 0, "excluded_lines": 8, "percent_statements_covered": 100.0, "percent_statements_covered_display": "100.00", "num_branches": 92, "num_partial_branches": 1, "covered_branches": 91, "missing_branches": 1, "percent_branches_covered": 98.91304347826087, "percent_branches_covered_display": "98.91"}, "missing_lines": [], "excluded_lines": [117, 118, 181, 182, 284, 285, 565, 566], "executed_branches": [[54, 56], [54, 58], [90, 91], [90, 94], [114, 115], [114, 123], [128, 129], [128, 130], [131, 132], [131, 133], [134, 135], [134, 137], [137, 138], [137, 148], [148, 149], [148, 161], [150, 151], [150, 152], [165, 166], [165, 167], [167, 168], [167, 170], [173, 174], [173, 175], [175, 176], [175, 178], [178, 179], [178, 184], [184, 185], [184, 186], [186, 187], [186, 188], [196, 197], [196, 198], [199, 200], [199, 209], [214, 215], [214, 217], [227, 228], [227, 229], [233, 234], [233, 247], [234, 235], [234, 246], [237, 238], [237, 241], [242, 243], [242, 244], [247, 248], [247, 249], [249, 250], [249, 251], [257, 258], [257, 259], [260, 261], [260, 262], [268, 269], [268, 288], [270, 271], [270, 277], [286, 268], [286, 287], [342, 343], [342, 344], [346, 347], [346, 350], [348, 349], [357, 358], [357, 368], [444, 445], [444, 446], [448, 449], [448, 450], [450, 451], [450, 461], [461, 462], [461, 463], [465, 466], [465, 488], [466, 467], [466, 478], [488, 489], [488, 502], [489, 490], [489, 491], [503, 504], [503, 516], [518, 519], [518, 521], [521, 522], [521, 534]], "missing_branches": [[348, 346]], "functions": {"_discover_expectation_modules": {"executed_lines": [52, 53, 54, 56, 57, 58], "summary": {"covered_lines": 6, "num_statements": 6, "percent_covered": 100.0, "percent_covered_display": "100.00", "missing_lines": 0, "excluded_lines": 0, "percent_statements_covered": 100.0, "percent_statements_covered_display": "100.00", "num_branches": 2, "num_partial_branches": 0, "covered_branches": 2, "missing_branches": 0, "percent_branches_covered": 100.0, "percent_branches_covered_display": "100.00"}, "missing_lines": [], "excluded_lines": [], "start_line": 50, "executed_branches": [[54, 56], [54, 58]], "missing_branches": []}, "RepairInstruction.absolute_path": {"executed_lines": [83], "summary": {"covered_lines": 1, "num_statements": 1, "percent_covered": 100.0, "percent_covered_display": "100.00", "missing_lines": 0, "excluded_lines": 0, "percent_statements_covered": 100.0, "percent_statements_covered_display": "100.00", "num_branches": 0, "num_partial_branches": 0, "covered_branches": 0, "missing_branches": 0, "percent_branches_covered": 100.0, "percent_branches_covered_display": "100.00"}, "missing_lines": [], "excluded_lines": [], "start_line": 80, "executed_branches": [], "missing_branches": []}, "_run": {"executed_lines": [89, 90, 91, 94], "summary": {"covered_lines": 4, "num_statements": 4, "percent_covered": 100.0, "percent_covered_display": "100.00", "missing_lines": 0, "excluded_lines": 0, "percent_statements_covered": 100.0, "percent_statements_covered_display": "100.00", "num_branches": 2, "num_partial_branches": 0, "covered_branches": 2, "missing_branches": 0, "percent_branches_covered": 100.0, "percent_branches_covered_display": "100.00"}, "missing_lines": [], "excluded_lines": [], "start_line": 86, "executed_branches": [[90, 91], [90, 94]], "missing_branches": []}, "run_pytest": {"executed_lines": [98, 106], "summary": {"covered_lines": 2, "num_statements": 2, "percent_covered": 100.0, "percent_covered_display": "100.00", "missing_lines": 0, "excluded_lines": 0, "percent_statements_covered": 100.0, "percent_statements_covered_display": "100.00", "num_branches": 0, "num_partial_branches": 0, "covered_branches": 0, "missing_branches": 0, "percent_branches_covered": 100.0, "percent_branches_covered_display": "100.00"}, "missing_lines": [], "excluded_lines": [], "start_line": 97, "executed_branches": [], "missing_branches": []}, "parse_failure_message": {"executed_lines": [113, 114, 115, 116, 121, 122, 123], "summary": {"covered_lines": 7, "num_statements": 7, "percent_covered": 100.0, "percent_covered_display": "100.00", "missing_lines": 0, "excluded_lines": 2, "percent_statements_covered": 100.0, "percent_statements_covered_display": "100.00", "num_branches": 2, "num_partial_branches": 0, "covered_branches": 2, "missing_branches": 0, "percent_branches_covered": 100.0, "percent_branches_covered_display": "100.00"}, "missing_lines": [], "excluded_lines": [117, 118], "start_line": 112, "executed_branches": [[114, 115], [114, 123]], "missing_branches": []}, "build_instruction": {"executed_lines": [127, 128, 129, 130, 131, 132, 133, 134, 135, 137, 138, 139, 148, 149, 150, 151, 152, 161], "summary": {"covered_lines": 18, "num_statements": 18, "percent_covered": 100.0, "percent_covered_display": "100.00", "missing_lines": 0, "excluded_lines": 0, "percent_statements_covered": 100.0, "percent_statements_covered_display": "100.00", "num_branches": 12, "num_partial_branches": 0, "covered_branches": 12, "missing_branches": 0, "percent_branches_covered": 100.0, "percent_branches_covered_display": "100.00"}, "missing_lines": [], "excluded_lines": [], "start_line": 126, "executed_branches": [[128, 129], [128, 130], [131, 132], [131, 133], [134, 135], [134, 137], [137, 138], [137, 148], [148, 149], [148, 161], [150, 151], [150, 152]], "missing_branches": []}, "_format_value": {"executed_lines": [165, 166, 167, 168, 170, 172, 173, 174, 175, 176, 178, 179, 180, 183, 184, 185, 186, 187, 188], "summary": {"covered_lines": 19, "num_statements": 19, "percent_covered": 100.0, "percent_covered_display": "100.00", "missing_lines": 0, "excluded_lines": 2, "percent_statements_covered": 100.0, "percent_statements_covered_display": "100.00", "num_branches": 14, "num_partial_branches": 0, "covered_branches": 14, "missing_branches": 0, "percent_branches_covered": 100.0, "percent_branches_covered_display": "100.00"}, "missing_lines": [], "excluded_lines": [181, 182], "start_line": 164, "executed_branches": [[165, 166], [165, 167], [167, 168], [167, 170], [173, 174], [173, 175], [175, 176], [175, 178], [178, 179], [178, 184], [184, 185], [184, 186], [186, 187], [186, 188]], "missing_branches": []}, "load_failure_records": {"executed_lines": [192, 193, 194, 195, 196, 197, 198, 199, 200, 209], "summary": {"covered_lines": 10, "num_statements": 10, "percent_covered": 100.0, "percent_covered_display": "100.00", "missing_lines": 0, "excluded_lines": 0, "percent_statements_covered": 100.0, "percent_statements_covered_display": "100.00", "num_branches": 4, "num_partial_branches": 0, "covered_branches": 4, "missing_branches": 0, "percent_branches_covered": 100.0, "percent_branches_covered_display": "100.00"}, "missing_lines": [], "excluded_lines": [], "start_line": 191, "executed_branches": [[196, 197], [196, 198], [199, 200], [199, 209]], "missing_branches": []}, "collect_instructions": {"executed_lines": [213, 214, 215, 216, 217], "summary": {"covered_lines": 5, "num_statements": 5, "percent_covered": 100.0, "percent_covered_display": "100.00", "missing_lines": 0, "excluded_lines": 0, "percent_statements_covered": 100.0, "percent_statements_covered_display": "100.00", "num_branches": 2, "num_partial_branches": 0, "covered_branches": 2, "missing_branches": 0, "percent_branches_covered": 100.0, "percent_branches_covered_display": "100.00"}, "missing_lines": [], "excluded_lines": [], "start_line": 212, "executed_branches": [[214, 215], [214, 217]], "missing_branches": []}, "apply_tolerance_update": {"executed_lines": [226, 227, 228, 229, 230, 231, 232, 233, 234, 235, 236, 237, 238, 241, 242, 243, 244, 246, 247, 248, 249, 250, 251, 252], "summary": {"covered_lines": 24, "num_statements": 24, "percent_covered": 100.0, "percent_covered_display": "100.00", "missing_lines": 0, "excluded_lines": 0, "percent_statements_covered": 100.0, "percent_statements_covered_display": "100.00", "num_branches": 14, "num_partial_branches": 0, "covered_branches": 14, "missing_branches": 0, "percent_branches_covered": 100.0, "percent_branches_covered_display": "100.00"}, "missing_lines": [], "excluded_lines": [], "start_line": 225, "executed_branches": [[227, 228], [227, 229], [233, 234], [233, 247], [234, 235], [234, 246], [237, 238], [237, 241], [242, 243], [242, 244], [247, 248], [247, 249], [249, 250], [249, 251]], "missing_branches": []}, "apply_snapshot_update": {"executed_lines": [256, 257, 258, 259, 260, 261, 262, 263], "summary": {"covered_lines": 8, "num_statements": 8, "percent_covered": 100.0, "percent_covered_display": "100.00", "missing_lines": 0, "excluded_lines": 0, "percent_statements_covered": 100.0, "percent_statements_covered_display": "100.00", "num_branches": 4, "num_partial_branches": 0, "covered_branches": 4, "missing_branches": 0, "percent_branches_covered": 100.0, "percent_branches_covered_display": "100.00"}, "missing_lines": [], "excluded_lines": [], "start_line": 255, "executed_branches": [[257, 258], [257, 259], [260, 261], [260, 262]], "missing_branches": []}, "apply_instructions": {"executed_lines": [267, 268, 269, 270, 271, 277, 278, 286, 287, 288], "summary": {"covered_lines": 10, "num_statements": 10, "percent_covered": 100.0, "percent_covered_display": "100.00", "missing_lines": 0, "excluded_lines": 2, "percent_statements_covered": 100.0, "percent_statements_covered_display": "100.00", "num_branches": 6, "num_partial_branches": 0, "covered_branches": 6, "missing_branches": 0, "percent_branches_covered": 100.0, "percent_branches_covered_display": "100.00"}, "missing_lines": [], "excluded_lines": [284, 285], "start_line": 266, "executed_branches": [[268, 269], [268, 288], [270, 271], [270, 277], [286, 268], [286, 287]], "missing_branches": []}, "working_tree_changes": {"executed_lines": [292, 299, 300], "summary": {"covered_lines": 3, "num_statements": 3, "percent_covered": 100.0, "percent_covered_display": "100.00", "missing_lines": 0, "excluded_lines": 0, "percent_statements_covered": 100.0, "percent_statements_covered_display": "100.00", "num_branches": 0, "num_partial_branches": 0, "covered_branches": 0, "missing_branches": 0, "percent_branches_covered": 100.0, "percent_branches_covered_display": "100.00"}, "missing_lines": [], "excluded_lines": [], "start_line": 291, "executed_branches": [], "missing_branches": []}, "stage_and_commit": {"executed_lines": [310, 311, 312, 313, 314, 315, 316], "summary": {"covered_lines": 7, "num_statements": 7, "percent_covered": 100.0, "percent_covered_display": "100.00", "missing_lines": 0, "excluded_lines": 0, "percent_statements_covered": 100.0, "percent_statements_covered_display": "100.00", "num_branches": 0, "num_partial_branches": 0, "covered_branches": 0, "missing_branches": 0, "percent_branches_covered": 100.0, "percent_branches_covered_display": "100.00"}, "missing_lines": [], "excluded_lines": [], "start_line": 303, "executed_branches": [], "missing_branches": []}, "push_and_open_pr": {"executed_lines": [328, 329, 342, 343, 344, 345, 346, 347, 348, 349, 350], "summary": {"covered_lines": 11, "num_statements": 11, "percent_covered": 94.11764705882354, "percent_covered_display": "94.12", "missing_lines": 0, "excluded_lines": 0, "percent_statements_covered": 100.0, "percent_statements_covered_display": "100.00", "num_branches": 6, "num_partial_branches": 1, "covered_branches": 5, "missing_branches": 1, "percent_branches_covered": 83.33333333333333, "percent_branches_covered_display": "83.33"}, "missing_lines": [], "excluded_lines": [], "start_line": 319, "executed_branches": [[342, 343], [342, 344], [346, 347], [346, 350], [348, 349]], "missing_branches": [[348, 346]]}, "_serialise_instructions": {"executed_lines": [356, 357, 358, 368], "summary": {"covered_lines": 4, "num_statements": 4, "percent_covered": 100.0, "percent_covered_display": "100.00", "missing_lines": 0, "excluded_lines": 0, "percent_statements_covered": 100.0, "percent_statements_covered_display": "100.00", "num_branches": 2, "num_partial_branches": 0, "covered_branches": 2, "missing_branches": 0, "percent_branches_covered": 100.0, "percent_branches_covered_display": "100.00"}, "missing_lines": [], "excluded_lines": [], "start_line": 353, "executed_branches": [[357, 358], [357, 368]], "missing_branches": []}, "write_summary": {"executed_lines": [372, 373, 374, 378], "summary": {"covered_lines": 4, "num_statements": 4, "percent_covered": 100.0, "percent_covered_display": "100.00", "missing_lines": 0, "excluded_lines": 0, "percent_statements_covered": 100.0, "percent_statements_covered_display": "100.00", "num_branches": 0, "num_partial_branches": 0, "covered_branches": 0, "missing_branches": 0, "percent_branches_covered": 100.0, "percent_branches_covered_display": "100.00"}, "missing_lines": [], "excluded_lines": [], "start_line": 371, "executed_branches": [], "missing_branches": []}, "build_pr_body": {"executed_lines": [384, 385, 388], "summary": {"covered_lines": 3, "num_statements": 3, "percent_covered": 100.0, "percent_covered_display": "100.00", "missing_lines": 0, "excluded_lines": 0, "percent_statements_covered": 100.0, "percent_statements_covered_display": "100.00", "num_branches": 0, "num_partial_branches": 0, "covered_branches": 0, "missing_branches": 0, "percent_branches_covered": 100.0, "percent_branches_covered_display": "100.00"}, "missing_lines": [], "excluded_lines": [], "start_line": 381, "executed_branches": [], "missing_branches": []}, "parse_args": {"executed_lines": [402, 403, 404, 407, 408, 414, 420, 421, 427, 433, 438], "summary": {"covered_lines": 11, "num_statements": 11, "percent_covered": 100.0, "percent_covered_display": "100.00", "missing_lines": 0, "excluded_lines": 0, "percent_statements_covered": 100.0, "percent_statements_covered_display": "100.00", "num_branches": 0, "num_partial_branches": 0, "covered_branches": 0, "missing_branches": 0, "percent_branches_covered": 100.0, "percent_branches_covered_display": "100.00"}, "missing_lines": [], "excluded_lines": [], "start_line": 401, "executed_branches": [], "missing_branches": []}, "main": {"executed_lines": [442, 443, 444, 445, 446, 447, 448, 449, 450, 451, 452, 460, 461, 462, 463, 464, 465, 466, 467, 477, 478, 479, 487, 488, 489, 490, 491, 500, 502, 503, 504, 505, 514, 516, 517, 518, 519, 521, 522, 532, 534, 540, 541, 542, 550, 562], "summary": {"covered_lines": 46, "num_statements": 46, "percent_covered": 100.0, "percent_covered_display": "100.00", "missing_lines": 0, "excluded_lines": 0, "percent_statements_covered": 100.0, "percent_statements_covered_display": "100.00", "num_branches": 22, "num_partial_branches": 0, "covered_branches": 22, "missing_branches": 0, "percent_branches_covered": 100.0, "percent_branches_covered_display": "100.00"}, "missing_lines": [], "excluded_lines": [], "start_line": 441, "executed_branches": [[444, 445], [444, 446], [448, 449], [448, 450], [450, 451], [450, 461], [461, 462], [461, 463], [465, 466], [465, 488], [466, 467], [466, 478], [488, 489], [488, 502], [489, 490], [489, 491], [503, 504], [503, 516], [518, 519], [518, 521], [521, 522], [521, 534]], "missing_branches": []}, "": {"executed_lines": [21, 23, 24, 25, 26, 27, 28, 29, 30, 31, 32, 34, 35, 36, 37, 38, 40, 45, 46, 47, 50, 61, 64, 68, 69, 72, 73, 74, 75, 76, 77, 78, 80, 86, 97, 109, 112, 126, 164, 191, 212, 220, 225, 255, 266, 291, 303, 319, 353, 371, 381, 401, 441], "summary": {"covered_lines": 53, "num_statements": 53, "percent_covered": 100.0, "percent_covered_display": "100.00", "missing_lines": 0, "excluded_lines": 2, "percent_statements_covered": 100.0, "percent_statements_covered_display": "100.00", "num_branches": 0, "num_partial_branches": 0, "covered_branches": 0, "missing_branches": 0, "percent_branches_covered": 100.0, "percent_branches_covered_display": "100.00"}, "missing_lines": [], "excluded_lines": [565, 566], "start_line": 1, "executed_branches": [], "missing_branches": []}}, "classes": {"CosmeticRepairError": {"executed_lines": [], "summary": {"covered_lines": 0, "num_statements": 0, "percent_covered": 100.0, "percent_covered_display": "100.00", "missing_lines": 0, "excluded_lines": 0, "percent_statements_covered": 100.0, "percent_statements_covered_display": "100.00", "num_branches": 0, "num_partial_branches": 0, "covered_branches": 0, "missing_branches": 0, "percent_branches_covered": 100.0, "percent_branches_covered_display": "100.00"}, "missing_lines": [], "excluded_lines": [], "start_line": 64, "executed_branches": [], "missing_branches": []}, "RepairInstruction": {"executed_lines": [83], "summary": {"covered_lines": 1, "num_statements": 1, "percent_covered": 100.0, "percent_covered_display": "100.00", "missing_lines": 0, "excluded_lines": 0, "percent_statements_covered": 100.0, "percent_statements_covered_display": "100.00", "num_branches": 0, "num_partial_branches": 0, "covered_branches": 0, "missing_branches": 0, "percent_branches_covered": 100.0, "percent_branches_covered_display": "100.00"}, "missing_lines": [], "excluded_lines": [], "start_line": 69, "executed_branches": [], "missing_branches": []}, "": {"executed_lines": [21, 23, 24, 25, 26, 27, 28, 29, 30, 31, 32, 34, 35, 36, 37, 38, 40, 45, 46, 47, 50, 52, 53, 54, 56, 57, 58, 61, 64, 68, 69, 72, 73, 74, 75, 76, 77, 78, 80, 86, 89, 90, 91, 94, 97, 98, 106, 109, 112, 113, 114, 115, 116, 121, 122, 123, 126, 127, 128, 129, 130, 131, 132, 133, 134, 135, 137, 138, 139, 148, 149, 150, 151, 152, 161, 164, 165, 166, 167, 168, 170, 172, 173, 174, 175, 176, 178, 179, 180, 183, 184, 185, 186, 187, 188, 191, 192, 193, 194, 195, 196, 197, 198, 199, 200, 209, 212, 213, 214, 215, 216, 217, 220, 225, 226, 227, 228, 229, 230, 231, 232, 233, 234, 235, 236, 237, 238, 241, 242, 243, 244, 246, 247, 248, 249, 250, 251, 252, 255, 256, 257, 258, 259, 260, 261, 262, 263, 266, 267, 268, 269, 270, 271, 277, 278, 286, 287, 288, 291, 292, 299, 300, 303, 310, 311, 312, 313, 314, 315, 316, 319, 328, 329, 342, 343, 344, 345, 346, 347, 348, 349, 350, 353, 356, 357, 358, 368, 371, 372, 373, 374, 378, 381, 384, 385, 388, 401, 402, 403, 404, 407, 408, 414, 420, 421, 427, 433, 438, 441, 442, 443, 444, 445, 446, 447, 448, 449, 450, 451, 452, 460, 461, 462, 463, 464, 465, 466, 467, 477, 478, 479, 487, 488, 489, 490, 491, 500, 502, 503, 504, 505, 514, 516, 517, 518, 519, 521, 522, 532, 534, 540, 541, 542, 550, 562], "summary": {"covered_lines": 255, "num_statements": 255, "percent_covered": 99.71181556195965, "percent_covered_display": "99.71", "missing_lines": 0, "excluded_lines": 8, "percent_statements_covered": 100.0, "percent_statements_covered_display": "100.00", "num_branches": 92, "num_partial_branches": 1, "covered_branches": 91, "missing_branches": 1, "percent_branches_covered": 98.91304347826087, "percent_branches_covered_display": "98.91"}, "missing_lines": [], "excluded_lines": [117, 118, 181, 182, 284, 285, 565, 566], "start_line": 1, "executed_branches": [[54, 56], [54, 58], [90, 91], [90, 94], [114, 115], [114, 123], [128, 129], [128, 130], [131, 132], [131, 133], [134, 135], [134, 137], [137, 138], [137, 148], [148, 149], [148, 161], [150, 151], [150, 152], [165, 166], [165, 167], [167, 168], [167, 170], [173, 174], [173, 175], [175, 176], [175, 178], [178, 179], [178, 184], [184, 185], [184, 186], [186, 187], [186, 188], [196, 197], [196, 198], [199, 200], [199, 209], [214, 215], [214, 217], [227, 228], [227, 229], [233, 234], [233, 247], [234, 235], [234, 246], [237, 238], [237, 241], [242, 243], [242, 244], [247, 248], [247, 249], [249, 250], [249, 251], [257, 258], [257, 259], [260, 261], [260, 262], [268, 269], [268, 288], [270, 271], [270, 277], [286, 268], [286, 287], [342, 343], [342, 344], [346, 347], [346, 350], [348, 349], [357, 358], [357, 368], [444, 445], [444, 446], [448, 449], [448, 450], [450, 451], [450, 461], [461, 462], [461, 463], [465, 466], [465, 488], [466, 467], [466, 478], [488, 489], [488, 502], [489, 490], [489, 491], [503, 504], [503, 516], [518, 519], [518, 521], [521, 522], [521, 534]], "missing_branches": [[348, 346]]}}}, "scripts/ci_coverage_delta.py": {"executed_lines": [3, 5, 6, 7, 8, 9, 10, 11, 13, 14, 15, 16, 19, 20, 21, 22, 23, 28, 29, 30, 31, 34, 35, 36, 37, 38, 41, 42, 43, 44, 45, 50, 57, 58, 59, 61, 63, 64, 65, 66, 67, 68, 69, 71, 73, 83, 86, 87, 88, 89, 92, 93, 95, 96, 97, 98, 99, 101, 103, 104, 106], "summary": {"covered_lines": 61, "num_statements": 61, "percent_covered": 100.0, "percent_covered_display": "100.00", "missing_lines": 0, "excluded_lines": 8, "percent_statements_covered": 100.0, "percent_statements_covered_display": "100.00", "num_branches": 14, "num_partial_branches": 0, "covered_branches": 14, "missing_branches": 0, "percent_branches_covered": 100.0, "percent_branches_covered_display": "100.00"}, "missing_lines": [], "excluded_lines": [24, 25, 39, 40, 46, 47, 109, 110], "executed_branches": [[20, 21], [20, 22], [29, 30], [29, 31], [35, 36], [35, 37], [42, 43], [42, 44], [63, 64], [63, 65], [65, 66], [65, 67], [67, 68], [67, 71]], "missing_branches": [], "functions": {"_parse_float": {"executed_lines": [20, 21, 22, 23], "summary": {"covered_lines": 4, "num_statements": 4, "percent_covered": 100.0, "percent_covered_display": "100.00", "missing_lines": 0, "excluded_lines": 2, "percent_statements_covered": 100.0, "percent_statements_covered_display": "100.00", "num_branches": 2, "num_partial_branches": 0, "covered_branches": 2, "missing_branches": 0, "percent_branches_covered": 100.0, "percent_branches_covered_display": "100.00"}, "missing_lines": [], "excluded_lines": [24, 25], "start_line": 19, "executed_branches": [[20, 21], [20, 22]], "missing_branches": []}, "_truthy": {"executed_lines": [29, 30, 31], "summary": {"covered_lines": 3, "num_statements": 3, "percent_covered": 100.0, "percent_covered_display": "100.00", "missing_lines": 0, "excluded_lines": 0, "percent_statements_covered": 100.0, "percent_statements_covered_display": "100.00", "num_branches": 2, "num_partial_branches": 0, "covered_branches": 2, "missing_branches": 0, "percent_branches_covered": 100.0, "percent_branches_covered_display": "100.00"}, "missing_lines": [], "excluded_lines": [], "start_line": 28, "executed_branches": [[29, 30], [29, 31]], "missing_branches": []}, "_extract_line_rate": {"executed_lines": [35, 36, 37, 38, 41, 42, 43, 44, 45], "summary": {"covered_lines": 9, "num_statements": 9, "percent_covered": 100.0, "percent_covered_display": "100.00", "missing_lines": 0, "excluded_lines": 4, "percent_statements_covered": 100.0, "percent_statements_covered_display": "100.00", "num_branches": 4, "num_partial_branches": 0, "covered_branches": 4, "missing_branches": 0, "percent_branches_covered": 100.0, "percent_branches_covered_display": "100.00"}, "missing_lines": [], "excluded_lines": [39, 40, 46, 47], "start_line": 34, "executed_branches": [[35, 36], [35, 37], [42, 43], [42, 44]], "missing_branches": []}, "_build_payload": {"executed_lines": [57, 58, 59, 61, 63, 64, 65, 66, 67, 68, 69, 71, 73, 83], "summary": {"covered_lines": 14, "num_statements": 14, "percent_covered": 100.0, "percent_covered_display": "100.00", "missing_lines": 0, "excluded_lines": 0, "percent_statements_covered": 100.0, "percent_statements_covered_display": "100.00", "num_branches": 6, "num_partial_branches": 0, "covered_branches": 6, "missing_branches": 0, "percent_branches_covered": 100.0, "percent_branches_covered_display": "100.00"}, "missing_lines": [], "excluded_lines": [], "start_line": 50, "executed_branches": [[63, 64], [63, 65], [65, 66], [65, 67], [67, 68], [67, 71]], "missing_branches": []}, "main": {"executed_lines": [87, 88, 89, 92, 93, 95, 96, 97, 98, 99, 101, 103, 104, 106], "summary": {"covered_lines": 14, "num_statements": 14, "percent_covered": 100.0, "percent_covered_display": "100.00", "missing_lines": 0, "excluded_lines": 0, "percent_statements_covered": 100.0, "percent_statements_covered_display": "100.00", "num_branches": 0, "num_partial_branches": 0, "covered_branches": 0, "missing_branches": 0, "percent_branches_covered": 100.0, "percent_branches_covered_display": "100.00"}, "missing_lines": [], "excluded_lines": [], "start_line": 86, "executed_branches": [], "missing_branches": []}, "": {"executed_lines": [3, 5, 6, 7, 8, 9, 10, 11, 13, 14, 15, 16, 19, 28, 34, 50, 86], "summary": {"covered_lines": 17, "num_statements": 17, "percent_covered": 100.0, "percent_covered_display": "100.00", "missing_lines": 0, "excluded_lines": 2, "percent_statements_covered": 100.0, "percent_statements_covered_display": "100.00", "num_branches": 0, "num_partial_branches": 0, "covered_branches": 0, "missing_branches": 0, "percent_branches_covered": 100.0, "percent_branches_covered_display": "100.00"}, "missing_lines": [], "excluded_lines": [109, 110], "start_line": 1, "executed_branches": [], "missing_branches": []}}, "classes": {"": {"executed_lines": [3, 5, 6, 7, 8, 9, 10, 11, 13, 14, 15, 16, 19, 20, 21, 22, 23, 28, 29, 30, 31, 34, 35, 36, 37, 38, 41, 42, 43, 44, 45, 50, 57, 58, 59, 61, 63, 64, 65, 66, 67, 68, 69, 71, 73, 83, 86, 87, 88, 89, 92, 93, 95, 96, 97, 98, 99, 101, 103, 104, 106], "summary": {"covered_lines": 61, "num_statements": 61, "percent_covered": 100.0, "percent_covered_display": "100.00", "missing_lines": 0, "excluded_lines": 8, "percent_statements_covered": 100.0, "percent_statements_covered_display": "100.00", "num_branches": 14, "num_partial_branches": 0, "covered_branches": 14, "missing_branches": 0, "percent_branches_covered": 100.0, "percent_branches_covered_display": "100.00"}, "missing_lines": [], "excluded_lines": [24, 25, 39, 40, 46, 47, 109, 110], "start_line": 1, "executed_branches": [[20, 21], [20, 22], [29, 30], [29, 31], [35, 36], [35, 37], [42, 43], [42, 44], [63, 64], [63, 65], [65, 66], [65, 67], [67, 68], [67, 71]], "missing_branches": []}}}, "scripts/ci_failure_analyzer.py": {"executed_lines": [7, 8, 9, 10, 11, 12, 15, 23, 30, 39, 40, 42, 43, 45, 46, 47, 48, 49, 50, 51, 52, 53, 56, 65, 67, 68, 69, 71, 72, 73, 76, 77, 78, 79, 81, 84, 93, 94, 95, 96, 97, 99, 102, 118, 120, 121, 122, 124, 125, 127, 128, 130, 131, 132, 133, 135, 136, 137, 138, 139, 140, 142, 143, 145, 148, 161, 162, 164, 165, 167, 168, 169, 170, 171, 172, 173, 175, 176, 177, 178, 179, 180, 182, 183, 184, 185, 186, 187, 189, 190, 191, 192, 193, 196, 209, 210, 212, 213, 214, 215, 216, 217, 218, 219, 220, 221, 222, 224], "summary": {"covered_lines": 108, "num_statements": 108, "percent_covered": 99.39759036144578, "percent_covered_display": "99.40", "missing_lines": 0, "excluded_lines": 0, "percent_statements_covered": 100.0, "percent_statements_covered_display": "100.00", "num_branches": 58, "num_partial_branches": 1, "covered_branches": 57, "missing_branches": 1, "percent_branches_covered": 98.27586206896552, "percent_branches_covered_display": "98.28"}, "missing_lines": [], "excluded_lines": [], "executed_branches": [[42, 43], [42, 45], [46, 47], [46, 53], [48, 49], [67, 68], [67, 71], [68, 67], [68, 69], [71, 72], [71, 76], [72, 71], [72, 73], [76, 77], [76, 78], [78, 79], [78, 81], [94, 95], [94, 99], [120, 121], [120, 135], [124, 125], [124, 127], [127, 128], [127, 130], [130, 131], [130, 132], [132, 120], [132, 133], [136, 137], [136, 145], [138, 139], [138, 140], [142, 136], [142, 143], [161, 162], [161, 164], [167, 168], [167, 182], [171, 172], [171, 173], [175, 176], [175, 180], [178, 179], [178, 180], [185, 186], [185, 187], [189, 190], [189, 193], [191, 192], [191, 193], [213, 214], [213, 224], [215, 216], [215, 217], [219, 213], [219, 220]], "missing_branches": [[48, 46]], "functions": {"load_failure_logs": {"executed_lines": [39, 40, 42, 43, 45, 46, 47, 48, 49, 50, 51, 52, 53], "summary": {"covered_lines": 13, "num_statements": 13, "percent_covered": 94.73684210526316, "percent_covered_display": "94.74", "missing_lines": 0, "excluded_lines": 0, "percent_statements_covered": 100.0, "percent_statements_covered_display": "100.00", "num_branches": 6, "num_partial_branches": 1, "covered_branches": 5, "missing_branches": 1, "percent_branches_covered": 83.33333333333333, "percent_branches_covered_display": "83.33"}, "missing_lines": [], "excluded_lines": [], "start_line": 30, "executed_branches": [[42, 43], [42, 45], [46, 47], [46, 53], [48, 49]], "missing_branches": [[48, 46]]}, "classify_failure": {"executed_lines": [65, 67, 68, 69, 71, 72, 73, 76, 77, 78, 79, 81], "summary": {"covered_lines": 12, "num_statements": 12, "percent_covered": 100.0, "percent_covered_display": "100.00", "missing_lines": 0, "excluded_lines": 0, "percent_statements_covered": 100.0, "percent_statements_covered_display": "100.00", "num_branches": 12, "num_partial_branches": 0, "covered_branches": 12, "missing_branches": 0, "percent_branches_covered": 100.0, "percent_branches_covered_display": "100.00"}, "missing_lines": [], "excluded_lines": [], "start_line": 56, "executed_branches": [[67, 68], [67, 71], [68, 67], [68, 69], [71, 72], [71, 76], [72, 71], [72, 73], [76, 77], [76, 78], [78, 79], [78, 81]], "missing_branches": []}, "aggregate_failures": {"executed_lines": [93, 94, 95, 96, 97, 99], "summary": {"covered_lines": 6, "num_statements": 6, "percent_covered": 100.0, "percent_covered_display": "100.00", "missing_lines": 0, "excluded_lines": 0, "percent_statements_covered": 100.0, "percent_statements_covered_display": "100.00", "num_branches": 2, "num_partial_branches": 0, "covered_branches": 2, "missing_branches": 0, "percent_branches_covered": 100.0, "percent_branches_covered_display": "100.00"}, "missing_lines": [], "excluded_lines": [], "start_line": 84, "executed_branches": [[94, 95], [94, 99]], "missing_branches": []}, "identify_flaky_tests": {"executed_lines": [118, 120, 121, 122, 124, 125, 127, 128, 130, 131, 132, 133, 135, 136, 137, 138, 139, 140, 142, 143, 145], "summary": {"covered_lines": 21, "num_statements": 21, "percent_covered": 100.0, "percent_covered_display": "100.00", "missing_lines": 0, "excluded_lines": 0, "percent_statements_covered": 100.0, "percent_statements_covered_display": "100.00", "num_branches": 16, "num_partial_branches": 0, "covered_branches": 16, "missing_branches": 0, "percent_branches_covered": 100.0, "percent_branches_covered_display": "100.00"}, "missing_lines": [], "excluded_lines": [], "start_line": 102, "executed_branches": [[120, 121], [120, 135], [124, 125], [124, 127], [127, 128], [127, 130], [130, 131], [130, 132], [132, 120], [132, 133], [136, 137], [136, 145], [138, 139], [138, 140], [142, 136], [142, 143]], "missing_branches": []}, "generate_failure_report": {"executed_lines": [161, 162, 164, 165, 167, 168, 169, 170, 171, 172, 173, 175, 176, 177, 178, 179, 180, 182, 183, 184, 185, 186, 187, 189, 190, 191, 192, 193], "summary": {"covered_lines": 28, "num_statements": 28, "percent_covered": 100.0, "percent_covered_display": "100.00", "missing_lines": 0, "excluded_lines": 0, "percent_statements_covered": 100.0, "percent_statements_covered_display": "100.00", "num_branches": 16, "num_partial_branches": 0, "covered_branches": 16, "missing_branches": 0, "percent_branches_covered": 100.0, "percent_branches_covered_display": "100.00"}, "missing_lines": [], "excluded_lines": [], "start_line": 148, "executed_branches": [[161, 162], [161, 164], [167, 168], [167, 182], [171, 172], [171, 173], [175, 176], [175, 180], [178, 179], [178, 180], [185, 186], [185, 187], [189, 190], [189, 193], [191, 192], [191, 193]], "missing_branches": []}, "get_recent_failures": {"executed_lines": [209, 210, 212, 213, 214, 215, 216, 217, 218, 219, 220, 221, 222, 224], "summary": {"covered_lines": 14, "num_statements": 14, "percent_covered": 100.0, "percent_covered_display": "100.00", "missing_lines": 0, "excluded_lines": 0, "percent_statements_covered": 100.0, "percent_statements_covered_display": "100.00", "num_branches": 6, "num_partial_branches": 0, "covered_branches": 6, "missing_branches": 0, "percent_branches_covered": 100.0, "percent_branches_covered_display": "100.00"}, "missing_lines": [], "excluded_lines": [], "start_line": 196, "executed_branches": [[213, 214], [213, 224], [215, 216], [215, 217], [219, 213], [219, 220]], "missing_branches": []}, "": {"executed_lines": [7, 8, 9, 10, 11, 12, 15, 23, 30, 56, 84, 102, 148, 196], "summary": {"covered_lines": 14, "num_statements": 14, "percent_covered": 100.0, "percent_covered_display": "100.00", "missing_lines": 0, "excluded_lines": 0, "percent_statements_covered": 100.0, "percent_statements_covered_display": "100.00", "num_branches": 0, "num_partial_branches": 0, "covered_branches": 0, "missing_branches": 0, "percent_branches_covered": 100.0, "percent_branches_covered_display": "100.00"}, "missing_lines": [], "excluded_lines": [], "start_line": 1, "executed_branches": [], "missing_branches": []}}, "classes": {"": {"executed_lines": [7, 8, 9, 10, 11, 12, 15, 23, 30, 39, 40, 42, 43, 45, 46, 47, 48, 49, 50, 51, 52, 53, 56, 65, 67, 68, 69, 71, 72, 73, 76, 77, 78, 79, 81, 84, 93, 94, 95, 96, 97, 99, 102, 118, 120, 121, 122, 124, 125, 127, 128, 130, 131, 132, 133, 135, 136, 137, 138, 139, 140, 142, 143, 145, 148, 161, 162, 164, 165, 167, 168, 169, 170, 171, 172, 173, 175, 176, 177, 178, 179, 180, 182, 183, 184, 185, 186, 187, 189, 190, 191, 192, 193, 196, 209, 210, 212, 213, 214, 215, 216, 217, 218, 219, 220, 221, 222, 224], "summary": {"covered_lines": 108, "num_statements": 108, "percent_covered": 99.39759036144578, "percent_covered_display": "99.40", "missing_lines": 0, "excluded_lines": 0, "percent_statements_covered": 100.0, "percent_statements_covered_display": "100.00", "num_branches": 58, "num_partial_branches": 1, "covered_branches": 57, "missing_branches": 1, "percent_branches_covered": 98.27586206896552, "percent_branches_covered_display": "98.28"}, "missing_lines": [], "excluded_lines": [], "start_line": 1, "executed_branches": [[42, 43], [42, 45], [46, 47], [46, 53], [48, 49], [67, 68], [67, 71], [68, 67], [68, 69], [71, 72], [71, 76], [72, 71], [72, 73], [76, 77], [76, 78], [78, 79], [78, 81], [94, 95], [94, 99], [120, 121], [120, 135], [124, 125], [124, 127], [127, 128], [127, 130], [130, 131], [130, 132], [132, 120], [132, 133], [136, 137], [136, 145], [138, 139], [138, 140], [142, 136], [142, 143], [161, 162], [161, 164], [167, 168], [167, 182], [171, 172], [171, 173], [175, 176], [175, 180], [178, 179], [178, 180], [185, 186], [185, 187], [189, 190], [189, 193], [191, 192], [191, 193], [213, 214], [213, 224], [215, 216], [215, 217], [219, 213], [219, 220]], "missing_branches": [[48, 46]]}}}, "scripts/ci_history.py": {"executed_lines": [9, 11, 12, 13, 14, 15, 16, 17, 19, 20, 24, 25, 26, 27, 30, 31, 32, 33, 36, 37, 38, 39, 41, 42, 43, 44, 46, 47, 50, 57, 58, 59, 61, 67, 68, 69, 74, 75, 76, 77, 78, 79, 82, 83, 84, 85, 86, 101, 104, 105, 106, 107, 108, 109, 110, 111, 112, 114, 115, 116, 118, 119, 120, 121, 122, 124, 131, 132, 133, 134, 136, 137, 138, 141, 143, 144, 146], "summary": {"covered_lines": 77, "num_statements": 77, "percent_covered": 100.0, "percent_covered_display": "100.00", "missing_lines": 0, "excluded_lines": 4, "percent_statements_covered": 100.0, "percent_statements_covered_display": "100.00", "num_branches": 20, "num_partial_branches": 0, "covered_branches": 20, "missing_branches": 0, "percent_branches_covered": 100.0, "percent_branches_covered_display": "100.00"}, "missing_lines": [], "excluded_lines": [21, 22, 149, 150], "executed_branches": [[31, 32], [31, 33], [37, 38], [37, 46], [41, 42], [41, 46], [67, 68], [67, 69], [74, 75], [74, 76], [77, 78], [77, 79], [109, 110], [109, 111], [114, 115], [114, 118], [136, 137], [136, 143], [143, 144], [143, 146]], "missing_branches": [], "functions": {"_truthy": {"executed_lines": [31, 32, 33], "summary": {"covered_lines": 3, "num_statements": 3, "percent_covered": 100.0, "percent_covered_display": "100.00", "missing_lines": 0, "excluded_lines": 0, "percent_statements_covered": 100.0, "percent_statements_covered_display": "100.00", "num_branches": 2, "num_partial_branches": 0, "covered_branches": 2, "missing_branches": 0, "percent_branches_covered": 100.0, "percent_branches_covered_display": "100.00"}, "missing_lines": [], "excluded_lines": [], "start_line": 30, "executed_branches": [[31, 32], [31, 33]], "missing_branches": []}, "_load_metrics": {"executed_lines": [37, 38, 39, 41, 42, 43, 44, 46, 47], "summary": {"covered_lines": 9, "num_statements": 9, "percent_covered": 100.0, "percent_covered_display": "100.00", "missing_lines": 0, "excluded_lines": 0, "percent_statements_covered": 100.0, "percent_statements_covered_display": "100.00", "num_branches": 4, "num_partial_branches": 0, "covered_branches": 4, "missing_branches": 0, "percent_branches_covered": 100.0, "percent_branches_covered_display": "100.00"}, "missing_lines": [], "excluded_lines": [], "start_line": 36, "executed_branches": [[37, 38], [37, 46], [41, 42], [41, 46]], "missing_branches": []}, "_build_history_record": {"executed_lines": [57, 58, 59, 61, 67, 68, 69, 74, 75, 76, 77, 78, 79], "summary": {"covered_lines": 13, "num_statements": 13, "percent_covered": 100.0, "percent_covered_display": "100.00", "missing_lines": 0, "excluded_lines": 0, "percent_statements_covered": 100.0, "percent_statements_covered_display": "100.00", "num_branches": 6, "num_partial_branches": 0, "covered_branches": 6, "missing_branches": 0, "percent_branches_covered": 100.0, "percent_branches_covered_display": "100.00"}, "missing_lines": [], "excluded_lines": [], "start_line": 50, "executed_branches": [[67, 68], [67, 69], [74, 75], [74, 76], [77, 78], [77, 79]], "missing_branches": []}, "_build_classification_payload": {"executed_lines": [83, 84, 85, 86, 101], "summary": {"covered_lines": 5, "num_statements": 5, "percent_covered": 100.0, "percent_covered_display": "100.00", "missing_lines": 0, "excluded_lines": 0, "percent_statements_covered": 100.0, "percent_statements_covered_display": "100.00", "num_branches": 0, "num_partial_branches": 0, "covered_branches": 0, "missing_branches": 0, "percent_branches_covered": 100.0, "percent_branches_covered_display": "100.00"}, "missing_lines": [], "excluded_lines": [], "start_line": 82, "executed_branches": [], "missing_branches": []}, "main": {"executed_lines": [105, 106, 107, 108, 109, 110, 111, 112, 114, 115, 116, 118, 119, 120, 121, 122, 124, 131, 132, 133, 134, 136, 137, 138, 141, 143, 144, 146], "summary": {"covered_lines": 28, "num_statements": 28, "percent_covered": 100.0, "percent_covered_display": "100.00", "missing_lines": 0, "excluded_lines": 0, "percent_statements_covered": 100.0, "percent_statements_covered_display": "100.00", "num_branches": 8, "num_partial_branches": 0, "covered_branches": 8, "missing_branches": 0, "percent_branches_covered": 100.0, "percent_branches_covered_display": "100.00"}, "missing_lines": [], "excluded_lines": [], "start_line": 104, "executed_branches": [[109, 110], [109, 111], [114, 115], [114, 118], [136, 137], [136, 143], [143, 144], [143, 146]], "missing_branches": []}, "": {"executed_lines": [9, 11, 12, 13, 14, 15, 16, 17, 19, 20, 24, 25, 26, 27, 30, 36, 50, 82, 104], "summary": {"covered_lines": 19, "num_statements": 19, "percent_covered": 100.0, "percent_covered_display": "100.00", "missing_lines": 0, "excluded_lines": 4, "percent_statements_covered": 100.0, "percent_statements_covered_display": "100.00", "num_branches": 0, "num_partial_branches": 0, "covered_branches": 0, "missing_branches": 0, "percent_branches_covered": 100.0, "percent_branches_covered_display": "100.00"}, "missing_lines": [], "excluded_lines": [21, 22, 149, 150], "start_line": 1, "executed_branches": [], "missing_branches": []}}, "classes": {"": {"executed_lines": [9, 11, 12, 13, 14, 15, 16, 17, 19, 20, 24, 25, 26, 27, 30, 31, 32, 33, 36, 37, 38, 39, 41, 42, 43, 44, 46, 47, 50, 57, 58, 59, 61, 67, 68, 69, 74, 75, 76, 77, 78, 79, 82, 83, 84, 85, 86, 101, 104, 105, 106, 107, 108, 109, 110, 111, 112, 114, 115, 116, 118, 119, 120, 121, 122, 124, 131, 132, 133, 134, 136, 137, 138, 141, 143, 144, 146], "summary": {"covered_lines": 77, "num_statements": 77, "percent_covered": 100.0, "percent_covered_display": "100.00", "missing_lines": 0, "excluded_lines": 4, "percent_statements_covered": 100.0, "percent_statements_covered_display": "100.00", "num_branches": 20, "num_partial_branches": 0, "covered_branches": 20, "missing_branches": 0, "percent_branches_covered": 100.0, "percent_branches_covered_display": "100.00"}, "missing_lines": [], "excluded_lines": [21, 22, 149, 150], "start_line": 1, "executed_branches": [[31, 32], [31, 33], [37, 38], [37, 46], [41, 42], [41, 46], [67, 68], [67, 69], [74, 75], [74, 76], [77, 78], [77, 79], [109, 110], [109, 111], [114, 115], [114, 118], [136, 137], [136, 143], [143, 144], [143, 146]], "missing_branches": []}}}, "scripts/ci_metrics.py": {"executed_lines": [17, 19, 20, 21, 22, 23, 24, 25, 26, 27, 29, 30, 31, 32, 35, 37, 38, 39, 40, 43, 44, 45, 46, 47, 50, 51, 52, 55, 56, 57, 58, 59, 62, 63, 64, 67, 68, 69, 70, 71, 72, 73, 74, 75, 76, 79, 80, 81, 82, 85, 86, 87, 88, 89, 90, 91, 92, 93, 94, 96, 97, 98, 99, 101, 102, 103, 104, 105, 106, 107, 108, 110, 112, 124, 127, 128, 129, 130, 131, 132, 133, 134, 144, 145, 146, 147, 148, 149, 161, 164, 170, 171, 172, 173, 174, 175, 187, 193, 194, 196, 197, 201, 202, 203, 204, 206, 219, 222, 223, 224, 225, 226, 228, 229, 230, 231, 232, 234, 235, 236], "summary": {"covered_lines": 120, "num_statements": 120, "percent_covered": 100.0, "percent_covered_display": "100.00", "missing_lines": 0, "excluded_lines": 8, "percent_statements_covered": 100.0, "percent_statements_covered_display": "100.00", "num_branches": 26, "num_partial_branches": 0, "covered_branches": 26, "missing_branches": 0, "percent_branches_covered": 100.0, "percent_branches_covered_display": "100.00"}, "missing_lines": [], "excluded_lines": [48, 49, 60, 61, 198, 199, 239, 240], "executed_branches": [[38, 39], [38, 40], [44, 45], [44, 46], [50, 51], [50, 52], [56, 57], [56, 58], [62, 63], [62, 64], [80, 81], [80, 82], [87, 88], [87, 124], [101, 102], [101, 112], [103, 101], [103, 104], [146, 147], [146, 161], [147, 148], [147, 149], [170, 171], [170, 172], [193, 194], [193, 196]], "missing_branches": [], "functions": {"_tag_name": {"executed_lines": [37, 38, 39, 40], "summary": {"covered_lines": 4, "num_statements": 4, "percent_covered": 100.0, "percent_covered_display": "100.00", "missing_lines": 0, "excluded_lines": 0, "percent_statements_covered": 100.0, "percent_statements_covered_display": "100.00", "num_branches": 2, "num_partial_branches": 0, "covered_branches": 2, "missing_branches": 0, "percent_branches_covered": 100.0, "percent_branches_covered_display": "100.00"}, "missing_lines": [], "excluded_lines": [], "start_line": 35, "executed_branches": [[38, 39], [38, 40]], "missing_branches": []}, "_parse_int": {"executed_lines": [44, 45, 46, 47, 50, 51, 52], "summary": {"covered_lines": 7, "num_statements": 7, "percent_covered": 100.0, "percent_covered_display": "100.00", "missing_lines": 0, "excluded_lines": 2, "percent_statements_covered": 100.0, "percent_statements_covered_display": "100.00", "num_branches": 4, "num_partial_branches": 0, "covered_branches": 4, "missing_branches": 0, "percent_branches_covered": 100.0, "percent_branches_covered_display": "100.00"}, "missing_lines": [], "excluded_lines": [48, 49], "start_line": 43, "executed_branches": [[44, 45], [44, 46], [50, 51], [50, 52]], "missing_branches": []}, "_parse_float": {"executed_lines": [56, 57, 58, 59, 62, 63, 64], "summary": {"covered_lines": 7, "num_statements": 7
[...]
204, 205, 206, 207, 209, 210, 211, 212, 213, 214], "summary": {"covered_lines": 37, "num_statements": 37, "percent_covered": 100.0, "percent_covered_display": "100.00", "missing_lines": 0, "excluded_lines": 0, "percent_statements_covered": 100.0, "percent_statements_covered_display": "100.00", "num_branches": 26, "num_partial_branches": 0, "covered_branches": 26, "missing_branches": 0, "percent_branches_covered": 100.0, "percent_branches_covered_display": "100.00"}, "missing_lines": [], "excluded_lines": [], "start_line": 169, "executed_branches": [[171, 172], [171, 174], [177, 178], [177, 209], [182, 183], [182, 185], [188, 189], [188, 202], [191, 192], [191, 195], [192, 193], [192, 194], [195, 196], [195, 199], [196, 197], [196, 198], [199, 188], [199, 200], [202, 203], [202, 205], [205, 206], [205, 207], [210, 211], [210, 212], [212, 213], [212, 214]], "missing_branches": []}, "": {"executed_lines": [12, 14, 15, 16, 17, 18, 19, 22, 25, 26, 28, 29, 37, 59, 68, 86, 98, 125, 158, 169], "summary": {"covered_lines": 20, "num_statements": 20, "percent_covered": 100.0, "percent_covered_display": "100.00", "missing_lines": 0, "excluded_lines": 2, "percent_statements_covered": 100.0, "percent_statements_covered_display": "100.00", "num_branches": 0, "num_partial_branches": 0, "covered_branches": 0, "missing_branches": 0, "percent_branches_covered": 100.0, "percent_branches_covered_display": "100.00"}, "missing_lines": [], "excluded_lines": [217, 218], "start_line": 1, "executed_branches": [], "missing_branches": []}}, "classes": {"VersionConstraint": {"executed_lines": [31, 32, 33, 34, 35, 40, 41, 42, 44, 45, 46, 47, 48, 49, 50, 51, 52, 53, 54, 55, 56], "summary": {"covered_lines": 21, "num_statements": 21, "percent_covered": 100.0, "percent_covered_display": "100.00", "missing_lines": 0, "excluded_lines": 0, "percent_statements_covered": 100.0, "percent_statements_covered_display": "100.00", "num_branches": 14, "num_partial_branches": 0, "covered_branches": 14, "missing_branches": 0, "percent_branches_covered": 100.0, "percent_branches_covered_display": "100.00"}, "missing_lines": [], "excluded_lines": [], "start_line": 22, "executed_branches": [[32, 33], [32, 34], [44, 45], [44, 46], [46, 47], [46, 48], [48, 49], [48, 50], [50, 51], [50, 52], [52, 53], [52, 54], [54, 55], [54, 56]], "missing_branches": []}, "": {"executed_lines": [12, 14, 15, 16, 17, 18, 19, 22, 25, 26, 28, 29, 37, 59, 62, 63, 64, 65, 68, 70, 71, 72, 74, 75, 76, 77, 78, 79, 81, 82, 83, 86, 88, 89, 90, 91, 92, 93, 94, 95, 98, 106, 107, 110, 111, 112, 114, 115, 117, 118, 121, 122, 125, 127, 130, 131, 133, 134, 135, 136, 138, 141, 142, 144, 147, 148, 149, 150, 155, 158, 160, 161, 162, 164, 165, 166, 169, 171, 172, 174, 175, 177, 178, 179, 181, 182, 183, 185, 186, 188, 189, 190, 191, 192, 193, 194, 195, 196, 197, 198, 199, 200, 202, 203, 204, 205, 206, 207, 209, 210, 211, 212, 213, 214], "summary": {"covered_lines": 114, "num_statements": 114, "percent_covered": 99.4047619047619, "percent_covered_display": "99.40", "missing_lines": 0, "excluded_lines": 2, "percent_statements_covered": 100.0, "percent_statements_covered_display": "100.00", "num_branches": 54, "num_partial_branches": 1, "covered_branches": 53, "missing_branches": 1, "percent_branches_covered": 98.14814814814815, "percent_branches_covered_display": "98.15"}, "missing_lines": [], "excluded_lines": [217, 218], "start_line": 1, "executed_branches": [[63, 64], [63, 65], [71, 72], [71, 74], [74, 75], [74, 83], [76, 77], [76, 78], [78, 79], [111, 112], [111, 114], [117, 118], [117, 121], [130, 131], [130, 155], [133, 130], [133, 134], [135, 136], [135, 138], [141, 142], [141, 144], [147, 133], [147, 148], [149, 147], [149, 150], [161, 162], [161, 164], [171, 172], [171, 174], [177, 178], [177, 209], [182, 183], [182, 185], [188, 189], [188, 202], [191, 192], [191, 195], [192, 193], [192, 194], [195, 196], [195, 199], [196, 197], [196, 198], [199, 188], [199, 200], [202, 203], [202, 205], [205, 206], [205, 207], [210, 211], [210, 212], [212, 213], [212, 214]], "missing_branches": [[78, 74]]}}}, "scripts/workflow_health_check.py": {"executed_lines": [8, 9, 10, 11, 12, 15, 17, 18, 19, 20, 22, 23, 24, 25, 26, 27, 30, 32, 33, 35, 36, 39, 41, 43, 44, 45, 46, 47, 49, 51, 54, 56, 58, 59, 60, 61, 62, 63, 64, 65, 69, 72, 84, 86, 87, 89, 98, 102, 105], "summary": {"covered_lines": 49, "num_statements": 77, "percent_covered": 62.61682242990654, "percent_covered_display": "62.62", "missing_lines": 28, "excluded_lines": 2, "percent_statements_covered": 63.63636363636363, "percent_statements_covered_display": "63.64", "num_branches": 30, "num_partial_branches": 2, "covered_branches": 18, "missing_branches": 12, "percent_branches_covered": 60.0, "percent_branches_covered_display": "60.00"}, "missing_lines": [66, 68, 74, 75, 76, 77, 79, 80, 81, 99, 100, 107, 108, 110, 112, 113, 114, 115, 116, 117, 119, 120, 121, 122, 125, 126, 127, 128], "excluded_lines": [131, 132], "executed_branches": [[19, 20], [19, 22], [23, 24], [23, 27], [25, 26], [32, 33], [32, 35], [44, 45], [44, 51], [46, 47], [46, 49], [59, 60], [59, 69], [61, 59], [61, 62], [64, 59], [64, 65], [98, 102]], "missing_branches": [[25, 23], [74, 75], [74, 76], [76, 77], [76, 79], [98, 99], [119, 120], [119, 125], [121, 122], [121, 125], [126, -105], [126, 127]], "functions": {"load_workflow_runs": {"executed_lines": [17, 18, 19, 20, 22, 23, 24, 25, 26, 27], "summary": {"covered_lines": 10, "num_statements": 10, "percent_covered": 93.75, "percent_covered_display": "93.75", "missing_lines": 0, "excluded_lines": 0, "percent_statements_covered": 100.0, "percent_statements_covered_display": "100.00", "num_branches": 6, "num_partial_branches": 1, "covered_branches": 5, "missing_branches": 1, "percent_branches_covered": 83.33333333333333, "percent_branches_covered_display": "83.33"}, "missing_lines": [], "excluded_lines": [], "start_line": 15, "executed_branches": [[19, 20], [19, 22], [23, 24], [23, 27], [25, 26]], "missing_branches": [[25, 23]]}, "calculate_success_rate": {"executed_lines": [32, 33, 35, 36], "summary": {"covered_lines": 4, "num_statements": 4, "percent_covered": 100.0, "percent_covered_display": "100.00", "missing_lines": 0, "excluded_lines": 0, "percent_statements_covered": 100.0, "percent_statements_covered_display": "100.00", "num_branches": 2, "num_partial_branches": 0, "covered_branches": 2, "missing_branches": 0, "percent_branches_covered": 100.0, "percent_branches_covered_display": "100.00"}, "missing_lines": [], "excluded_lines": [], "start_line": 30, "executed_branches": [[32, 33], [32, 35]], "missing_branches": []}, "analyze_failure_patterns": {"executed_lines": [41, 43, 44, 45, 46, 47, 49, 51], "summary": {"covered_lines": 8, "num_statements": 8, "percent_covered": 100.0, "percent_covered_display": "100.00", "missing_lines": 0, "excluded_lines": 0, "percent_statements_covered": 100.0, "percent_statements_covered_display": "100.00", "num_branches": 4, "num_partial_branches": 0, "covered_branches": 4, "missing_branches": 0, "percent_branches_covered": 100.0, "percent_branches_covered_display": "100.00"}, "missing_lines": [], "excluded_lines": [], "start_line": 39, "executed_branches": [[44, 45], [44, 51], [46, 47], [46, 49]], "missing_branches": []}, "get_recent_runs": {"executed_lines": [56, 58, 59, 60, 61, 62, 63, 64, 65, 69], "summary": {"covered_lines": 10, "num_statements": 12, "percent_covered": 88.88888888888889, "percent_covered_display": "88.89", "missing_lines": 2, "excluded_lines": 0, "percent_statements_covered": 83.33333333333333, "percent_statements_covered_display": "83.33", "num_branches": 6, "num_partial_branches": 0, "covered_branches": 6, "missing_branches": 0, "percent_branches_covered": 100.0, "percent_branches_covered_display": "100.00"}, "missing_lines": [66, 68], "excluded_lines": [], "start_line": 54, "executed_branches": [[59, 60], [59, 69], [61, 59], [61, 62], [64, 59], [64, 65]], "missing_branches": []}, "format_duration": {"executed_lines": [], "summary": {"covered_lines": 0, "num_statements": 7, "percent_covered": 0.0, "percent_covered_display": "0.00", "missing_lines": 7, "excluded_lines": 0, "percent_statements_covered": 0.0, "percent_statements_covered_display": "0.00", "num_branches": 4, "num_partial_branches": 0, "covered_branches": 0, "missing_branches": 4, "percent_branches_covered": 0.0, "percent_branches_covered_display": "0.00"}, "missing_lines": [74, 75, 76, 77, 79, 80, 81], "excluded_lines": [], "start_line": 72, "executed_branches": [], "missing_branches": [[74, 75], [74, 76], [76, 77], [76, 79]]}, "generate_report": {"executed_lines": [86, 87, 89, 98, 102], "summary": {"covered_lines": 5, "num_statements": 7, "percent_covered": 66.66666666666667, "percent_covered_display": "66.67", "missing_lines": 2, "excluded_lines": 0, "percent_statements_covered": 71.42857142857143, "percent_statements_covered_display": "71.43", "num_branches": 2, "num_partial_branches": 1, "covered_branches": 1, "missing_branches": 1, "percent_branches_covered": 50.0, "percent_branches_covered_display": "50.00"}, "missing_lines": [99, 100], "excluded_lines": [], "start_line": 84, "executed_branches": [[98, 102]], "missing_branches": [[98, 99]]}, "main": {"executed_lines": [], "summary": {"covered_lines": 0, "num_statements": 17, "percent_covered": 0.0, "percent_covered_display": "0.00", "missing_lines": 17, "excluded_lines": 0, "percent_statements_covered": 0.0, "percent_statements_covered_display": "0.00", "num_branches": 6, "num_partial_branches": 0, "covered_branches": 0, "missing_branches": 6, "percent_branches_covered": 0.0, "percent_branches_covered_display": "0.00"}, "missing_lines": [107, 108, 110, 112, 113, 114, 115, 116, 117, 119, 120, 121, 122, 125, 126, 127, 128], "excluded_lines": [], "start_line": 105, "executed_branches": [], "missing_branches": [[119, 120], [119, 125], [121, 122], [121, 125], [126, -105], [126, 127]]}, "": {"executed_lines": [8, 9, 10, 11, 12, 15, 30, 39, 54, 72, 84, 105], "summary": {"covered_lines": 12, "num_statements": 12, "percent_covered": 100.0, "percent_covered_display": "100.00", "missing_lines": 0, "excluded_lines": 2, "percent_statements_covered": 100.0, "percent_statements_covered_display": "100.00", "num_branches": 0, "num_partial_branches": 0, "covered_branches": 0, "missing_branches": 0, "percent_branches_covered": 100.0, "percent_branches_covered_display": "100.00"}, "missing_lines": [], "excluded_lines": [131, 132], "start_line": 1, "executed_branches": [], "missing_branches": []}}, "classes": {"": {"executed_lines": [8, 9, 10, 11, 12, 15, 17, 18, 19, 20, 22, 23, 24, 25, 26, 27, 30, 32, 33, 35, 36, 39, 41, 43, 44, 45, 46, 47, 49, 51, 54, 56, 58, 59, 60, 61, 62, 63, 64, 65, 69, 72, 84, 86, 87, 89, 98, 102, 105], "summary": {"covered_lines": 49, "num_statements": 77, "percent_covered": 62.61682242990654, "percent_covered_display": "62.62", "missing_lines": 28, "excluded_lines": 2, "percent_statements_covered": 63.63636363636363, "percent_statements_covered_display": "63.64", "num_branches": 30, "num_partial_branches": 2, "covered_branches": 18, "missing_branches": 12, "percent_branches_covered": 60.0, "percent_branches_covered_display": "60.00"}, "missing_lines": [66, 68, 74, 75, 76, 77, 79, 80, 81, 99, 100, 107, 108, 110, 112, 113, 114, 115, 116, 117, 119, 120, 121, 122, 125, 126, 127, 128], "excluded_lines": [131, 132], "start_line": 1, "executed_branches": [[19, 20], [19, 22], [23, 24], [23, 27], [25, 26], [32, 33], [32, 35], [44, 45], [44, 51], [46, 47], [46, 49], [59, 60], [59, 69], [61, 59], [61, 62], [64, 59], [64, 65], [98, 102]], "missing_branches": [[25, 23], [74, 75], [74, 76], [76, 77], [76, 79], [98, 99], [119, 120], [119, 125], [121, 122], [121, 125], [126, -105], [126, 127]]}}}, "scripts/workflow_validator.py": {"executed_lines": [6, 7, 9, 12, 22, 31, 32, 33, 34, 35, 38, 47, 49, 50, 51, 52, 53, 54, 56, 57, 58, 62, 65, 74, 75, 77, 78, 79, 81, 84, 93, 94, 97, 104, 105, 106, 107, 109, 112, 121, 124, 125, 126, 127, 132, 133, 134, 135, 138, 141, 150, 158, 159, 163, 164, 165, 166, 168, 171, 180, 181, 183, 184, 186, 187, 189, 190, 192], "summary": {"covered_lines": 68, "num_statements": 72, "percent_covered": 93.26923076923077, "percent_covered_display": "93.27", "missing_lines": 4, "excluded_lines": 0, "percent_statements_covered": 94.44444444444444, "percent_statements_covered_display": "94.44", "num_branches": 32, "num_partial_branches": 3, "covered_branches": 29, "missing_branches": 3, "percent_branches_covered": 90.625, "percent_branches_covered_display": "90.62"}, "missing_lines": [129, 136, 160, 161], "excluded_lines": [], "executed_branches": [[50, 51], [50, 62], [52, 50], [52, 53], [56, 52], [56, 57], [57, 56], [57, 58], [77, 78], [77, 81], [78, 77], [78, 79], [104, 105], [104, 109], [106, 104], [106, 107], [125, 126], [125, 127], [127, 132], [133, 134], [133, 138], [135, 133], [159, 163], [183, 184], [183, 186], [186, 187], [186, 189], [189, 190], [189, 192]], "missing_branches": [[127, 129], [135, 136], [159, 160]], "functions": {"load_workflow": {"executed_lines": [31, 32, 33, 34, 35], "summary": {"covered_lines": 5, "num_statements": 5, "percent_covered": 100.0, "percent_covered_display": "100.00", "missing_lines": 0, "excluded_lines": 0, "percent_statements_covered": 100.0, "percent_statements_covered_display": "100.00", "num_branches": 0, "num_partial_branches": 0, "covered_branches": 0, "missing_branches": 0, "percent_branches_covered": 100.0, "percent_branches_covered_display": "100.00"}, "missing_lines": [], "excluded_lines": [], "start_line": 22, "executed_branches": [], "missing_branches": []}, "check_deprecated_actions": {"executed_lines": [47, 49, 50, 51, 52, 53, 54, 56, 57, 58, 62], "summary": {"covered_lines": 11, "num_statements": 11, "percent_covered": 100.0, "percent_covered_display": "100.00", "missing_lines": 0, "excluded_lines": 0, "percent_statements_covered": 100.0, "percent_statements_covered_display": "100.00", "num_branches": 8, "num_partial_branches": 0, "covered_branches": 8, "missing_branches": 0, "percent_branches_covered": 100.0, "percent_branches_covered_display": "100.00"}, "missing_lines": [], "excluded_lines": [], "start_line": 38, "executed_branches": [[50, 51], [50, 62], [52, 50], [52, 53], [56, 52], [56, 57], [57, 56], [57, 58]], "missing_branches": []}, "check_missing_timeout": {"executed_lines": [74, 75, 77, 78, 79, 81], "summary": {"covered_lines": 6, "num_statements": 6, "percent_covered": 100.0, "percent_covered_display": "100.00", "missing_lines": 0, "excluded_lines": 0, "percent_statements_covered": 100.0, "percent_statements_covered_display": "100.00", "num_branches": 4, "num_partial_branches": 0, "covered_branches": 4, "missing_branches": 0, "percent_branches_covered": 100.0, "percent_branches_covered_display": "100.00"}, "missing_lines": [], "excluded_lines": [], "start_line": 65, "executed_branches": [[77, 78], [77, 81], [78, 77], [78, 79]], "missing_branches": []}, "check_hardcoded_secrets": {"executed_lines": [93, 94, 97, 104, 105, 106, 107, 109], "summary": {"covered_lines": 8, "num_statements": 8, "percent_covered": 100.0, "percent_covered_display": "100.00", "missing_lines": 0, "excluded_lines": 0, "percent_statements_covered": 100.0, "percent_statements_covered_display": "100.00", "num_branches": 4, "num_partial_branches": 0, "covered_branches": 4, "missing_branches": 0, "percent_branches_covered": 100.0, "percent_branches_covered_display": "100.00"}, "missing_lines": [], "excluded_lines": [], "start_line": 84, "executed_branches": [[104, 105], [104, 109], [106, 104], [106, 107]], "missing_branches": []}, "check_permissions": {"executed_lines": [121, 124, 125, 126, 127, 132, 133, 134, 135, 138], "summary": {"covered_lines": 10, "num_statements": 12, "percent_covered": 80.0, "percent_covered_display": "80.00", "missing_lines": 2, "excluded_lines": 0, "percent_statements_covered": 83.33333333333333, "percent_statements_covered_display": "83.33", "num_branches": 8, "num_partial_branches": 2, "covered_branches": 6, "missing_branches": 2, "percent_branches_covered": 75.0, "percent_branches_covered_display": "75.00"}, "missing_lines": [129, 136], "excluded_lines": [], "start_line": 112, "executed_branches": [[125, 126], [125, 127], [127, 132], [133, 134], [133, 138], [135, 133]], "missing_branches": [[127, 129], [135, 136]]}, "validate_workflow": {"executed_lines": [150, 158, 159, 163, 164, 165, 166, 168], "summary": {"covered_lines": 8, "num_statements": 10, "percent_covered": 75.0, "percent_covered_display": "75.00", "missing_lines": 2, "excluded_lines": 0, "percent_statements_covered": 80.0, "percent_statements_covered_display": "80.00", "num_branches": 2, "num_partial_branches": 1, "covered_branches": 1, "missing_branches": 1, "percent_branches_covered": 50.0, "percent_branches_covered_display": "50.00"}, "missing_lines": [160, 161], "excluded_lines": [], "start_line": 141, "executed_branches": [[159, 163]], "missing_branches": [[159, 160]]}, "validate_all_workflows": {"executed_lines": [180, 181, 183, 184, 186, 187, 189, 190, 192], "summary": {"covered_lines": 9, "num_statements": 9, "percent_covered": 100.0, "percent_covered_display": "100.00", "missing_lines": 0, "excluded_lines": 0, "percent_statements_covered": 100.0, "percent_statements_covered_display": "100.00", "num_branches": 6, "num_partial_branches": 0, "covered_branches": 6, "missing_branches": 0, "percent_branches_covered": 100.0, "percent_branches_covered_display": "100.00"}, "missing_lines": [], "excluded_lines": [], "start_line": 171, "executed_branches": [[183, 184], [183, 186], [186, 187], [186, 189], [189, 190], [189, 192]], "missing_branches": []}, "": {"executed_lines": [6, 7, 9, 12, 22, 38, 65, 84, 112, 141, 171], "summary": {"covered_lines": 11, "num_statements": 11, "percent_covered": 100.0, "percent_covered_display": "100.00", "missing_lines": 0, "excluded_lines": 0, "percent_statements_covered": 100.0, "percent_statements_covered_display": "100.00", "num_branches": 0, "num_partial_branches": 0, "covered_branches": 0, "missing_branches": 0, "percent_branches_covered": 100.0, "percent_branches_covered_display": "100.00"}, "missing_lines": [], "excluded_lines": [], "start_line": 1, "executed_branches": [], "missing_branches": []}}, "classes": {"": {"executed_lines": [6, 7, 9, 12, 22, 31, 32, 33, 34, 35, 38, 47, 49, 50, 51, 52, 53, 54, 56, 57, 58, 62, 65, 74, 75, 77, 78, 79, 81, 84, 93, 94, 97, 104, 105, 106, 107, 109, 112, 121, 124, 125, 126, 127, 132, 133, 134, 135, 138, 141, 150, 158, 159, 163, 164, 165, 166, 168, 171, 180, 181, 183, 184, 186, 187, 189, 190, 192], "summary": {"covered_lines": 68, "num_statements": 72, "percent_covered": 93.26923076923077, "percent_covered_display": "93.27", "missing_lines": 4, "excluded_lines": 0, "percent_statements_covered": 94.44444444444444, "percent_statements_covered_display": "94.44", "num_branches": 32, "num_partial_branches": 3, "covered_branches": 29, "missing_branches": 3, "percent_branches_covered": 90.625, "percent_branches_covered_display": "90.62"}, "missing_lines": [129, 136, 160, 161], "excluded_lines": [], "start_line": 1, "executed_branches": [[50, 51], [50, 62], [52, 50], [52, 53], [56, 52], [56, 57], [57, 56], [57, 58], [77, 78], [77, 81], [78, 77], [78, 79], [104, 105], [104, 109], [106, 104], [106, 107], [125, 126], [125, 127], [127, 132], [133, 134], [133, 138], [135, 133], [159, 163], [183, 184], [183, 186], [186, 187], [186, 189], [189, 190], [189, 192]], "missing_branches": [[127, 129], [135, 136], [159, 160]]}}}}, "totals": {"covered_lines": 2631, "num_statements": 2798, "percent_covered": 92.20912352639672, "percent_covered_display": "92.21", "missing_lines": 167, "excluded_lines": 76, "percent_statements_covered": 94.03145103645461, "percent_statements_covered_display": "94.03", "num_branches": 1104, "num_partial_branches": 83, "covered_branches": 967, "missing_branches": 137, "percent_branches_covered": 87.59057971014492, "percent_branches_covered_display": "87.59"}}