{"meta": {"format": 3, "version": "7.13.3", "timestamp": "2026-02-09T15:07:20.198243", "branch_coverage": true, "show_contexts": false}, "files": {"src/__init__.py": {"executed_lines": [], "summary": {"covered_lines": 0, "num_statements": 0, "percent_covered": 100.0, "percent_covered_display": "100.00", "missing_lines": 0, "excluded_lines": 0, "percent_statements_covered": 100.0, "percent_statements_covered_display": "100.00", "num_branches": 0, "num_partial_branches": 0, "covered_branches": 0, "missing_branches": 0, "percent_branches_covered": 100.0, "percent_branches_covered_display": "100.00"}, "missing_lines": [], "excluded_lines": [], "executed_branches": [], "missing_branches": [], "functions": {"": {"executed_lines": [], "summary": {"covered_lines": 0, "num_statements": 0, "percent_covered": 100.0, "percent_covered_display": "100.00", "missing_lines": 0, "excluded_lines": 0, "percent_statements_covered": 100.0, "percent_statements_covered_display": "100.00", "num_branches": 0, "num_partial_branches": 0, "covered_branches": 0, "missing_branches": 0, "percent_branches_covered": 100.0, "percent_branches_covered_display": "100.00"}, "missing_lines": [], "excluded_lines": [], "start_line": 1, "executed_branches": [], "missing_branches": []}}, "classes": {"": {"executed_lines": [], "summary": {"covered_lines": 0, "num_statements": 0, "percent_covered": 100.0, "percent_covered_display": "100.00", "missing_lines": 0, "excluded_lines": 0, "percent_statements_covered": 100.0, "percent_statements_covered_display": "100.00", "num_branches": 0, "num_partial_branches": 0, "covered_branches": 0, "missing_branches": 0, "percent_branches_covered": 100.0, "percent_branches_covered_display": "100.00"}, "missing_lines": [], "excluded_lines": [], "start_line": 1, "executed_branches": [], "missing_branches": []}}}, "src/aggregator.py": {"executed_lines": [3, 5, 6, 8, 11, 12, 13, 14, 15, 16, 17, 18, 20, 21, 22, 23, 27, 28, 29, 30, 31, 32, 33, 34, 35, 38, 42, 43, 44, 45, 46, 47, 48, 49, 50, 53, 57, 58, 59, 60, 61, 62, 63, 64, 66, 67, 68, 69, 72, 77, 78, 79, 80, 81, 82, 83, 84, 85, 86, 87, 88, 89, 99], "summary": {"covered_lines": 63, "num_statements": 65, "percent_covered": 95.04950495049505, "percent_covered_display": "95.05", "missing_lines": 2, "excluded_lines": 0, "percent_statements_covered": 96.92307692307692, "percent_statements_covered_display": "96.92", "num_branches": 36, "num_partial_branches": 3, "covered_branches": 33, "missing_branches": 3, "percent_branches_covered": 91.66666666666667, "percent_branches_covered_display": "91.67"}, "missing_lines": [19, 24], "excluded_lines": [], "executed_branches": [[12, 13], [12, 14], [14, 15], [14, 16], [16, 17], [18, 20], [29, 30], [29, 35], [30, 29], [30, 31], [31, 32], [31, 33], [33, 30], [33, 34], [43, 44], [43, 50], [45, 46], [45, 49], [47, 45], [47, 48], [59, 60], [59, 69], [61, 62], [61, 67], [63, 64], [63, 66], [80, 81], [80, 99], [82, 80], [82, 83], [84, 85], [84, 88], [86, 87]], "missing_branches": [[16, 24], [18, 19], [86, 84]], "functions": {"as_number": {"executed_lines": [12, 13, 14, 15, 16, 17, 18, 20, 21, 22, 23], "summary": {"covered_lines": 11, "num_statements": 13, "percent_covered": 80.95238095238095, "percent_covered_display": "80.95", "missing_lines": 2, "excluded_lines": 0, "percent_statements_covered": 84.61538461538461, "percent_statements_covered_display": "84.62", "num_branches": 8, "num_partial_branches": 2, "covered_branches": 6, "missing_branches": 2, "percent_branches_covered": 75.0, "percent_branches_covered_display": "75.00"}, "missing_lines": [19, 24], "excluded_lines": [], "start_line": 11, "executed_branches": [[12, 13], [12, 14], [14, 15], [14, 16], [16, 17], [18, 20]], "missing_branches": [[16, 24], [18, 19]]}, "infer_numeric_fields": {"executed_lines": [28, 29, 30, 31, 32, 33, 34, 35], "summary": {"covered_lines": 8, "num_statements": 8, "percent_covered": 100.0, "percent_covered_display": "100.00", "missing_lines": 0, "excluded_lines": 0, "percent_statements_covered": 100.0, "percent_statements_covered_display": "100.00", "num_branches": 8, "num_partial_branches": 0, "covered_branches": 8, "missing_branches": 0, "percent_branches_covered": 100.0, "percent_branches_covered_display": "100.00"}, "missing_lines": [], "excluded_lines": [], "start_line": 27, "executed_branches": [[29, 30], [29, 35], [30, 29], [30, 31], [31, 32], [31, 33], [33, 30], [33, 34]], "missing_branches": []}, "aggregate_numeric_fields": {"executed_lines": [42, 43, 44, 45, 46, 47, 48, 49, 50], "summary": {"covered_lines": 9, "num_statements": 9, "percent_covered": 100.0, "percent_covered_display": "100.00", "missing_lines": 0, "excluded_lines": 0, "percent_statements_covered": 100.0, "percent_statements_covered_display": "100.00", "num_branches": 6, "num_partial_branches": 0, "covered_branches": 6, "missing_branches": 0, "percent_branches_covered": 100.0, "percent_branches_covered_display": "100.00"}, "missing_lines": [], "excluded_lines": [], "start_line": 38, "executed_branches": [[43, 44], [43, 50], [45, 46], [45, 49], [47, 45], [47, 48]], "missing_branches": []}, "group_entries": {"executed_lines": [57, 58, 59, 60, 61, 62, 63, 64, 66, 67, 68, 69], "summary": {"covered_lines": 12, "num_statements": 12, "percent_covered": 100.0, "percent_covered_display": "100.00", "missing_lines": 0, "excluded_lines": 0, "percent_statements_covered": 100.0, "percent_statements_covered_display": "100.00", "num_branches": 6, "num_partial_branches": 0, "covered_branches": 6, "missing_branches": 0, "percent_branches_covered": 100.0, "percent_branches_covered_display": "100.00"}, "missing_lines": [], "excluded_lines": [], "start_line": 53, "executed_branches": [[59, 60], [59, 69], [61, 62], [61, 67], [63, 64], [63, 66]], "missing_branches": []}, "build_grouped_aggregates": {"executed_lines": [77, 78, 79, 80, 81, 82, 83, 84, 85, 86, 87, 88, 89, 99], "summary": {"covered_lines": 14, "num_statements": 14, "percent_covered": 95.45454545454545, "percent_covered_display": "95.45", "missing_lines": 0, "excluded_lines": 0, "percent_statements_covered": 100.0, "percent_statements_covered_display": "100.00", "num_branches": 8, "num_partial_branches": 1, "covered_branches": 7, "missing_branches": 1, "percent_branches_covered": 87.5, "percent_branches_covered_display": "87.50"}, "missing_lines": [], "excluded_lines": [], "start_line": 72, "executed_branches": [[80, 81], [80, 99], [82, 80], [82, 83], [84, 85], [84, 88], [86, 87]], "missing_branches": [[86, 84]]}, "": {"executed_lines": [3, 5, 6, 8, 11, 27, 38, 53, 72], "summary": {"covered_lines": 9, "num_statements": 9, "percent_covered": 100.0, "percent_covered_display": "100.00", "missing_lines": 0, "excluded_lines": 0, "percent_statements_covered": 100.0, "percent_statements_covered_display": "100.00", "num_branches": 0, "num_partial_branches": 0, "covered_branches": 0, "missing_branches": 0, "percent_branches_covered": 100.0, "percent_branches_covered_display": "100.00"}, "missing_lines": [], "excluded_lines": [], "start_line": 1, "executed_branches": [], "missing_branches": []}}, "classes": {"": {"executed_lines": [3, 5, 6, 8, 11, 12, 13, 14, 15, 16, 17, 18, 20, 21, 22, 23, 27, 28, 29, 30, 31, 32, 33, 34, 35, 38, 42, 43, 44, 45, 46, 47, 48, 49, 50, 53, 57, 58, 59, 60, 61, 62, 63, 64, 66, 67, 68, 69, 72, 77, 78, 79, 80, 81, 82, 83, 84, 85, 86, 87, 88, 89, 99], "summary": {"covered_lines": 63, "num_statements": 65, "percent_covered": 95.04950495049505, "percent_covered_display": "95.05", "missing_lines": 2, "excluded_lines": 0, "percent_statements_covered": 96.92307692307692, "percent_statements_covered_display": "96.92", "num_branches": 36, "num_partial_branches": 3, "covered_branches": 33, "missing_branches": 3, "percent_branches_covered": 91.66666666666667, "percent_branches_covered_display": "91.67"}, "missing_lines": [19, 24], "excluded_lines": [], "start_line": 1, "executed_branches": [[12, 13], [12, 14], [14, 15], [14, 16], [16, 17], [18, 20], [29, 30], [29, 35], [30, 29], [30, 31], [31, 32], [31, 33], [33, 30], [33, 34], [43, 44], [43, 50], [45, 46], [45, 49], [47, 45], [47, 48], [59, 60], [59, 69], [61, 62], [61, 67], [63, 64], [63, 66], [80, 81], [80, 99], [82, 80], [82, 83], [84, 85], [84, 88], [86, 87]], "missing_branches": [[16, 24], [18, 19], [86, 84]]}}}, "src/cli_parser.py": {"executed_lines": [3, 5, 6, 9, 10, 11, 12, 18, 19, 20, 21, 22, 24, 27, 28, 34, 40, 41, 46, 52, 58, 64, 70, 76, 79, 80, 81, 83, 84, 86], "summary": {"covered_lines": 30, "num_statements": 34, "percent_covered": 81.81818181818181, "percent_covered_display": "81.82", "missing_lines": 4, "excluded_lines": 0, "percent_statements_covered": 88.23529411764706, "percent_statements_covered_display": "88.24", "num_branches": 10, "num_partial_branches": 2, "covered_branches": 6, "missing_branches": 4, "percent_branches_covered": 60.0, "percent_branches_covered_display": "60.00"}, "missing_lines": [13, 14, 15, 23], "excluded_lines": [], "executed_branches": [[11, 12], [20, 21], [20, 22], [22, 24], [83, 84], [83, 86]], "missing_branches": [[11, 13], [13, 14], [13, 15], [22, 23]], "functions": {"_existing_file": {"executed_lines": [10, 11, 12], "summary": {"covered_lines": 3, "num_statements": 6, "percent_covered": 40.0, "percent_covered_display": "40.00", "missing_lines": 3, "excluded_lines": 0, "percent_statements_covered": 50.0, "percent_statements_covered_display": "50.00", "num_branches": 4, "num_partial_branches": 1, "covered_branches": 1, "missing_branches": 3, "percent_branches_covered": 25.0, "percent_branches_covered_display": "25.00"}, "missing_lines": [13, 14, 15], "excluded_lines": [], "start_line": 9, "executed_branches": [[11, 12]], "missing_branches": [[11, 13], [13, 14], [13, 15]]}, "_existing_dir": {"executed_lines": [19, 20, 21, 22, 24], "summary": {"covered_lines": 5, "num_statements": 6, "percent_covered": 80.0, "percent_covered_display": "80.00", "missing_lines": 1, "excluded_lines": 0, "percent_statements_covered": 83.33333333333333, "percent_statements_covered_display": "83.33", "num_branches": 4, "num_partial_branches": 1, "covered_branches": 3, "missing_branches": 1, "percent_branches_covered": 75.0, "percent_branches_covered_display": "75.00"}, "missing_lines": [23], "excluded_lines": [], "start_line": 18, "executed_branches": [[20, 21], [20, 22], [22, 24]], "missing_branches": [[22, 23]]}, "build_parser": {"executed_lines": [28, 34, 40, 41, 46, 52, 58, 64, 70, 76], "summary": {"covered_lines": 10, "num_statements": 10, "percent_covered": 100.0, "percent_covered_display": "100.00", "missing_lines": 0, "excluded_lines": 0, "percent_statements_covered": 100.0, "percent_statements_covered_display": "100.00", "num_branches": 0, "num_partial_branches": 0, "covered_branches": 0, "missing_branches": 0, "percent_branches_covered": 100.0, "percent_branches_covered_display": "100.00"}, "missing_lines": [], "excluded_lines": [], "start_line": 27, "executed_branches": [], "missing_branches": []}, "parse_args": {"executed_lines": [80, 81, 83, 84, 86], "summary": {"covered_lines": 5, "num_statements": 5, "percent_covered": 100.0, "percent_covered_display": "100.00", "missing_lines": 0, "excluded_lines": 0, "percent_statements_covered": 100.0, "percent_statements_covered_display": "100.00", "num_branches": 2, "num_partial_branches": 0, "covered_branches": 2, "missing_branches": 0, "percent_branches_covered": 100.0, "percent_branches_covered_display": "100.00"}, "missing_lines": [], "excluded_lines": [], "start_line": 79, "executed_branches": [[83, 84], [83, 86]], "missing_branches": []}, "": {"executed_lines": [3, 5, 6, 9, 18, 27, 79], "summary": {"covered_lines": 7, "num_statements": 7, "percent_covered": 100.0, "percent_covered_display": "100.00", "missing_lines": 0, "excluded_lines": 0, "percent_statements_covered": 100.0, "percent_statements_covered_display": "100.00", "num_branches": 0, "num_partial_branches": 0, "covered_branches": 0, "missing_branches": 0, "percent_branches_covered": 100.0, "percent_branches_covered_display": "100.00"}, "missing_lines": [], "excluded_lines": [], "start_line": 1, "executed_branches": [], "missing_branches": []}}, "classes": {"": {"executed_lines": [3, 5, 6, 9, 10, 11, 12, 18, 19, 20, 21, 22, 24, 27, 28, 34, 40, 41, 46, 52, 58, 64, 70, 76, 79, 80, 81, 83, 84, 86], "summary": {"covered_lines": 30, "num_statements": 34, "percent_covered": 81.81818181818181, "percent_covered_display": "81.82", "missing_lines": 4, "excluded_lines": 0, "percent_statements_covered": 88.23529411764706, "percent_statements_covered_display": "88.24", "num_branches": 10, "num_partial_branches": 2, "covered_branches": 6, "missing_branches": 4, "percent_branches_covered": 60.0, "percent_branches_covered_display": "60.00"}, "missing_lines": [13, 14, 15, 23], "excluded_lines": [], "start_line": 1, "executed_branches": [[11, 12], [20, 21], [20, 22], [22, 24], [83, 84], [83, 86]], "missing_branches": [[11, 13], [13, 14], [13, 15], [22, 23]]}}}, "src/ndjson_parser.py": {"executed_lines": [3, 5, 6, 7, 8, 11, 17, 18, 19, 20, 21, 22, 23, 24, 25, 26, 27, 28, 29, 31, 32, 35, 37, 38, 39, 40, 41], "summary": {"covered_lines": 27, "num_statements": 27, "percent_covered": 100.0, "percent_covered_display": "100.00", "missing_lines": 0, "excluded_lines": 0, "percent_statements_covered": 100.0, "percent_statements_covered_display": "100.00", "num_branches": 6, "num_partial_branches": 0, "covered_branches": 6, "missing_branches": 0, "percent_branches_covered": 100.0, "percent_branches_covered_display": "100.00"}, "missing_lines": [], "excluded_lines": [], "executed_branches": [[19, 20], [19, 32], [21, 22], [21, 23], [28, 29], [28, 31]], "missing_branches": [], "functions": {"parse_ndjson_lines": {"executed_lines": [17, 18, 19, 20, 21, 22, 23, 24, 25, 26, 27, 28, 29, 31, 32], "summary": {"covered_lines": 15, "num_statements": 15, "percent_covered": 100.0, "percent_covered_display": "100.00", "missing_lines": 0, "excluded_lines": 0, "percent_statements_covered": 100.0, "percent_statements_covered_display": "100.00", "num_branches": 6, "num_partial_branches": 0, "covered_branches": 6, "missing_branches": 0, "percent_branches_covered": 100.0, "percent_branches_covered_display": "100.00"}, "missing_lines": [], "excluded_lines": [], "start_line": 11, "executed_branches": [[19, 20], [19, 32], [21, 22], [21, 23], [28, 29], [28, 31]], "missing_branches": []}, "read_ndjson_file": {"executed_lines": [37, 38, 39, 40, 41], "summary": {"covered_lines": 5, "num_statements": 5, "percent_covered": 100.0, "percent_covered_display": "100.00", "missing_lines": 0, "excluded_lines": 0, "percent_statements_covered": 100.0, "percent_statements_covered_display": "100.00", "num_branches": 0, "num_partial_branches": 0, "covered_branches": 0, "missing_branches": 0, "percent_branches_covered": 100.0, "percent_branches_covered_display": "100.00"}, "missing_lines": [], "excluded_lines": [], "start_line": 35, "executed_branches": [], "missing_branches": []}, "": {"executed_lines": [3, 5, 6, 7, 8, 11, 35], "summary": {"covered_lines": 7, "num_statements": 7, "percent_covered": 100.0, "percent_covered_display": "100.00", "missing_lines": 0, "excluded_lines": 0, "percent_statements_covered": 100.0, "percent_statements_covered_display": "100.00", "num_branches": 0, "num_partial_branches": 0, "covered_branches": 0, "missing_branches": 0, "percent_branches_covered": 100.0, "percent_branches_covered_display": "100.00"}, "missing_lines": [], "excluded_lines": [], "start_line": 1, "executed_branches": [], "missing_branches": []}}, "classes": {"": {"executed_lines": [3, 5, 6, 7, 8, 11, 17, 18, 19, 20, 21, 22, 23, 24, 25, 26, 27, 28, 29, 31, 32, 35, 37, 38, 39, 40, 41], "summary": {"covered_lines": 27, "num_statements": 27, "percent_covered": 100.0, "percent_covered_display": "100.00", "missing_lines": 0, "excluded_lines": 0, "percent_statements_covered": 100.0, "percent_statements_covered_display": "100.00", "num_branches": 6, "num_partial_branches": 0, "covered_branches": 6, "missing_branches": 0, "percent_branches_covered": 100.0, "percent_branches_covered_display": "100.00"}, "missing_lines": [], "excluded_lines": [], "start_line": 1, "executed_branches": [[19, 20], [19, 32], [21, 22], [21, 23], [28, 29], [28, 31]], "missing_branches": []}}}, "src/percentile_calculator.py": {"executed_lines": [14, 16, 17, 20, 22, 24, 25, 26, 27, 28, 29, 30, 31, 32, 33, 34, 35, 36, 37, 38, 41, 43, 44, 45, 46, 47, 48], "summary": {"covered_lines": 27, "num_statements": 28, "percent_covered": 95.0, "percent_covered_display": "95.00", "missing_lines": 1, "excluded_lines": 0, "percent_statements_covered": 96.42857142857143, "percent_statements_covered_display": "96.43", "num_branches": 12, "num_partial_branches": 1, "covered_branches": 11, "missing_branches": 1, "percent_branches_covered": 91.66666666666667, "percent_branches_covered_display": "91.67"}, "missing_lines": [23], "excluded_lines": [], "executed_branches": [[22, 24], [24, 25], [24, 26], [26, 27], [26, 28], [28, 29], [28, 30], [33, 34], [33, 35], [44, 45], [44, 46]], "missing_branches": [[22, 23]], "functions": {"percentile": {"executed_lines": [22, 24, 25, 26, 27, 28, 29, 30, 31, 32, 33, 34, 35, 36, 37, 38], "summary": {"covered_lines": 16, "num_statements": 17, "percent_covered": 92.5925925925926, "percent_covered_display": "92.59", "missing_lines": 1, "excluded_lines": 0, "percent_statements_covered": 94.11764705882354, "percent_statements_covered_display": "94.12", "num_branches": 10, "num_partial_branches": 1, "covered_branches": 9, "missing_branches": 1, "percent_branches_covered": 90.0, "percent_branches_covered_display": "90.00"}, "missing_lines": [23], "excluded_lines": [], "start_line": 20, "executed_branches": [[22, 24], [24, 25], [24, 26], [26, 27], [26, 28], [28, 29], [28, 30], [33, 34], [33, 35]], "missing_branches": [[22, 23]]}, "summarize_values": {"executed_lines": [43, 44, 45, 46, 47, 48], "summary": {"covered_lines": 6, "num_statements": 6, "percent_covered": 100.0, "percent_covered_display": "100.00", "missing_lines": 0, "excluded_lines": 0, "percent_statements_covered": 100.0, "percent_statements_covered_display": "100.00", "num_branches": 2, "num_partial_branches": 0, "covered_branches": 2, "missing_branches": 0, "percent_branches_covered": 100.0, "percent_branches_covered_display": "100.00"}, "missing_lines": [], "excluded_lines": [], "start_line": 41, "executed_branches": [[44, 45], [44, 46]], "missing_branches": []}, "": {"executed_lines": [14, 16, 17, 20, 41], "summary": {"covered_lines": 5, "num_statements": 5, "percent_covered": 100.0, "percent_covered_display": "100.00", "missing_lines": 0, "excluded_lines": 0, "percent_statements_covered": 100.0, "percent_statements_covered_display": "100.00", "num_branches": 0, "num_partial_branches": 0, "covered_branches": 0, "missing_branches": 0, "percent_branches_covered": 100.0, "percent_branches_covered_display": "100.00"}, "missing_lines": [], "excluded_lines": [], "start_line": 1, "executed_branches": [], "missing_branches": []}}, "classes": {"": {"executed_lines": [14, 16, 17, 20, 22, 24, 25, 26, 27, 28, 29, 30, 31, 32, 33, 34, 35, 36, 37, 38, 41, 43, 44, 45, 46, 47, 48], "summary": {"covered_lines": 27, "num_statements": 28, "percent_covered": 95.0, "percent_covered_display": "95.00", "missing_lines": 1, "excluded_lines": 0, "percent_statements_covered": 96.42857142857143, "percent_statements_covered_display": "96.43", "num_branches": 12, "num_partial_branches": 1, "covered_branches": 11, "missing_branches": 1, "percent_branches_covered": 91.66666666666667, "percent_branches_covered_display": "91.67"}, "missing_lines": [23], "excluded_lines": [], "start_line": 1, "executed_branches": [[22, 24], [24, 25], [24, 26], [26, 27], [26, 28], [28, 29], [28, 30], [33, 34], [33, 35], [44, 45], [44, 46]], "missing_branches": [[22, 23]]}}}}, "totals": {"covered_lines": 147, "num_statements": 154, "percent_covered": 93.11926605504587, "percent_covered_display": "93.12", "missing_lines": 7, "excluded_lines": 0, "percent_statements_covered": 95.45454545454545, "percent_statements_covered_display": "95.45", "num_branches": 64, "num_partial_branches": 6, "covered_branches": 56, "missing_branches": 8, "percent_branches_covered": 87.5, "percent_branches_covered_display": "87.50"}}