<?xml version="1.0" encoding="utf-8"?><testsuites name="pytest tests"><testsuite name="pytest" errors="0" failures="0" skipped="9" tests="1816" time="31.499" timestamp="2026-02-09T15:10:31.571532+00:00" hostname="runnervmwffz4"><testcase classname="tests.docs.test_workflow_change_docs" name="test_keepalive_doc_includes_guard_and_if" time="0.002" /><testcase classname="tests.docs.test_verification_concerns_1307" name="test_verification_concerns_have_required_subsections_and_evidence_links" time="0.003" /><testcase classname="tests.docs.test_verification_concerns_1307" name="test_verification_concerns_reference_decisions_entry" time="0.002" /><testcase classname="tests.workflows.test_chatgpt_topics_parser" name="test_parser_success_basic@chatgpt_parser" time="0.007" /><testcase classname="tests.workflows.test_chatgpt_topics_parser" name="test_parser_multiple_with_labels_and_sections@chatgpt_parser" time="0.003" /><testcase classname="tests.workflows.test_chatgpt_topics_parser" name="test_parser_no_numbered_topics_exit_code@chatgpt_parser" time="0.003" /><testcase classname="tests.docs.test_workflow_snippets_yaml" name="test_pip_cache_step_uses_requirements_llm_hash" time="0.004" /><testcase classname="tests.workflows.test_chatgpt_topics_parser" name="test_parser_fallback_single_topic@chatgpt_parser" time="0.005" /><testcase classname="tests.docs.test_workflow_change_docs" name="test_autofix_doc_includes_should_post_guard" time="0.002" /><testcase classname="tests.docs.test_workflow_snippets_yaml" name="test_workflow_snippets_are_valid_yaml" time="0.013" /><testcase classname="tests.workflows.test_chatgpt_topics_parser" name="test_parser_empty_input_exit_code@chatgpt_parser" time="0.004" /><testcase classname="tests.docs.test_workflow_snippets_yaml" name="test_install_snippets_reference_requirements_llm[snippet_path2]" time="0.004" /><testcase classname="tests.docs.test_workflow_snippets_yaml" name="test_install_snippets_reference_requirements_llm[snippet_path1]" time="0.006" /><testcase classname="tests.workflows.test_chatgpt_topics_parser" name="test_title_cleanup_markdown_and_punctuation@chatgpt_parser" time="0.005" /><testcase classname="tests.docs.test_workflow_snippets_yaml" name="test_pip_freeze_step_runs_python_module" time="0.004" /><testcase classname="tests.docs.test_workflow_snippets_yaml" name="test_install_snippets_reference_requirements_llm[snippet_path0]" time="0.004" /><testcase classname="tests.docs.test_workflow_snippets_yaml" name="test_pip_freeze_step_contains_python_module_command" time="0.001" /><testcase classname="tests.workflows.test_chatgpt_topics_parser" name="test_alpha_enumeration_and_continuity@chatgpt_parser" time="0.005" /><testcase classname="tests.e2e.test_metrics_dashboard" name="test_metrics_dashboard_pipeline" time="0.012" /><testcase classname="tests.e2e.test_keepalive_metrics_dashboard" name="test_keepalive_post_merge_metrics_pipeline" time="0.074" /><testcase classname="tests.e2e.test_keepalive_metrics_dashboard" name="test_keepalive_metrics_dashboard_pipeline" time="0.074" /><testcase classname="tests.workflows.test_chatgpt_topics_parser" name="test_alphanumeric_enumeration@chatgpt_parser" time="0.005" /><testcase classname="tests.workflows.test_chatgpt_topics_parser" name="test_lowercase_alpha_enumeration@chatgpt_parser" time="0.005" /><testcase classname="tests.e2e.test_metrics_dashboard" name="test_metrics_dashboard_pipeline_with_config" time="0.010" /><testcase classname="tests.workflows.test_chatgpt_topics_parser" name="test_pipeline_handles_repository_issues_file@chatgpt_parser" time="0.013" /><testcase classname="tests.integration.test_ndjson_processing" name="test_ndjson_processing_integration" time="0.006" /><testcase classname="tests.workflows.test_chatgpt_topics_parser" name="test_split_numbered_items_unknown_style@chatgpt_parser" time="0.002" /><testcase classname="tests.scripts.integration_test" name="test_labeling_integration_applies_expected_labels" time="0.006" /><testcase classname="tests.workflows.test_chatgpt_topics_parser" name="test_parse_sections_supports_label_separators@chatgpt_parser" time="0.001" /><testcase classname="tests.workflows.test_chatgpt_topics_parser" name="test_parse_sections_supports_dependencies_and_admin_access@chatgpt_parser" time="0.001" /><testcase classname="tests.workflows.test_chatgpt_topics_parser" name="test_parse_text_single_topic_empty_raises_system_exit@chatgpt_parser" time="0.002" /><testcase classname="tests.scripts.test_aggregate_agent_metrics" name="test_build_summary_formats_sections" time="0.003" /><testcase classname="tests.workflows.test_chatgpt_topics_parser" name="test_parse_text_handles_string_lines@chatgpt_parser" time="0.002" /><testcase classname="tests.scripts.test_aggregate_agent_metrics" name="test_main_writes_summary" time="0.004" /><testcase classname="tests.workflows.test_chatgpt_topics_parser" name="test_parse_text_handles_unknown_line_type@chatgpt_parser" time="0.001" /><testcase classname="tests.workflows.test_chatgpt_topics_parser" name="test_parser_main_missing_input_file@chatgpt_parser" time="0.006" /><testcase classname="tests.scripts.test_aggregate_agent_metrics" name="test_parse_timestamp_variants" time="0.002" /><testcase classname="tests.scripts.test_aggregate_agent_metrics" name="test_gather_metrics_files_prefers_explicit_paths" time="0.002" /><testcase classname="tests.workflows.test_chatgpt_topics_parser" name="test_parser_main_maps_empty_input@chatgpt_parser" time="0.002" /><testcase classname="tests.scripts.test_aggregate_agent_metrics" name="test_gather_metrics_files_falls_back_to_dir" time="0.003" /><testcase classname="tests.workflows.test_chatgpt_topics_parser" name="test_parser_main_maps_no_numbered_topics@chatgpt_parser" time="0.002" /><testcase classname="tests.integration.test_agents_dedup" name="test_agents_dedup_links_duplicates" time="0.002" /><testcase classname="tests.workflows.test_chatgpt_topics_parser" name="test_parser_main_reraises_other_system_exit@chatgpt_parser" time="0.001" /><testcase classname="tests.integration.test_agents_dedup" name="test_agents_dedup_allows_unique_issue" time="0.002" /><testcase classname="tests.scripts.test_aggregate_agent_metrics" name="test_gather_metrics_files_missing_dir" time="0.002" /><testcase classname="tests.workflows.test_chatgpt_topics_parser" name="test_parser_main_raises_on_empty_topics@chatgpt_parser" time="0.002" /><testcase classname="tests.scripts.test_aggregate_agent_metrics" name="test_read_ndjson_counts_unreadable_file" time="0.003" /><testcase classname="tests.scripts.test_aggregate_agent_metrics" name="test_read_ndjson_counts_parse_errors" time="0.002" /><testcase classname="tests.scripts.test_aggregate_agent_metrics" name="test_classify_entry_prefers_explicit_type" time="0.001" /><testcase classname="tests.workflows.test_chatgpt_topics_parser" name="test_parser_cli_error_prints_message@chatgpt_parser" time="0.005" /><testcase classname="tests.scripts.test_aggregate_agent_metrics" name="test_safe_number_helpers" time="0.002" /><testcase classname="tests.scripts.test_aggregate_agent_metrics" name="test_summary_helpers_cover_branches" time="0.001" /><testcase classname="tests.scripts.test_aggregate_agent_metrics" name="test_format_helpers_and_summary_range" time="0.001" /><testcase classname="tests.workflows.test_chatgpt_topics_parser" name="test_split_numbered_items_marks_numeric_continuity_break@chatgpt_parser" time="0.001" /><testcase classname="tests.workflows.test_chatgpt_topics_parser" name="test_parse_sections_collects_extras_and_aliases@chatgpt_parser" time="0.001" /><testcase classname="tests.scripts.test_aggregate_agent_metrics" name="test_main_returns_error_when_no_files" time="0.002" /><testcase classname="tests.scripts.test_aggregate_agent_metrics" name="test_classify_autopilot_step_entry" time="0.001" /><testcase classname="tests.workflows.test_chatgpt_topics_parser" name="test_parse_text_guid_is_stable_for_repeated_titles@chatgpt_parser" time="0.001" /><testcase classname="tests.scripts.test_aggregate_agent_metrics" name="test_autopilot_metrics_summarised" time="0.001" /><testcase classname="tests.workflows.test_chatgpt_topics_parser" name="test_parse_text_fallback_preserves_body_in_extras@chatgpt_parser" time="0.001" /><testcase classname="tests.scripts.test_aggregate_agent_metrics" name="test_classify_autopilot_escalation_entry" time="0.001" /><testcase classname="tests.scripts.test_aggregate_repo_metrics" name="test_summarize_values_percentiles" time="0.002" /><testcase classname="tests.scripts.test_aggregate_repo_metrics" name="test_read_ndjson_handles_invalid_lines" time="0.002" /><testcase classname="tests.scripts.test_aggregate_repo_metrics" name="test_summarize_values_empty" time="0.001" /><testcase classname="tests.scripts.test_aggregate_repo_metrics" name="test_aggregate_numeric_fields_filters_non_numeric" time="0.002" /><testcase classname="tests.scripts.test_aggregate_repo_metrics" name="test_read_ndjson_missing_file" time="0.002" /><testcase classname="tests.scripts.test_aggregate_repo_metrics" name="test_read_repo_metrics_files_accumulates_errors" time="0.002" /><testcase classname="tests.scripts.test_aggregate_repo_metrics" name="test_read_repo_metrics_tags_repo" time="0.002" /><testcase classname="tests.scripts.test_aggregate_repo_metrics" name="test_infer_numeric_fields_ignores_repo_and_non_numeric" time="0.001" /><testcase classname="tests.scripts.test_aggregate_repo_metrics" name="test_build_summary_groups_by_repo" time="0.002" /><testcase classname="tests.scripts.test_aggregate_repo_metrics" name="test_build_summary_comparisons_group_by_field" time="0.001" /><testcase classname="tests.scripts.test_aggregate_repo_metrics" name="test_build_summary_includes_missing_repo_names" time="0.001" /><testcase classname="tests.scripts.test_aggregate_repo_metrics" name="test_write_combined_ndjson" time="0.002" /><testcase classname="tests.scripts.test_aggregate_repo_metrics" name="test_parse_repo_specs_supports_csv_and_file" time="0.003" /><testcase classname="tests.scripts.test_aggregate_repo_metrics" name="test_main_reports_missing_repos" time="0.004" /><testcase classname="tests.scripts.test_aggregate_repo_metrics" name="test_main_writes_outputs_for_repo_list" time="0.006" /><testcase classname="tests.scripts.test_analyze_api_rate_limits" name="test_parse_github_timestamp" time="0.001" /><testcase classname="tests.scripts.test_analyze_api_rate_limits" name="test_parse_github_timestamp_assumes_utc_for_naive" time="0.002" /><testcase classname="tests.scripts.test_analyze_api_rate_limits" name="test_summarize_workflow_activity_dedupes_repos" time="0.002" /><testcase classname="tests.scripts.test_analyze_api_rate_limits" name="test_summarize_workflow_activity_handles_naive_now" time="0.001" /><testcase classname="tests.scripts.test_analyze_api_rate_limits" name="test_summarize_workflow_activity_handles_naive_run_timestamps" time="0.001" /><testcase classname="tests.scripts.test_analyze_api_rate_limits" name="test_summarize_workflow_activity_normalizes_repos" time="0.001" /><testcase classname="tests.scripts.test_analyze_api_rate_limits" name="test_summarize_workflow_activity_splits_space_delimited_repos" time="0.001" /><testcase classname="tests.scripts.test_analyze_api_rate_limits" name="test_summarize_workflow_activity_rejects_lookalike_github_domains" time="0.002" /><testcase classname="tests.scripts.test_analyze_api_rate_limits" name="test_summarize_workflow_activity_normalizes_repo_urls" time="0.003" /><testcase classname="tests.scripts.test_analyze_api_rate_limits" name="test_summarize_workflow_activity_splits_mixed_delimiters" time="0.001" /><testcase classname="tests.scripts.test_analyze_api_rate_limits" name="test_is_github_url_validates_host_correctly" time="0.001" /><testcase classname="tests.scripts.test_analyze_api_rate_limits" name="test_summarize_workflow_activity_normalizes_git_remote_outputs" time="0.001" /><testcase classname="tests.scripts.test_analyze_api_rate_limits" name="test_summarize_workflow_activity_splits_semicolon_and_pipe" time="0.001" /><testcase classname="tests.scripts.test_analyze_api_rate_limits" name="test_summarize_workflow_activity_strips_wrapping_punctuation" time="0.001" /><testcase classname="tests.scripts.test_analyze_api_rate_limits" name="test_summarize_workflow_activity_extracts_repo_from_listing_output" time="0.001" /><testcase classname="tests.scripts.test_analyze_api_rate_limits" name="test_summarize_workflow_activity_ignores_incomplete_repos" time="0.001" /><testcase classname="tests.scripts.test_analyze_api_rate_limits" name="test_summarize_workflow_activity_normalizes_ssh_ports" time="0.001" /><testcase classname="tests.scripts.test_analyze_api_rate_limits" name="test_summarize_workflow_activity_handles_multiline_repo_inputs" time="0.001" /><testcase classname="tests.scripts.test_analyze_api_rate_limits" name="test_summarize_workflow_activity_trims_repo_paths" time="0.001" /><testcase classname="tests.scripts.test_analyze_api_rate_limits" name="test_summarize_workflow_activity_strips_repo_refs" time="0.001" /><testcase classname="tests.scripts.test_analyze_api_rate_limits" name="test_main_json_includes_workflow_activity" time="0.004" /><testcase classname="tests.scripts.test_analyze_api_rate_limits" name="test_summarize_workflow_activity_falls_back_total_count" time="0.001" /><testcase classname="tests.scripts.test_analyze_api_rate_limits" name="test_summarize_workflow_activity_filters_window" time="0.001" /><testcase classname="tests.scripts.test_analyze_api_rate_limits" name="test_summarize_workflow_activity_falls_back_to_other_timestamps" time="0.001" /><testcase classname="tests.scripts.test_analyze_api_rate_limits" name="test_summarize_workflow_activity_handles_non_list_runs" time="0.001" /><testcase classname="tests.scripts.test_analyze_api_rate_limits" name="test_print_utilization_table_skips_optional_section_without_resources" time="0.002" /><testcase classname="tests.scripts.test_analyze_api_rate_limits" name="test_summarize_workflow_activity_ignores_non_dict_runs" time="0.001" /><testcase classname="tests.scripts.test_analyze_api_rate_limits" name="test_print_warnings_includes_optional_resources" time="0.002" /><testcase classname="tests.scripts.test_analyze_api_rate_limits" name="test_print_utilization_table_includes_optional_resources" time="0.002" /><testcase classname="tests.scripts.test_analyze_codex_session.TestExtractTasksFromPRBody" name="test_handles_mixed_indentation" time="0.003" /><testcase classname="tests.scripts.test_analyze_codex_session.TestExtractTasksFromPRBody" name="test_extracts_unchecked_tasks" time="0.001" /><testcase classname="tests.scripts.test_analyze_codex_session.TestExtractTasksFromPRBody" name="test_no_checkboxes_returns_empty_list" time="0.001" /><testcase classname="tests.scripts.test_analyze_codex_session.TestExtractTasksFromPRBody" name="test_handles_uppercase_x" time="0.001" /><testcase classname="tests.scripts.test_analyze_codex_session.TestExtractTasksFromPRBody" name="test_empty_body_returns_empty_list" time="0.002" /><testcase classname="tests.scripts.test_analyze_codex_session.TestExtractTasksFromPRBody" name="test_ignores_details_summary_tags" time="0.001" /><testcase classname="tests.scripts.test_analyze_codex_session.TestExtractTasksFromPRBody" name="test_extracts_from_multiple_sections" time="0.001" /><testcase classname="tests.scripts.test_analyze_codex_session.TestExtractAllTasksFromPRBody" name="test_extracts_all_with_status" time="0.001" /><testcase classname="tests.scripts.test_analyze_codex_session.TestExtractTasksFromPRBody" name="test_ignores_fenced_code_blocks" time="0.001" /><testcase classname="tests.scripts.test_analyze_codex_session.TestExtractAllTasksFromPRBody" name="test_ignores_details_summary_tags" time="0.001" /><testcase classname="tests.scripts.test_analyze_codex_session.TestUpdatePRBodyCheckboxes" name="test_checks_completed_task" time="0.001" /><testcase classname="tests.scripts.test_analyze_codex_session.TestExtractAllTasksFromPRBody" name="test_ignores_fenced_code_blocks" time="0.001" /><testcase classname="tests.scripts.test_analyze_codex_session.TestUpdatePRBodyCheckboxes" name="test_handles_no_matches" time="0.002" /><testcase classname="tests.scripts.test_analyze_codex_session.TestUpdatePRBodyCheckboxes" name="test_preserves_already_checked" time="0.001" /><testcase classname="tests.scripts.test_analyze_codex_session.TestUpdatePRBodyCheckboxes" name="test_handles_special_characters_in_task" time="0.002" /><testcase classname="tests.scripts.test_analyze_codex_session.TestUpdatePRBodyCheckboxes" name="test_preserves_indentation" time="0.001" /><testcase classname="tests.scripts.test_analyze_codex_session.TestUpdatePRBodyCheckboxes" name="test_ignores_details_summary_tasks" time="0.001" /><testcase classname="tests.scripts.test_analyze_codex_session.TestUpdatePRBodyCheckboxes" name="test_ignores_fenced_code_blocks" time="0.002" /><testcase classname="tests.scripts.test_analyze_codex_session.TestOutputGithubActions" name="test_writes_quality_context_capable_providers" time="0.002" /><testcase classname="tests.scripts.test_analyze_codex_session.TestCLIScript" name="test_cli_runs_with_task_args" time="3.447" /><testcase classname="tests.scripts.test_analyze_codex_session.TestCLIScript" name="test_cli_runs_with_pr_body_file" time="3.623" /><testcase classname="tests.scripts.test_analyze_codex_session.TestCLIScript" name="test_cli_returns_2_for_missing_session" time="0.090" /><testcase classname="tests.scripts.test_analyze_codex_session.TestCLIScript" name="test_cli_update_pr_body_option" time="0.091" /><testcase classname="tests.scripts.test_auto_type_hygiene" name="test_has_stub_package_handles_sys_path_edge_cases" time="0.003" /><testcase classname="tests.scripts.test_auto_type_hygiene" name="test_module_has_types_handles_spec_variants" time="0.003" /><testcase classname="tests.scripts.test_auto_type_hygiene" name="test_needs_ignore_respects_allowlist_and_types" time="0.001" /><testcase classname="tests.scripts.test_auto_type_hygiene" name="test_process_file_handles_ignore_injections" time="0.003" /><testcase classname="tests.scripts.test_auto_type_hygiene" name="test_process_file_missing_file_returns_no_change" time="0.002" /><testcase classname="tests.scripts.test_auto_type_hygiene" name="test_iter_python_files_skips_excluded_paths" time="0.004" /><testcase classname="tests.scripts.test_auto_type_hygiene" name="test_main_dry_run_reports_changes" time="0.004" /><testcase classname="tests.scripts.test_auto_type_hygiene" name="test_main_reports_no_changes" time="0.003" /><testcase classname="tests.scripts.test_auto_type_hygiene" name="test_main_writes_changes" time="0.003" /><testcase classname="tests.scripts.test_autopilot_metrics_collector" name="test_validate_record_accepts_trace_fields" time="0.002" /><testcase classname="tests.scripts.test_autopilot_metrics_collector" name="test_validate_record_accepts_step_payload" time="0.001" /><testcase classname="tests.scripts.test_autopilot_metrics_collector" name="test_validate_record_rejects_blank_trace_fields" time="0.002" /><testcase classname="tests.scripts.test_autopilot_metrics_collector" name="test_validate_record_accepts_cycle_payload" time="0.002" /><testcase classname="tests.scripts.test_autopilot_metrics_collector" name="test_validate_record_rejects_missing_fields" time="0.002" /><testcase classname="tests.scripts.test_autopilot_metrics_collector" name="test_validate_record_accepts_escalation_payload" time="0.001" /><testcase classname="tests.scripts.test_autopilot_metrics_collector" name="test_validate_record_rejects_invalid_metric_type" time="0.002" /><testcase classname="tests.scripts.test_autopilot_metrics_collector" name="test_validate_record_rejects_missing_metric_type" time="0.001" /><testcase classname="tests.scripts.test_autopilot_metrics_collector" name="test_validate_record_rejects_non_int_schema_version" time="0.001" /><testcase classname="tests.scripts.test_autopilot_metrics_collector" name="test_validate_record_rejects_unknown_schema_version" time="0.002" /><testcase classname="tests.scripts.test_autopilot_metrics_collector" name="test_validate_record_rejects_invalid_types" time="0.001" /><testcase classname="tests.scripts.test_autopilot_metrics_collector" name="test_validate_record_rejects_invalid_timestamp" time="0.002" /><testcase classname="tests.scripts.test_autopilot_metrics_collector" name="test_validate_record_requires_none_failure_reason_on_success" time="0.001" /><testcase classname="tests.scripts.test_autopilot_metrics_collector" name="test_validate_record_requires_failure_reason_on_failure" time="0.001" /><testcase classname="tests.scripts.test_autopilot_metrics_collector" name="test_validate_cycle_rejects_invalid_optional_fields" time="0.001" /><testcase classname="tests.scripts.test_autopilot_metrics_collector" name="test_coerce_bool_rejects_invalid_value" time="0.001" /><testcase classname="tests.scripts.test_autopilot_metrics_collector" name="test_build_record_from_args_defaults_timestamp" time="0.001" /><testcase classname="tests.scripts.test_autopilot_metrics_collector" name="test_build_record_from_args_includes_trace_fields" time="0.001" /><testcase classname="tests.scripts.test_autopilot_metrics_collector" name="test_build_record_from_args_normalizes_raw_trace_url" time="0.002" /><testcase classname="tests.scripts.test_autopilot_metrics_collector" name="test_build_record_from_args_derives_trace_url" time="0.001" /><testcase classname="tests.scripts.test_autopilot_metrics_collector" name="test_build_record_from_args_normalizes_failure_reason_on_success" time="0.001" /><testcase classname="tests.scripts.test_autopilot_metrics_collector" name="test_build_record_from_args_normalizes_blank_failure_reason_on_success" time="0.001" /><testcase classname="tests.scripts.test_autopilot_metrics_collector" name="test_load_record_from_json_normalizes_failure_reason_on_success" time="0.001" /><testcase classname="tests.scripts.test_autopilot_metrics_collector" name="test_load_record_from_json_rejects_missing_failure_reason_on_failure" time="0.001" /><testcase classname="tests.scripts.test_autopilot_metrics_collector" name="test_schema_payload_contains_record_types" time="0.001" /><testcase classname="tests.scripts.test_autopilot_metrics_collector" name="test_build_record_from_args_escalation_requires_reason" time="0.001" /><testcase classname="tests.scripts.test_autopilot_metrics_collector" name="test_build_record_from_args_escalation_rejects_blank_reason" time="0.001" /><testcase classname="tests.scripts.test_autopilot_metrics_collector" name="test_build_record_from_args_requires_failure_reason_on_failure" time="0.001" /><testcase classname="tests.scripts.test_autopilot_metrics_collector" name="test_load_record_from_json_defaults_schema_and_timestamp" time="0.001" /><testcase classname="tests.scripts.test_autopilot_metrics_collector" name="test_load_record_from_json_defaults_null_schema_version" time="0.001" /><testcase classname="tests.scripts.test_autopilot_metrics_collector" name="test_load_record_from_json_defaults_blank_schema_version" time="0.001" /><testcase classname="tests.scripts.test_autopilot_metrics_collector" name="test_load_record_from_json_defaults_null_timestamp" time="0.001" /><testcase classname="tests.scripts.test_autopilot_metrics_collector" name="test_load_record_from_json_defaults_blank_timestamp" time="0.002" /><testcase classname="tests.scripts.test_autopilot_metrics_collector" name="test_load_record_from_json_normalizes_metric_type" time="0.001" /><testcase classname="tests.scripts.test_autopilot_metrics_collector" name="test_load_record_from_json_coerces_success_flag" time="0.001" /><testcase classname="tests.scripts.test_autopilot_metrics_collector" name="test_load_record_from_json_coerces_int_fields" time="0.001" /><testcase classname="tests.scripts.test_autopilot_metrics_collector" name="test_load_record_from_json_defaults_failure_reason_for_success" time="0.001" /><testcase classname="tests.scripts.test_autopilot_metrics_collector" name="test_load_record_from_json_rejects_invalid_success_flag" time="0.001" /><testcase classname="tests.scripts.test_autopilot_metrics_collector" name="test_load_record_from_json_derives_trace_url" time="0.001" /><testcase classname="tests.scripts.test_autopilot_metrics_collector" name="test_load_record_from_json_normalizes_raw_trace_url" time="0.001" /><testcase classname="tests.scripts.test_autopilot_metrics_collector" name="test_load_record_from_json_coerces_and_normalizes_failure_reason_on_success" time="0.001" /><testcase classname="tests.scripts.test_autopilot_metrics_collector" name="test_load_record_from_json_normalizes_blank_failure_reason_on_success" time="0.001" /><testcase classname="tests.scripts.test_autopilot_metrics_collector" name="test_load_record_from_json_requires_failure_reason_on_failure" time="0.001" /><testcase classname="tests.scripts.test_autopilot_metrics_collector" name="test_load_record_from_json_rejects_blank_failure_reason_on_failure" time="0.001" /><testcase classname="tests.scripts.test_autopilot_metrics_collector" name="test_build_record_from_args_computes_duration_from_bounds" time="0.001" /><testcase classname="tests.scripts.test_autopilot_metrics_collector" name="test_build_record_from_args_uses_now_for_missing_end" time="0.001" /><testcase classname="tests.scripts.test_autopilot_metrics_collector" name="test_build_record_from_args_rejects_missing_bounds" time="0.001" /><testcase classname="tests.scripts.test_autopilot_metrics_collector" name="test_build_record_from_args_rejects_negative_bounds" time="0.001" /><testcase classname="tests.scripts.test_autopilot_metrics_collector" name="test_build_record_from_args_computes_duration_from_epoch_bounds" time="0.001" /><testcase classname="tests.scripts.test_autopilot_metrics_collector" name="test_build_record_from_args_uses_epoch_env_bounds" time="0.001" /><testcase classname="tests.scripts.test_autopilot_metrics_collector" name="test_build_record_from_args_uses_iso_env_bounds" time="0.002" /><testcase classname="tests.scripts.test_autopilot_metrics_collector" name="test_build_record_from_args_normalizes_failure_reason_env_on_success" time="0.002" /><testcase classname="tests.scripts.test_autopilot_metrics_collector" name="test_build_record_from_args_uses_failure_reason_env" time="0.001" /><testcase classname="tests.scripts.test_autopilot_metrics_collector" name="test_build_record_from_args_uses_escalation_reason_env" time="0.001" /><testcase classname="tests.scripts.test_autopilot_metrics_collector" name="test_append_record_appends_lines" time="0.003" /><testcase classname="tests.scripts.test_autopilot_metrics_collector" name="test_load_record_from_json_adds_timestamp" time="0.001" /><testcase classname="tests.scripts.test_autopilot_metrics_collector" name="test_main_writes_record_to_stdout_and_log" time="0.005" /><testcase classname="tests.scripts.test_autopilot_metrics_collector" name="test_load_record_from_json_rejects_invalid_payloads" time="0.002" /><testcase classname="tests.scripts.test_autopilot_metrics_collector" name="test_write_runtime_summary_records_slow_runs" time="0.003" /><testcase classname="tests.scripts.test_autopilot_metrics_collector" name="test_main_writes_failure_summary" time="0.005" /><testcase classname="tests.scripts.test_autopilot_metrics_collector" name="test_write_runtime_summary_skips_fast_runs" time="0.002" /><testcase classname="tests.scripts.test_autopilot_metrics_file_io_and_env_handling" name="test_append_record_creates_parent_dirs" time="0.003" /><testcase classname="tests.scripts.test_autopilot_metrics_file_io_and_env_handling" name="test_main_respects_env_log_path" time="0.004" /><testcase classname="tests.scripts.test_autopilot_step_timer" name="test_default_key_epoch_start" time="0.001" /><testcase classname="tests.scripts.test_autopilot_step_timer" name="test_default_key_iso_end" time="0.001" /><testcase classname="tests.scripts.test_autopilot_step_timer" name="test_timestamp_value_epoch" time="0.001" /><testcase classname="tests.scripts.test_autopilot_step_timer" name="test_append_env_writes_value" time="0.002" /><testcase classname="tests.scripts.test_autopilot_step_timer" name="test_timestamp_value_iso" time="0.001" /><testcase classname="tests.scripts.test_autopilot_step_timer" name="test_env_path_reads_env_var" time="0.002" /><testcase classname="tests.scripts.test_autopilot_step_timer" name="test_env_path_errors_when_missing" time="0.003" /><testcase classname="tests.scripts.test_capability_check.TestCapabilityCheckResult" name="test_to_dict_includes_all_fields" time="0.001" /><testcase classname="tests.scripts.test_autopilot_step_timer_failure_handling" name="test_timer_writes_failure_summary_when_env_missing" time="0.004" /><testcase classname="tests.scripts.test_capability_check.TestPreparePromptValues" name="test_formats_tasks_as_bullet_list" time="0.001" /><testcase classname="tests.scripts.test_capability_check.TestCapabilityCheckResult" name="test_to_dict_handles_none_provider" time="0.001" /><testcase classname="tests.scripts.test_capability_check.TestPreparePromptValues" name="test_handles_empty_tasks" time="0.001" /><testcase classname="tests.scripts.test_capability_check.TestPreparePromptValues" name="test_handles_empty_acceptance" time="0.001" /><testcase classname="tests.scripts.test_capability_check.TestPreparePromptValues" name="test_strips_whitespace_from_acceptance" time="0.001" /><testcase classname="tests.scripts.test_capability_check.TestExtractJsonPayload" name="test_extracts_clean_json" time="0.001" /><testcase classname="tests.scripts.test_capability_check.TestExtractJsonPayload" name="test_extracts_json_from_text" time="0.001" /><testcase classname="tests.scripts.test_capability_check.TestExtractJsonPayload" name="test_returns_none_for_no_json" time="0.001" /><testcase classname="tests.scripts.test_capability_check.TestExtractJsonPayload" name="test_handles_nested_braces" time="0.001" /><testcase classname="tests.scripts.test_capability_check.TestExtractJsonPayload" name="test_returns_none_for_reversed_braces" time="0.001" /><testcase classname="tests.scripts.test_capability_check.TestExtractJsonPayload" name="test_returns_none_for_malformed" time="0.001" /><testcase classname="tests.scripts.test_capability_check.TestCoerceList" name="test_strips_whitespace" time="0.001" /><testcase classname="tests.scripts.test_capability_check.TestCoerceList" name="test_coerces_string_list" time="0.001" /><testcase classname="tests.scripts.test_capability_check.TestCoerceList" name="test_filters_non_strings" time="0.001" /><testcase classname="tests.scripts.test_capability_check.TestCoerceList" name="test_filters_empty_strings" time="0.001" /><testcase classname="tests.scripts.test_capability_check.TestCoerceList" name="test_returns_empty_for_non_list" time="0.001" /><testcase classname="tests.scripts.test_capability_check.TestCoerceDictList" name="test_coerces_valid_dicts" time="0.001" /><testcase classname="tests.scripts.test_capability_check.TestCoerceDictList" name="test_filters_incomplete_dicts" time="0.001" /><testcase classname="tests.scripts.test_capability_check.TestCoerceDictList" name="test_filters_non_dicts" time="0.001" /><testcase classname="tests.scripts.test_capability_check.TestCoerceDictList" name="test_returns_empty_for_non_list" time="0.001" /><testcase classname="tests.scripts.test_capability_check.TestCoerceDictList" name="test_strips_whitespace" time="0.001" /><testcase classname="tests.scripts.test_capability_check.TestNormalizeResult" name="test_normalizes_valid_payload" time="0.001" /><testcase classname="tests.scripts.test_capability_check.TestNormalizeResult" name="test_normalizes_recommendation_to_uppercase" time="0.001" /><testcase classname="tests.scripts.test_capability_check.TestNormalizeResult" name="test_defaults_missing_recommendation" time="0.001" /><testcase classname="tests.scripts.test_capability_check.TestNormalizeResult" name="test_defaults_invalid_recommendation" time="0.001" /><testcase classname="tests.scripts.test_capability_check.TestStripCheckbox" name="test_strips_unchecked_checkbox" time="0.002" /><testcase classname="tests.scripts.test_capability_check.TestNormalizeResult" name="test_handles_empty_payload" time="0.001" /><testcase classname="tests.scripts.test_capability_check.TestStripCheckbox" name="test_strips_checked_checkbox" time="0.002" /><testcase classname="tests.scripts.test_capability_check.TestStripCheckbox" name="test_strips_plain_bullet" time="0.001" /><testcase classname="tests.scripts.test_capability_check.TestStripCheckbox" name="test_strips_asterisk_bullet" time="0.001" /><testcase classname="tests.scripts.test_capability_check.TestStripCheckbox" name="test_strips_plus_bullet" time="0.001" /><testcase classname="tests.scripts.test_capability_check.TestStripCheckbox" name="test_handles_leading_whitespace" time="0.001" /><testcase classname="tests.scripts.test_capability_check.TestParseTasksFromText" name="test_parses_bullet_list" time="0.001" /><testcase classname="tests.scripts.test_capability_check.TestParseTasksFromText" name="test_parses_indented_bullets" time="0.001" /><testcase classname="tests.scripts.test_capability_check.TestParseTasksFromText" name="test_parses_checkbox_list" time="0.001" /><testcase classname="tests.scripts.test_capability_check.TestParseTasksFromText" name="test_parses_checked_uppercase_box" time="0.001" /><testcase classname="tests.scripts.test_capability_check.TestParseTasksFromText" name="test_parses_mixed_bullets" time="0.001" /><testcase classname="tests.scripts.test_capability_check.TestParseTasksFromText" name="test_ignores_non_bullet_lines" time="0.001" /><testcase classname="tests.scripts.test_capability_check.TestParseTasksFromText" name="test_ignores_empty_lines" time="0.001" /><testcase classname="tests.scripts.test_capability_check.TestParseTasksFromText" name="test_ignores_empty_bullets" time="0.001" /><testcase classname="tests.scripts.test_capability_check.TestNormalizeTasksInput" name="test_returns_empty_for_none" time="0.001" /><testcase classname="tests.scripts.test_capability_check.TestNormalizeTasksInput" name="test_parses_bullets_from_string" time="0.001" /><testcase classname="tests.scripts.test_capability_check.TestClassifyCapabilities" name="test_returns_fallback_when_no_llm_client" time="0.009" /><testcase classname="tests.scripts.test_capability_check.TestClassifyCapabilities" name="test_returns_fallback_when_langchain_core_missing" time="0.009" /><testcase classname="tests.scripts.test_capability_check.TestClassifyCapabilities" name="test_normalizes_tasks_when_langchain_core_missing" time="0.003" /><testcase classname="tests.scripts.test_capability_check.TestClassifyCapabilities" name="test_invokes_chain_with_prompt_values" time="0.006" /><testcase classname="tests.scripts.test_capability_check.TestClassifyCapabilities" name="test_returns_fallback_when_response_missing_json" time="0.006" /><testcase classname="tests.scripts.test_capability_check.TestClassifyCapabilities" name="test_returns_fallback_when_response_json_invalid" time="0.005" /><testcase classname="tests.scripts.test_capability_check.TestClassifyCapabilities" name="test_fallback_flags_external_dependency" time="0.002" /><testcase classname="tests.scripts.test_capability_check.TestClassifyCapabilities" name="test_fallback_flags_admin_requirement" time="0.002" /><testcase classname="tests.scripts.test_capability_check.TestClassifyCapabilities" name="test_fallback_suggests_decomposition" time="0.002" /><testcase classname="tests.scripts.test_capability_check.TestClassifyCapabilitiesWithLangchain" name="test_returns_fallback_when_no_json_in_response" time="0.006" /><testcase classname="tests.scripts.test_capability_check.TestClassifyCapabilitiesWithLangchain" name="test_returns_fallback_when_json_parse_fails" time="0.007" /><testcase classname="tests.scripts.test_capability_check.TestClassifyCapabilitiesWithLangchain" name="test_normalizes_valid_llm_response" time="0.006" /><testcase classname="tests.scripts.test_capability_check.TestMain" name="test_parses_tasks_json" time="0.004" /><testcase classname="tests.scripts.test_capability_check.TestMain" name="test_invalid_tasks_json_returns_error" time="0.002" /><testcase classname="tests.scripts.test_capability_check.TestMain" name="test_outputs_json_result" time="0.003" /><testcase classname="tests.scripts.test_capability_check.TestMain" name="test_reads_tasks_and_acceptance_files" time="0.005" /><testcase classname="tests.scripts.test_capability_check.TestMain" name="test_tasks_file_used_when_tasks_json_not_list" time="0.005" /><testcase classname="tests.scripts.test_capability_check.TestPromptContent" name="test_prompt_includes_known_limitations" time="0.001" /><testcase classname="tests.scripts.test_capability_check.TestPromptContent" name="test_prompt_includes_classification_options" time="0.001" /><testcase classname="tests.scripts.test_capability_check.TestPromptContent" name="test_prompt_includes_output_format" time="0.001" /><testcase classname="tests.scripts.test_capability_check.TestIsMultiActionTask" name="test_spaced_slashes_detected_as_multi_action" time="0.001" /><testcase classname="tests.scripts.test_capability_check.TestIsMultiActionTask" name="test_other_separators_detected" time="0.001" /><testcase classname="tests.scripts.test_capability_check.TestIsMultiActionTask" name="test_compound_slashes_not_detected_as_multi_action" time="0.001" /><testcase classname="tests.scripts.test_ci_history" name="test_truthy_accepts_common_values" time="0.001" /><testcase classname="tests.scripts.test_ci_history" name="test_load_metrics_prefers_existing_file" time="0.003" /><testcase classname="tests.scripts.test_ci_history" name="test_load_metrics_falls_back_to_builder" time="0.002" /><testcase classname="tests.scripts.test_ci_history" name="test_load_metrics_rebuilds_when_summary_missing" time="0.003" /><testcase classname="tests.scripts.test_ci_history" name="test_main_builds_metrics_from_junit" time="0.005" /><testcase classname="tests.scripts.test_ci_history" name="test_main_clears_classification_when_disabled" time="0.003" /><testcase classname="tests.scripts.test_ci_history" name="test_build_history_record_includes_metadata" time="0.002" /><testcase classname="tests.scripts.test_ci_history" name="test_build_classification_payload_counts_statuses" time="0.001" /><testcase classname="tests.scripts.test_ci_metrics" name="test_parse_helpers_validate_non_negative" time="0.002" /><testcase classname="tests.scripts.test_ci_metrics" name="test_tag_name_strips_namespace" time="0.001" /><testcase classname="tests.scripts.test_ci_metrics" name="test_build_metrics_parses_junit" time="0.003" /><testcase classname="tests.scripts.test_ci_metrics" name="test_build_nodeid_handles_missing_values" time="0.002" /><testcase classname="tests.scripts.test_ci_metrics" name="test_extract_testcases_handles_invalid_time_and_prioritizes_status" time="0.001" /><testcase classname="tests.scripts.test_ci_metrics" name="test_collect_slow_tests_handles_zero_limit_and_ties" time="0.001" /><testcase classname="tests.scripts.test_classify_test_failures" name="test_classify_reports_ignores_missing_file" time="0.001" /><testcase classname="tests.scripts.test_classify_test_failures" name="test_classify_reports_handles_parse_error" time="0.003" /><testcase classname="tests.scripts.test_classify_test_failures" name="test_classify_reports_classifies_markers_and_dedupes" time="0.003" /><testcase classname="tests.scripts.test_classify_test_failures" name="test_failure_message_and_test_id_helpers" time="0.001" /><testcase classname="tests.scripts.test_classify_test_failures" name="test_extract_markers_skips_blank_values" time="0.001" /><testcase classname="tests.scripts.test_classify_test_failures" name="test_classify_reports_skips_non_failures" time="0.002" /><testcase classname="tests.scripts.test_classify_test_failures" name="test_main_writes_output_file" time="0.005" /><testcase classname="tests.scripts.test_classify_test_failures" name="test_main_with_missing_report_prints_empty_summary" time="0.004" /><testcase classname="tests.scripts.test_context_extractor" name="test_extract_context_fallback_collects_entries" time="0.001" /><testcase classname="tests.scripts.test_context_extractor" name="test_extract_context_fallback_returns_empty_when_no_context" time="0.001" /><testcase classname="tests.scripts.test_coverage_history_append" name="test_load_existing_skips_invalid_lines" time="0.002" /><testcase classname="tests.scripts.test_coverage_history_append" name="test_load_existing_returns_empty_when_missing" time="0.002" /><testcase classname="tests.scripts.test_coverage_history_append" name="test_main_replaces_matching_run_id_and_sorts" time="0.003" /><testcase classname="tests.scripts.test_coverage_history_append" name="test_main_sorts_by_run_id_when_no_run_number" time="0.004" /><testcase classname="tests.scripts.test_coverage_history_append" name="test_main_appends_record_without_run_id" time="0.003" /><testcase classname="tests.scripts.test_coverage_history_append" name="test_main_skips_missing_record" time="0.003" /><testcase classname="tests.scripts.test_coverage_history_append" name="test_main_skips_invalid_record_json" time="0.003" /><testcase classname="tests.scripts.test_coverage_history_append" name="test_main_skips_non_dict_record" time="0.003" /><testcase classname="tests.scripts.test_create_verifier_labels" name="test_filter_labels_returns_subset_in_defined_order" time="0.001" /><testcase classname="tests.scripts.test_create_verifier_labels" name="test_filter_labels_defaults_to_all" time="0.001" /><testcase classname="tests.scripts.test_create_verifier_labels" name="test_filter_labels_rejects_unknown_label" time="0.001" /><testcase classname="tests.scripts.test_create_verifier_labels" name="test_parse_repos_from_workflow_reads_block" time="0.002" /><testcase classname="tests.scripts.test_create_verifier_labels" name="test_normalize_repo_list_dedupes_in_order" time="0.001" /><testcase classname="tests.scripts.test_create_verifier_labels" name="test_validate_repo_count_mismatch_raises" time="0.002" /><testcase classname="tests.scripts.test_create_verifier_labels" name="test_find_missing_labels_returns_ordered_names" time="0.001" /><testcase classname="tests.scripts.test_create_verifier_labels" name="test_extract_label_names_parses_valid_payload" time="0.001" /><testcase classname="tests.scripts.test_debouncing_options_matrix" name="test_render_json_contains_expected_keys" time="0.001" /><testcase classname="tests.scripts.test_debouncing_options_matrix" name="test_render_markdown_includes_sections" time="0.001" /><testcase classname="tests.scripts.test_dev_check_actionlint" name="test_dev_check_reports_unexpected_secrets_key_outside_allowlist" time="0.024" /><testcase classname="tests.scripts.test_dev_check_actionlint" name="test_dev_check_allows_allowlisted_secrets_key" time="0.024" /><testcase classname="tests.scripts.test_dev_check_actionlint" name="test_dev_check_reports_unexpected_secrets_even_when_actionlint_succeeds" time="0.025" /><testcase classname="tests.scripts.test_fix_cosmetic_aggregate" name="test_main_returns_when_target_missing" time="0.002" /><testcase classname="tests.scripts.test_fix_numpy_asserts" name="test_process_file_ignores_untracked_assert" time="0.003" /><testcase classname="tests.scripts.test_fix_numpy_asserts" name="test_main_scans_tests_root" time="0.003" /><testcase classname="tests.scripts.test_generate_metrics_badges" name="test_build_endpoint_payloads_formats_metrics" time="0.002" /><testcase classname="tests.scripts.test_generate_metrics_badges" name="test_build_endpoint_payloads_uses_success_rate_fallbacks" time="0.001" /><testcase classname="tests.scripts.test_fix_numpy_asserts" name="test_tracked_arrays_collects_names" time="0.002" /><testcase classname="tests.scripts.test_generate_metrics_badges" name="test_main_writes_badge_files" time="0.005" /><testcase classname="tests.scripts.test_generate_metrics_badges" name="test_main_emits_single_badge" time="0.004" /><testcase classname="tests.scripts.test_generate_metrics_badges" name="test_build_endpoint_payloads_accepts_string_metrics" time="0.001" /><testcase classname="tests.scripts.test_generate_metrics_badges" name="test_build_endpoint_payloads_parses_compound_durations" time="0.001" /><testcase classname="tests.scripts.test_generate_metrics_badges" name="test_build_endpoint_payloads_parses_colon_durations" time="0.001" /><testcase classname="tests.scripts.test_generate_residual_trend" name="test_coerce_int_handles_varied_inputs" time="0.001" /><testcase classname="tests.scripts.test_generate_residual_trend" name="test_sparkline_handles_empty_and_constant_series" time="0.001" /><testcase classname="tests.scripts.test_generate_residual_trend" name="test_main_writes_trend_file" time="0.004" /><testcase classname="tests.scripts.test_generate_residual_trend" name="test_main_handles_invalid_history_payload" time="0.004" /><testcase classname="tests.scripts.test_generate_residual_trend" name="test_main_skips_invalid_by_code_entries" time="0.003" /><testcase classname="tests.scripts.test_generate_worker_retry_comment" name="test_build_comment_includes_label_and_call_sites" time="0.008" /><testcase classname="tests.scripts.test_issue_consistency_check" name="test_extract_issue_numbers_handles_word_and_slug" time="0.001" /><testcase classname="tests.scripts.test_issue_consistency_check" name="test_collect_header_issue_numbers_reads_issue_lines" time="0.003" /><testcase classname="tests.scripts.test_issue_consistency_check" name="test_extract_title_issue_number_prefers_hash" time="0.002" /><testcase classname="tests.scripts.test_issue_consistency_check" name="test_collect_header_issue_numbers_ignores_markdown_headings" time="0.002" /><testcase classname="tests.scripts.test_issue_consistency_check" name="test_extract_issue_numbers_ignores_pr_hashes" time="0.002" /><testcase classname="tests.scripts.test_issue_consistency_check" name="test_extract_head_ref_issue_numbers_from_branch" time="0.001" /><testcase classname="tests.scripts.test_issue_consistency_check" name="test_extract_commit_issue_numbers_ignores_merge_and_ledger" time="0.001" /><testcase classname="tests.scripts.test_issue_consistency_check" name="test_extract_commit_issue_numbers_keeps_merge_prefix_non_merge" time="0.002" /><testcase classname="tests.scripts.test_issue_consistency_check" name="test_extract_commit_issue_numbers_ignores_merge_commits" time="0.001" /><testcase classname="tests.scripts.test_issue_consistency_check" name="test_is_autofix_context_detects_hyphenated_title" time="0.001" /><testcase classname="tests.scripts.test_issue_consistency_check" name="test_is_autofix_context_reads_event_labels" time="0.003" /><testcase classname="tests.scripts.test_issue_consistency_check" name="test_resolve_pr_context_reads_event_payload" time="0.002" /><testcase classname="tests.scripts.test_issue_consistency_check" name="test_resolve_pr_context_falls_back_to_workflow_run" time="0.004" /><testcase classname="tests.scripts.test_issue_consistency_check" name="test_run_git_with_fallback_handles_ambiguous_argument" time="0.001" /><testcase classname="tests.scripts.test_issue_consistency_check" name="test_should_scan_header_file_excludes_known_dirs" time="0.001" /><testcase classname="tests.scripts.test_issue_consistency_check" name="test_run_git_with_fallback_handles_invalid_object" time="0.002" /><testcase classname="tests.scripts.test_issue_consistency_check" name="test_main_skips_ambiguous_head_ref" time="0.006" /><testcase classname="tests.scripts.test_issue_consistency_check" name="test_main_autofix_title_hash_prefers_head_ref" time="0.006" /><testcase classname="tests.scripts.test_issue_consistency_check" name="test_main_autofix_skips_mismatched_commits" time="0.005" /><testcase classname="tests.scripts.test_issue_consistency_check" name="test_main_title_hash_prefers_head_ref" time="0.007" /><testcase classname="tests.scripts.test_issue_dedup" name="test_build_issue_vector_store_uses_faiss_from_texts" time="0.001" /><testcase classname="tests.scripts.test_issue_consistency_check" name="test_main_autofix_skips_mismatched_headers" time="0.007" /><testcase classname="tests.scripts.test_issue_dedup" name="test_build_issue_vector_store_returns_none_without_client" time="0.001" /><testcase classname="tests.scripts.test_issue_dedup" name="test_find_similar_issues_converts_distance_scores" time="0.001" /><testcase classname="tests.scripts.test_issue_dedup" name="test_find_similar_issues_filters_by_relevance_score" time="0.001" /><testcase classname="tests.scripts.test_issue_dedup" name="test_format_similar_issues_comment_formats_links" time="0.002" /><testcase classname="tests.scripts.test_issue_dedup" name="test_format_similar_issues_comment_returns_none_for_empty" time="0.001" /><testcase classname="tests.scripts.test_issue_dedup_smoke" name="test_build_issue_payload_includes_optional_fields" time="0.001" /><testcase classname="tests.scripts.test_issue_dedup_smoke" name="test_format_body_with_note_handles_empty_body" time="0.001" /><testcase classname="tests.scripts.test_issue_dedup_smoke" name="test_format_body_with_note_appends_to_body" time="0.001" /><testcase classname="tests.scripts.test_issue_dedup_smoke" name="test_parse_source_issue_requires_number_and_title" time="0.002" /><testcase classname="tests.scripts.test_issue_dedup_smoke" name="test_build_duplicate_payload_uses_suffix_and_note" time="0.001" /><testcase classname="tests.scripts.test_issue_dedup_smoke" name="test_select_issue_by_query_skips_prs_and_matches_body" time="0.001" /><testcase classname="tests.scripts.test_issue_dedup_smoke" name="test_filter_issues_by_query_handles_empty_query" time="0.001" /><testcase classname="tests.scripts.test_issue_dedup_smoke" name="test_find_source_issue_scans_pages" time="0.002" /><testcase classname="tests.scripts.test_issue_dedup_smoke" name="test_collect_matching_issues_respects_limit" time="0.002" /><testcase classname="tests.scripts.test_issue_dedup_smoke" name="test_main_show_source_prints_issue" time="0.005" /><testcase classname="tests.scripts.test_issue_dedup_smoke" name="test_main_confirm_source_prints_confirmation" time="0.006" /><testcase classname="tests.scripts.test_issue_dedup_smoke" name="test_request_json_raises_on_error" time="0.002" /><testcase classname="tests.scripts.test_issue_dedup_smoke" name="test_request_json_returns_payload" time="0.001" /><testcase classname="tests.scripts.test_issue_dedup_smoke" name="test_request_json_retries_on_server_error" time="0.001" /><testcase classname="tests.scripts.test_issue_dedup_smoke" name="test_request_json_retries_on_request_exception" time="0.002" /><testcase classname="tests.scripts.test_issue_dedup_smoke" name="test_fetch_oauth_scopes_returns_header" time="0.001" /><testcase classname="tests.scripts.test_issue_dedup_smoke" name="test_fetch_oauth_scopes_returns_none_without_header" time="0.001" /><testcase classname="tests.scripts.test_issue_dedup_smoke" name="test_fetch_oauth_scopes_handles_missing_headers" time="0.001" /><testcase classname="tests.scripts.test_issue_dedup_smoke" name="test_fetch_oauth_scopes_retries_on_server_error" time="0.001" /><testcase classname="tests.scripts.test_issue_dedup_smoke" name="test_fetch_oauth_scopes_returns_none_on_request_error" time="0.001" /><testcase classname="tests.scripts.test_issue_dedup_smoke" name="test_find_dedup_comment_returns_match" time="0.001" /><testcase classname="tests.scripts.test_issue_dedup_smoke" name="test_extract_similar_issue_refs_parses_links_and_numbers" time="0.002" /><testcase classname="tests.scripts.test_issue_dedup_smoke" name="test_format_duplicate_confirmation_prefers_issue_number" time="0.002" /><testcase classname="tests.scripts.test_issue_dedup_smoke" name="test_format_duplicate_confirmation_falls_back_to_generic_message" time="0.001" /><testcase classname="tests.scripts.test_issue_dedup_smoke" name="test_matches_expected_duplicate_number" time="0.001" /><testcase classname="tests.scripts.test_issue_dedup_smoke" name="test_matches_expected_duplicate_url_normalizes_trailing_slash" time="0.001" /><testcase classname="tests.scripts.test_issue_dedup_smoke" name="test_main_check_issue_requires_expected_link" time="0.005" /><testcase classname="tests.scripts.test_issue_dedup_smoke" name="test_main_expected_link_requires_check_issue" time="0.005" /><testcase classname="tests.scripts.test_issue_dedup_smoke" name="test_main_requires_allowlist" time="0.004" /><testcase classname="tests.scripts.test_issue_dedup_smoke" name="test_main_requires_token" time="0.007" /><testcase classname="tests.scripts.test_issue_dedup_smoke" name="test_main_rejects_repo_not_in_allowlist" time="0.005" /><testcase classname="tests.scripts.test_issue_dedup_smoke" name="test_main_reads_allowlist_from_config" time="0.006" /><testcase classname="tests.scripts.test_issue_dedup_smoke" name="test_main_rejects_token_with_extra_scopes" time="0.007" /><testcase classname="tests.scripts.test_issue_dedup_smoke" name="test_main_accepts_token_with_allowed_scopes" time="0.005" /><testcase classname="tests.scripts.test_issue_dedup_smoke" name="test_main_dry_run_skips_issue_creation" time="0.006" /><testcase classname="tests.scripts.test_issue_dedup_smoke" name="test_main_prompts_before_creating_issue" time="0.005" /><testcase classname="tests.scripts.test_issue_dedup_smoke" name="test_main_yes_skips_confirmation" time="0.004" /><testcase classname="tests.scripts.test_issue_dedup_smoke" name="test_main_passes_retry_settings_to_create_issue" time="0.004" /><testcase classname="tests.scripts.test_issue_dedup_smoke" name="test_check_issue_for_duplicate_retries_until_found" time="0.001" /><testcase classname="tests.scripts.test_issue_dedup_smoke" name="test_check_issue_for_no_duplicate_returns_true" time="0.001" /><testcase classname="tests.scripts.test_issue_dedup_smoke" name="test_check_issue_for_no_duplicate_returns_false_on_match" time="0.001" /><testcase classname="tests.scripts.test_issue_formatter" name="test_format_issue_fallback_preserves_tasks_without_decomposition" time="0.007" /><testcase classname="tests.scripts.test_issue_formatter" name="test_format_issue_fallback_adds_sections_and_checkboxes" time="0.008" /><testcase classname="tests.scripts.test_issue_formatter" name="test_format_issue_fallback_strips_bullets_from_scope" time="0.002" /><testcase classname="tests.scripts.test_issue_formatter" name="test_format_issue_fallback_uses_placeholders" time="0.002" /><testcase classname="tests.scripts.test_issue_formatter" name="test_format_issue_fallback_preserves_raw_issue" time="0.001" /><testcase classname="tests.scripts.test_issue_formatter" name="test_format_issue_skips_append_when_input_has_original_issue" time="0.002" /><testcase classname="tests.scripts.test_issue_formatter" name="test_load_prompt_appends_feedback" time="0.004" /><testcase classname="tests.scripts.test_issue_formatter" name="test_format_issue_body_falls_back_without_llm_tokens" time="1.759" /><testcase classname="tests.scripts.test_issue_formatter" name="test_format_issue_body_llm_path_includes_raw_issue" time="0.976" /><testcase classname="tests.scripts.test_issue_formatter" name="test_format_issue_fallback_parses_aliases_and_preamble" time="0.001" /><testcase classname="tests.scripts.test_issue_formatter" name="test_format_issue_fallback_accepts_alpha_lists" time="0.001" /><testcase classname="tests.scripts.test_issue_formatter" name="test_format_issue_fallback_drops_code_fences_in_tasks" time="0.001" /><testcase classname="tests.scripts.test_issue_formatter" name="test_build_label_transition_matches_expected_labels" time="0.001" /><testcase classname="tests.scripts.test_issue_formatter" name="test_main_emits_json_with_labels" time="0.002" /><testcase classname="tests.scripts.test_issue_formatter" name="test_main_writes_output_file" time="0.003" /><testcase classname="tests.scripts.test_issue_formatter" name="test_main_reads_stdin_when_no_input_options" time="0.002" /><testcase classname="tests.scripts.test_issue_formatter" name="test_format_issue_body_rejects_oversized_input" time="0.001" /><testcase classname="tests.scripts.test_issue_optimizer" name="test_extract_suggestions_json_from_comment" time="0.001" /><testcase classname="tests.scripts.test_issue_optimizer" name="test_format_suggestions_comment_includes_key_sections" time="0.001" /><testcase classname="tests.scripts.test_issue_optimizer" name="test_apply_suggestions_fallback_adds_deferred_tasks" time="0.001" /><testcase classname="tests.scripts.test_issue_optimizer" name="test_apply_suggestions_fallback_inserts_decomposed_tasks" time="0.002" /><testcase classname="tests.scripts.test_issue_optimizer" name="test_apply_suggestions_normalizes_subtasks" time="0.001" /><testcase classname="tests.scripts.test_issue_optimizer" name="test_analyze_issue_invokes_llm_chain" time="0.004" /><testcase classname="tests.scripts.test_issue_optimizer" name="test_apply_suggestions_llm_path" time="0.004" /><testcase classname="tests.scripts.test_issue_optimizer" name="test_extract_suggestions_json_invalid_payload" time="0.001" /><testcase classname="tests.scripts.test_issue_optimizer" name="test_parse_sections_and_checklist_extracts_tasks" time="0.001" /><testcase classname="tests.scripts.test_issue_optimizer" name="test_parse_sections_accepts_plain_headings" time="0.001" /><testcase classname="tests.scripts.test_issue_optimizer" name="test_parse_checklist_handles_numbered_items" time="0.001" /><testcase classname="tests.scripts.test_issue_optimizer" name="test_parse_checklist_handles_alpha_items" time="0.001" /><testcase classname="tests.scripts.test_issue_optimizer" name="test_detect_blocked_and_subjective_criteria" time="0.001" /><testcase classname="tests.scripts.test_issue_optimizer" name="test_fallback_analysis_detects_missing_sections" time="0.001" /><testcase classname="tests.scripts.test_issue_optimizer" name="test_detect_task_splitting_uses_decomposer" time="0.001" /><testcase classname="tests.scripts.test_issue_optimizer" name="test_detect_task_splitting_flags_plus_separated" time="0.001" /><testcase classname="tests.scripts.test_issue_optimizer" name="test_ensure_task_decomposition_fills_missing_suggestions" time="0.001" /><testcase classname="tests.scripts.test_issue_optimizer" name="test_apply_task_decomposition_skips_when_missing_header" time="0.001" /><testcase classname="tests.scripts.test_issue_optimizer" name="test_apply_task_decomposition_handles_alpha_items" time="0.001" /><testcase classname="tests.scripts.test_issue_optimizer" name="test_extract_json_payload_with_wrapped_text" time="0.001" /><testcase classname="tests.scripts.test_issue_optimizer" name="test_formatted_output_validates_sections" time="0.001" /><testcase classname="tests.scripts.test_issue_optimizer" name="test_is_large_task_ignores_compound_slashes" time="0.001" /><testcase classname="tests.scripts.test_issue_optimizer" name="test_is_large_task_detects_other_separators" time="0.001" /><testcase classname="tests.scripts.test_issue_optimizer" name="test_analyze_issue_valid_output_no_repair" time="0.004" /><testcase classname="tests.scripts.test_issue_optimizer" name="test_analyze_issue_repairs_preamble_output" time="0.006" /><testcase classname="tests.scripts.test_issue_optimizer" name="test_analyze_issue_repairs_fenced_json" time="0.005" /><testcase classname="tests.scripts.test_issue_optimizer" name="test_analyze_issue_repairs_trailing_commas" time="0.005" /><testcase classname="tests.scripts.test_issue_optimizer" name="test_analyze_issue_repairs_once_then_falls_back" time="0.006" /><testcase classname="tests.scripts.test_issue_pattern_corpus" name="test_build_corpus_filters_successful" time="0.002" /><testcase classname="tests.scripts.test_issue_pattern_corpus" name="test_build_corpus_groups_patterns" time="0.002" /><testcase classname="tests.scripts.test_issue_pattern_feedback" name="test_build_feedback_with_patterns" time="0.001" /><testcase classname="tests.scripts.test_issue_pattern_feedback" name="test_main_writes_feedback" time="0.003" /><testcase classname="tests.scripts.test_issue_pattern_feedback" name="test_main_missing_corpus_returns_error" time="0.002" /><testcase classname="tests.scripts.test_issue_pattern_report" name="test_build_report_with_patterns" time="0.001" /><testcase classname="tests.scripts.test_issue_pattern_report" name="test_main_writes_report" time="0.003" /><testcase classname="tests.scripts.test_issue_pattern_report" name="test_main_missing_corpus_returns_error" time="0.002" /><testcase classname="tests.scripts.test_keepalive_metrics_collector" name="test_validate_record_accepts_valid_payload" time="0.001" /><testcase classname="tests.scripts.test_keepalive_metrics_collector" name="test_validate_record_accepts_post_merge_payload" time="0.001" /><testcase classname="tests.scripts.test_keepalive_metrics_collector" name="test_validate_record_rejects_missing_fields" time="0.001" /><testcase classname="tests.scripts.test_keepalive_metrics_collector" name="test_validate_record_rejects_invalid_types" time="0.001" /><testcase classname="tests.scripts.test_keepalive_metrics_collector" name="test_validate_record_rejects_invalid_timestamp" time="0.001" /><testcase classname="tests.scripts.test_keepalive_metrics_collector" name="test_append_record_appends_lines" time="0.002" /><testcase classname="tests.scripts.test_keepalive_metrics_collector" name="test_is_int_rejects_bool" time="0.001" /><testcase classname="tests.scripts.test_keepalive_metrics_collector" name="test_is_number_rejects_bool" time="0.001" /><testcase classname="tests.scripts.test_keepalive_metrics_collector" name="test_parse_timestamp_validates_timezone" time="0.001" /><testcase classname="tests.scripts.test_keepalive_metrics_collector" name="test_coerce_int_rejects_invalid_value" time="0.001" /><testcase classname="tests.scripts.test_keepalive_metrics_collector" name="test_build_record_from_args_defaults_timestamp" time="0.001" /><testcase classname="tests.scripts.test_keepalive_metrics_collector" name="test_load_record_from_json_adds_timestamp" time="0.001" /><testcase classname="tests.scripts.test_keepalive_metrics_collector" name="test_load_record_from_json_rejects_invalid_payloads" time="0.001" /><testcase classname="tests.scripts.test_keepalive_metrics_collector" name="test_iter_errors_formats_validation_error" time="0.001" /><testcase classname="tests.scripts.test_keepalive_metrics_collector" name="test_validate_record_rejects_specific_fields[pr_number-True-pr_number must be an integer]" time="0.001" /><testcase classname="tests.scripts.test_keepalive_metrics_collector" name="test_validate_record_rejects_specific_fields[iteration-two-iteration must be an integer]" time="0.001" /><testcase classname="tests.scripts.test_keepalive_metrics_collector" name="test_validate_record_rejects_specific_fields[action-  -action must be a non-empty string]" time="0.001" /><testcase classname="tests.scripts.test_keepalive_metrics_collector" name="test_validate_record_rejects_specific_fields[error_category--error_category must be a non-empty string]" time="0.002" /><testcase classname="tests.scripts.test_keepalive_metrics_collector" name="test_validate_record_rejects_specific_fields[tasks_total-ten-tasks_total must be an integer]" time="0.001" /><testcase classname="tests.scripts.test_keepalive_metrics_collector" name="test_validate_record_rejects_specific_fields[tasks_complete-None-tasks_complete must be an integer]" time="0.001" /><testcase classname="tests.scripts.test_keepalive_metrics_collector" name="test_validate_post_merge_rejects_specific_fields[metric_type-unknown-metric_type must be 'post-merge']" time="0.001" /><testcase classname="tests.scripts.test_keepalive_metrics_collector" name="test_validate_post_merge_rejects_specific_fields[iteration_count-two-iteration_count must be an integer]" time="0.001" /><testcase classname="tests.scripts.test_keepalive_metrics_collector" name="test_validate_post_merge_rejects_specific_fields[completion_rate-full-completion_rate must be a number]" time="0.001" /><testcase classname="tests.scripts.test_keepalive_metrics_collector" name="test_validate_post_merge_rejects_specific_fields[human_interventions-None-human_interventions must be an integer]" time="0.001" /><testcase classname="tests.scripts.test_keepalive_metrics_collector" name="test_validate_post_merge_rejects_out_of_range_completion_rate" time="0.001" /><testcase classname="tests.scripts.test_keepalive_metrics_collector" name="test_utc_now_iso_format" time="0.001" /><testcase classname="tests.scripts.test_keepalive_metrics_collector" name="test_main_writes_record_from_args" time="0.003" /><testcase classname="tests.scripts.test_keepalive_metrics_collector" name="test_main_reports_missing_required_args" time="0.002" /><testcase classname="tests.scripts.test_keepalive_metrics_collector" name="test_main_handles_record_json_errors" time="0.002" /><testcase classname="tests.scripts.test_keepalive_metrics_dashboard_unit" name="test_safe_int_handles_empty_invalid" time="0.001" /><testcase classname="tests.scripts.test_keepalive_metrics_dashboard_unit" name="test_read_ndjson_handles_invalid_lines" time="0.002" /><testcase classname="tests.scripts.test_keepalive_metrics_dashboard_unit" name="test_read_ndjson_missing_file" time="0.001" /><testcase classname="tests.scripts.test_keepalive_metrics_dashboard_unit" name="test_format_rate_handles_zero_denominator" time="0.001" /><testcase classname="tests.scripts.test_keepalive_metrics_dashboard_unit" name="test_status_thresholds_and_overall" time="0.001" /><testcase classname="tests.scripts.test_keepalive_metrics_dashboard_unit" name="test_summarise_normalizes_categories_and_iterations" time="0.001" /><testcase classname="tests.scripts.test_keepalive_metrics_dashboard_unit" name="test_summarise_skips_post_merge_records" time="0.001" /><testcase classname="tests.scripts.test_keepalive_metrics_dashboard_unit" name="test_build_parser_defaults" time="0.001" /><testcase classname="tests.scripts.test_keepalive_metrics_dashboard_unit" name="test_main_missing_path_returns_error" time="0.002" /><testcase classname="tests.scripts.test_keepalive_metrics_dashboard_unit" name="test_main_writes_output" time="0.003" /><testcase classname="tests.scripts.test_keepalive_metrics_dashboard_unit" name="test_build_dashboard_handles_empty_records" time="0.001" /><testcase classname="tests.scripts.test_keepalive_metrics_dashboard_unit" name="test_build_dashboard_single_record" time="0.001" /><testcase classname="tests.scripts.test_keepalive_metrics_dashboard_unit" name="test_build_dashboard_multiple_records" time="0.001" /><testcase classname="tests.scripts.test_keepalive_metrics_integration" name="test_keepalive_metrics_smoke" time="0.044" /><testcase classname="tests.scripts.test_keepalive_post_merge_metrics" name="test_build_post_merge_record_computes_from_keepalive_records" time="0.001" /><testcase classname="tests.scripts.test_keepalive_post_merge_metrics" name="test_build_post_merge_record_rejects_missing_records" time="0.001" /><testcase classname="tests.scripts.test_keepalive_post_merge_metrics" name="test_main_writes_post_merge_record" time="0.003" /><testcase classname="tests.scripts.test_label_matcher" name="test_build_label_vector_store_uses_faiss_from_texts" time="0.001" /><testcase classname="tests.scripts.test_label_matcher" name="test_build_label_vector_store_returns_none_without_client" time="0.001" /><testcase classname="tests.scripts.test_label_matcher" name="test_build_label_vector_store_rejects_invalid_label_iterables" time="0.002" /><testcase classname="tests.scripts.test_label_matcher" name="test_build_label_vector_store_rejects_invalid_label_entries" time="0.001" /><testcase classname="tests.scripts.test_label_matcher" name="test_find_similar_labels_filters_by_relevance_score" time="0.001" /><testcase classname="tests.scripts.test_label_matcher" name="test_find_similar_labels_converts_distance_scores" time="0.001" /><testcase classname="tests.scripts.test_label_matcher" name="test_find_similar_labels_rejects_invalid_inputs" time="0.001" /><testcase classname="tests.scripts.test_label_matcher" name="test_find_similar_labels_handles_missing_metadata_name" time="0.001" /><testcase classname="tests.scripts.test_label_matcher" name="test_resolve_label_match_prefers_exact_for_short_labels" time="0.001" /><testcase classname="tests.scripts.test_label_matcher" name="test_resolve_label_match_uses_semantic_search" time="0.001" /><testcase classname="tests.scripts.test_label_matcher" name="test_find_similar_labels_keyword_bug_match" time="0.001" /><testcase classname="tests.scripts.test_label_matcher" name="test_find_similar_labels_keyword_feature_match" time="0.001" /><testcase classname="tests.scripts.test_label_matcher" name="test_find_similar_labels_keyword_feature_phrase_match" time="0.001" /><testcase classname="tests.scripts.test_label_matcher" name="test_find_similar_labels_keyword_multicategory_match" time="0.001" /><testcase classname="tests.scripts.test_label_matcher" name="test_find_similar_labels_keyword_docs_description_match" time="0.001" /><testcase classname="tests.scripts.test_label_matcher" name="test_find_similar_labels_appends_keyword_matches_after_semantic" time="0.001" /><testcase classname="tests.scripts.test_label_matcher" name="test_find_similar_labels_dedupes_normalized_keyword_matches" time="0.001" /><testcase classname="tests.scripts.test_label_matcher" name="test_resolve_label_match_keyword_bug_match" time="0.001" /><testcase classname="tests.scripts.test_label_matcher" name="test_resolve_label_match_keyword_feature_match" time="0.001" /><testcase classname="tests.scripts.test_ledger_migrate_base" name="test_detect_default_branch_explicit_override" time="0.001" /><testcase classname="tests.scripts.test_ledger_migrate_base" name="test_detect_default_branch_from_remote_show" time="0.001" /><testcase classname="tests.scripts.test_ledger_migrate_base" name="test_detect_default_branch_from_symbolic_ref_origin" time="0.001" /><testcase classname="tests.scripts.test_ledger_migrate_base" name="test_detect_default_branch_ignores_blank_head_branch" time="0.001" /><testcase classname="tests.scripts.test_ledger_migrate_base" name="test_detect_default_branch_returns_raw_ref" time="0.001" /><testcase classname="tests.scripts.test_ledger_migrate_base" name="test_detect_default_branch_falls_back_to_current_branch" time="0.001" /><testcase classname="tests.scripts.test_ledger_migrate_base" name="test_detect_default_branch_falls_back_to_head" time="0.001" /><testcase classname="tests.scripts.test_ledger_migrate_base" name="test_detect_default_branch_from_rev_parse" time="0.001" /><testcase classname="tests.scripts.test_ledger_migrate_base" name="test_detect_default_branch_requires_fallback" time="0.001" /><testcase classname="tests.scripts.test_ledger_migrate_base" name="test_run_git_returns_stdout" time="0.001" /><testcase classname="tests.scripts.test_ledger_migrate_base" name="test_load_ledger_requires_mapping" time="0.002" /><testcase classname="tests.scripts.test_ledger_migrate_base" name="test_load_ledger_returns_none_for_non_string_base" time="0.003" /><testcase classname="tests.scripts.test_ledger_migrate_base" name="test_migrate_ledger_updates_when_needed" time="0.003" /><testcase classname="tests.scripts.test_ledger_migrate_base" name="test_migrate_ledger_check_mode_does_not_write" time="0.002" /><testcase classname="tests.scripts.test_ledger_migrate_base" name="test_migrate_ledger_noop_when_matching" time="0.002" /><testcase classname="tests.scripts.test_ledger_migrate_base" name="test_migrate_ledger_noop_when_matching_without_check" time="0.002" /><testcase classname="tests.scripts.test_ledger_migrate_base" name="test_find_repo_root_wraps_git_failure" time="0.001" /><testcase classname="tests.scripts.test_ledger_migrate_base" name="test_find_repo_root_returns_path" time="0.001" /><testcase classname="tests.scripts.test_ledger_migrate_base" name="test_discover_ledgers_lists_agents" time="0.002" /><testcase classname="tests.scripts.test_ledger_migrate_base" name="test_discover_ledgers_returns_empty_when_missing" time="0.001" /><testcase classname="tests.scripts.test_ledger_migrate_base" name="test_main_reports_no_ledgers" time="0.002" /><testcase classname="tests.scripts.test_ledger_migrate_base" name="test_main_check_reports_no_mismatches" time="0.003" /><testcase classname="tests.scripts.test_ledger_migrate_base" name="test_main_check_reports_mismatches" time="0.003" /><testcase classname="tests.scripts.test_ledger_migrate_base" name="test_main_updates_ledgers" time="0.004" /><testcase classname="tests.scripts.test_ledger_migrate_base" name="test_main_emits_error_on_detection_failure" time="0.002" /><testcase classname="tests.scripts.test_ledger_migrate_base" name="test_main_reports_no_updates" time="0.002" /><testcase classname="tests.scripts.test_ledger_validate" name="test_validate_ledger_reports_schema_errors" time="0.003" /><testcase classname="tests.scripts.test_ledger_validate" name="test_validate_ledger_flags_invalid_headers" time="0.004" /><testcase classname="tests.scripts.test_ledger_validate" name="test_validate_ledger_task_rules" time="0.021" /><testcase classname="tests.scripts.test_ledger_validate" name="test_commit_validation_for_done_task" time="0.005" /><testcase classname="tests.scripts.test_ledger_validate" name="test_find_ledgers_returns_expected_paths" time="0.002" /><testcase classname="tests.scripts.test_ledger_validate" name="test_load_yaml_invalid_raises_ledger_error" time="0.003" /><testcase classname="tests.scripts.test_ledger_validate" name="test_validate_timestamp_formats_are_checked" time="0.002" /><testcase classname="tests.scripts.test_ledger_validate" name="test_validate_timestamp_rejects_non_iso_format" time="0.002" /><testcase classname="tests.scripts.test_ledger_validate" name="test_ensure_type_allows_none" time="0.002" /><testcase classname="tests.scripts.test_ledger_validate" name="test_commit_files_raises_for_unknown_commit" time="0.002" /><testcase classname="tests.scripts.test_ledger_validate" name="test_pull_request_head_repo_url_reads_event" time="0.002" /><testcase classname="tests.scripts.test_ledger_validate" name="test_pull_request_head_repo_url_uses_full_name" time="0.002" /><testcase classname="tests.scripts.test_ledger_validate" name="test_pull_request_head_repo_url_includes_token" time="0.002" /><testcase classname="tests.scripts.test_ledger_validate" name="test_fetch_commit_succeeds_without_retry" time="0.002" /><testcase classname="tests.scripts.test_ledger_validate" name="test_fetch_commit_retries_after_deepen" time="0.002" /><testcase classname="tests.scripts.test_ledger_validate" name="test_fetch_commit_continues_after_failed_retry" time="0.002" /><testcase classname="tests.scripts.test_ledger_validate" name="test_commit_files_fetches_history" time="0.002" /><testcase classname="tests.scripts.test_ledger_validate" name="test_commit_subject_fetches_history" time="0.002" /><testcase classname="tests.scripts.test_ledger_validate" name="test_commit_subject_raises_for_unknown_commit" time="0.002" /><testcase classname="tests.scripts.test_ledger_validate" name="test_validate_ledger_rejects_non_mapping_task" time="0.004" /><testcase classname="tests.scripts.test_ledger_validate" name="test_validate_task_commit_rules" time="0.002" /><testcase classname="tests.scripts.test_ledger_validate" name="test_validate_task_invalid_fields" time="0.002" /><testcase classname="tests.scripts.test_ledger_validate" name="test_validate_task_done_requires_valid_commit" time="0.002" /><testcase classname="tests.scripts.test_ledger_validate" name="test_validate_task_commit_has_no_files" time="0.002" /><testcase classname="tests.scripts.test_ledger_validate" name="test_validate_task_commit_type_and_duplicate_ids" time="0.002" /><testcase classname="tests.scripts.test_ledger_validate" name="test_validate_task_handles_commit_errors" time="0.002" /><testcase classname="tests.scripts.test_ledger_validate" name="test_validate_task_skips_missing_commit_when_allowed" time="0.002" /><testcase classname="tests.scripts.test_ledger_validate" name="test_validate_task_commit_subject_failure" time="0.002" /><testcase classname="tests.scripts.test_ledger_validate" name="test_validate_task_allows_non_agents_files" time="0.002" /><testcase classname="tests.scripts.test_ledger_validate" name="test_find_ledgers_respects_explicit_paths" time="0.002" /><testcase classname="tests.scripts.test_ledger_validate" name="test_find_ledgers_returns_empty_when_missing" time="0.002" /><testcase classname="tests.scripts.test_ledger_validate" name="test_main_reports_validated_ledgers" time="0.007" /><testcase classname="tests.scripts.test_ledger_validate" name="test_main_reports_no_ledgers" time="0.003" /><testcase classname="tests.scripts.test_ledger_validate" name="test_main_prints_errors_to_stderr" time="0.007" /><testcase classname="tests.scripts.test_ledger_validate" name="test_main_json_output_includes_errors" time="0.007" /><testcase classname="tests.scripts.test_ledger_validate" name="test_bulk_check_commits_identifies_known" time="0.002" /><testcase classname="tests.scripts.test_ledger_validate" name="test_bulk_check_commits_handles_abbreviated_shas" time="0.002" /><testcase classname="tests.scripts.test_ledger_validate" name="test_prefetch_commits_deduplicates" time="0.007" /><testcase classname="tests.scripts.test_ledger_validate" name="test_commit_files_cache_avoids_repeat_calls" time="0.002" /><testcase classname="tests.scripts.test_ledger_validate" name="test_commit_exists_locally" time="0.002" /><testcase classname="tests.scripts.test_metrics_alerting" name="test_build_alerts_success_rate_warning" time="0.001" /><testcase classname="tests.scripts.test_metrics_alerting" name="test_build_alerts_duration_p95_critical" time="0.001" /><testcase classname="tests.scripts.test_metrics_alerting" name="test_append_alert_history" time="0.002" /><testcase classname="tests.scripts.test_metrics_alerting" name="test_main_creates_issue_and_records_history" time="0.003" /><testcase classname="tests.scripts.test_metrics_alerting" name="test_main_dedup_skips_issue_create" time="0.003" /><testcase classname="tests.scripts.test_metrics_alerting" name="test_main_sends_slack_notification" time="0.004" /><testcase classname="tests.scripts.test_metrics_dashboard_generator" name="test_build_dashboard_includes_repo_sections" time="0.001" /><testcase classname="tests.scripts.test_metrics_dashboard_generator" name="test_build_dashboard_handles_missing_fields" time="0.001" /><testcase classname="tests.scripts.test_metrics_dashboard_generator" name="test_build_dashboard_reports_no_numeric_metrics" time="0.001" /><testcase classname="tests.scripts.test_metrics_dashboard_generator" name="test_parse_field_list_splits_commas" time="0.001" /><testcase classname="tests.scripts.test_metrics_dashboard_generator" name="test_load_config_validates_fields" time="0.002" /><testcase classname="tests.scripts.test_metrics_dashboard_generator" name="test_main_uses_config_defaults" time="0.003" /><testcase classname="tests.scripts.test_issue_formatter" name="test_format_issue_body_llm_invalid_output_falls_back" time="0.005" /><testcase classname="tests.scripts.test_metrics_dashboard_generator" name="test_main_resolves_relative_config_paths" time="0.004" /><testcase classname="tests.scripts.test_metrics_dashboard_generator" name="test_build_dashboard_includes_status_thresholds" time="0.001" /><testcase classname="tests.scripts.test_metrics_dashboard_generator" name="test_load_config_rejects_thresh
[...]
stcase classname="tests.workflows.test_disable_legacy_workflows" name="test_canonical_workflow_names_match_expected_mapping" time="0.001" /><testcase classname="tests.workflows.test_disable_legacy_workflows" name="test_disable_handles_non_disableable_workflow" time="0.002" /><testcase classname="tests.workflows.test_disable_legacy_workflows" name="test_disable_legacy_workflows_keeps_allowlisted_and_disables_others" time="0.001" /><testcase classname="tests.workflows.test_disable_legacy_workflows" name="test_disable_legacy_workflows_dry_run_skips_http_requests" time="0.001" /><testcase classname="tests.workflows.test_disable_legacy_workflows" name="test_extract_next_link_handles_missing_header" time="0.001" /><testcase classname="tests.workflows.test_disable_legacy_workflows" name="test_extract_next_link_scans_all_params_for_next_relation" time="0.001" /><testcase classname="tests.workflows.test_disable_legacy_workflows" name="test_extract_next_link_ignores_non_next_relations" time="0.001" /><testcase classname="tests.workflows.test_disable_legacy_workflows" name="test_extract_next_link_handles_multiple_segments" time="0.001" /><testcase classname="tests.workflows.test_disable_legacy_workflows" name="test_normalize_allowlist_trims_and_splits_values" time="0.001" /><testcase classname="tests.workflows.test_disable_legacy_workflows" name="test_normalize_allowlist_skips_empty_tokens" time="0.001" /><testcase classname="tests.workflows.test_disable_legacy_workflows" name="test_normalized_slug_handles_disabled_suffix" time="0.001" /><testcase classname="tests.workflows.test_disable_legacy_workflows" name="test_extract_workflow_name_prefers_yaml_name" time="0.003" /><testcase classname="tests.workflows.test_disable_legacy_workflows" name="test_extract_workflow_name_falls_back_on_parse_errors" time="0.003" /><testcase classname="tests.workflows.test_disable_legacy_workflows" name="test_http_request_and_list_all_workflows_stubs_return_empty" time="0.001" /><testcase classname="tests.workflows.test_github_api_retry_standard" name="test_retry_wrappers_cover_rest_calls" time="1.703" /><testcase classname="tests.workflows.test_codex_belt_pipeline" name="test_worker_github_rest_calls_use_with_retry" time="0.286" /><testcase classname="tests.workflows.test_autofix_pipeline_tools" name="test_fix_numpy_asserts_rewrites_array_equality" time="0.005" /><testcase classname="tests.workflows.test_github_api_retry_transient" name="test_transient_retry_post_is_disabled_by_default" time="0.040" /><testcase classname="tests.workflows.test_github_api_retry_transient" name="test_transient_retry_post_requires_opt_in" time="0.042" /><testcase classname="tests.workflows.test_issue_bridge_triggers.TestIssueBridgeTriggers" name="test_chatgpt_sync_issues_format_works" time="0.279" /><testcase classname="tests.workflows.test_disable_legacy_workflows" name="test_canonical_workflow_files_match_inventory" time="0.002" /><testcase classname="tests.workflows.test_github_api_retry_transient" name="test_transient_retry_get_is_idempotent" time="0.041" /><testcase classname="tests.workflows.test_issue_bridge_triggers.TestIssueBridgeTriggers" name="test_condition_handles_unlabeled_correctly" time="0.276" /><testcase classname="tests.workflows.test_issue_bridge_triggers.TestIssueBridgeTriggers" name="test_condition_handles_opened_with_agent_label" time="0.001" /><testcase classname="tests.workflows.test_issue_bridge_triggers.TestIssueBridgeTriggers" name="test_normalize_job_has_correct_condition" time="0.276" /><testcase classname="tests.workflows.test_issue_bridge_triggers.TestIssueBridgeTriggers" name="test_condition_logic_structure" time="0.276" /><testcase classname="tests.workflows.test_issue_bridge_triggers.TestIssueBridgeTriggers" name="test_workflow_listens_for_issue_events" time="0.277" /><testcase classname="tests.workflows.test_issue_bridge_triggers.TestIssueBridgeTriggers" name="test_condition_supports_any_agent_label" time="0.272" /><testcase classname="tests.workflows.test_keepalive_guard_utils" name="test_guard_analysis_counts_gate_and_non_gate" time="0.043" /><testcase classname="tests.workflows.test_keepalive_loop_rate_limit" name="test_keepalive_loop_bypasses_rate_limit_cancellation" time="0.068" /><testcase classname="tests.workflows.test_keepalive_loop_rate_limit" name="test_keepalive_loop_defers_on_gate_rate_limit_signal" time="0.065" /><testcase classname="tests.workflows.test_issue_bridge_triggers.TestIssueBridgeTriggers" name="test_workflow_triggers_on_opened_labeled_reopened_unlabeled" time="0.290" /><testcase classname="tests.workflows.test_keepalive_loop_rate_limit" name="test_keepalive_loop_defers_on_success_when_rate_limit_exhausted" time="0.067" /><testcase classname="tests.workflows.test_keepalive_post_work" name="test_keepalive_sync_update_branch_success" time="0.050" /><testcase classname="tests.workflows.test_keepalive_post_work" name="test_keepalive_sync_create_pr_flow" time="0.056" /><testcase classname="tests.workflows.test_keepalive_post_work" name="test_keepalive_sync_escalation_adds_label_and_comment" time="0.053" /><testcase classname="tests.workflows.test_keepalive_post_work" name="test_keepalive_sync_dispatches_head_repo_for_fork" time="0.056" /><testcase classname="tests.workflows.test_keepalive_guard_utils" name="test_guard_analysis_handles_legacy_comments" time="0.040" /><testcase classname="tests.workflows.test_keepalive_post_work" name="test_keepalive_sync_detects_head_change_without_actions" time="0.051" /><testcase classname="tests.workflows.test_keepalive_post_work" name="test_keepalive_sync_skips_fork_without_head_repo" time="0.049" /><testcase classname="tests.workflows.test_github_api_retry_standard" name="test_retry_wrappers_cover_pagination" time="1.693" /><testcase classname="tests.workflows.test_keepalive_workflow" name="test_keepalive_skip_requested" time="0.054" /><testcase classname="tests.workflows.test_keepalive_workflow" name="test_keepalive_dry_run_records_previews" time="0.309" /><testcase classname="tests.workflows.test_keepalive_workflow" name="test_keepalive_idle_threshold_logic" time="0.301" /><testcase classname="tests.workflows.test_keepalive_workflow" name="test_keepalive_dedupes_configuration" time="0.296" /><testcase classname="tests.workflows.test_keepalive_workflow" name="test_keepalive_prefers_non_placeholder_sections" time="0.288" /><testcase classname="tests.workflows.test_keepalive_workflow" name="test_keepalive_waits_for_recent_command" time="0.305" /><testcase classname="tests.workflows.test_keepalive_workflow" name="test_keepalive_ignores_codeblock_checklists" time="0.288" /><testcase classname="tests.workflows.test_keepalive_workflow" name="test_keepalive_skips_unapproved_comment_author" time="0.309" /><testcase classname="tests.workflows.test_keepalive_workflow" name="test_keepalive_respects_paused_label" time="0.302" /><testcase classname="tests.workflows.test_keepalive_workflow" name="test_keepalive_handles_paged_comments" time="0.291" /><testcase classname="tests.workflows.test_keepalive_workflow" name="test_keepalive_posts_new_comment_for_next_round" time="0.313" /><testcase classname="tests.workflows.test_autofix_pipeline_diverse" name="test_autofix_pipeline_handles_diverse_errors" time="5.597" /><testcase classname="tests.workflows.test_keepalive_workflow" name="test_keepalive_upgrades_legacy_comment" time="0.291" /><testcase classname="tests.workflows.test_keepalive_workflow" name="test_keepalive_skips_non_codex_branches" time="0.318" /><testcase classname="tests.workflows.test_keepalive_workflow" name="test_keepalive_includes_placeholders_when_sections_missing" time="0.284" /><testcase classname="tests.workflows.test_keepalive_workflow" name="test_keepalive_skips_cli_agent_labels" time="0.270" /><testcase classname="tests.workflows.test_keepalive_workflow" name="test_keepalive_requires_dispatch_token" time="0.050" /><testcase classname="tests.workflows.test_keepalive_workflow" name="test_keepalive_requires_instruction_token" time="0.052" /><testcase classname="tests.workflows.test_keepalive_workflow" name="test_keepalive_prefers_dedicated_dispatch_token" time="0.308" /><testcase classname="tests.workflows.test_reusable_ci_workflow" name="test_matrix_expression_supports_arrays_and_singletons" time="0.001" /><testcase classname="tests.workflows.test_reusable_ci_workflow" name="test_workflow_inputs_include_python_version_defaults" time="0.510" /><testcase classname="tests.workflows.test_keepalive_workflow" name="test_keepalive_fails_when_required_labels_missing" time="0.273" /><testcase classname="tests.workflows.test_keepalive_workflow" name="test_keepalive_dispatches_with_whitespace_action_token" time="0.295" /><testcase classname="tests.workflows.test_keepalive_workflow" name="test_keepalive_dispatches_with_service_bot_pat" time="0.288" /><testcase classname="tests.workflows.test_reusable_ci_workflow" name="test_artifact_names_normalized" time="0.463" /><testcase classname="tests.workflows.test_reusable_ci_workflow" name="test_working_directory_propagates_to_steps" time="0.460" /><testcase classname="tests.workflows.test_reusable_ci_workflow" name="test_workflow_uses_shared_mypy_pin_helper" time="0.448" /><testcase classname="tests.workflows.test_workflow_agents_consolidation" name="test_agents_orchestrator_inputs_and_uses" time="0.002" /><testcase classname="tests.workflows.test_workflow_agents_consolidation" name="test_reusable_agents_workflow_structure" time="0.001" /><testcase classname="tests.workflows.test_workflow_agents_consolidation" name="test_legacy_agent_workflows_removed" time="0.002" /><testcase classname="tests.workflows.test_workflow_agents_consolidation" name="test_agent_watchdog_workflow_absent" time="0.001" /><testcase classname="tests.workflows.test_workflow_agents_consolidation" name="test_issue_intake_handles_codex_events" time="0.283" /><testcase classname="tests.workflows.test_workflow_agents_consolidation" name="test_agents_orchestrator_exposes_dry_run_toggle" time="0.002" /><testcase classname="tests.workflows.test_workflow_agents_consolidation" name="test_issue_bridge_tracks_keepalive_mode" time="0.001" /><testcase classname="tests.workflows.test_workflow_agents_consolidation" name="test_issue_bridge_keepalive_dispatch_disabled" time="0.001" /><testcase classname="tests.workflows.test_workflow_agents_consolidation" name="test_keepalive_job_present" time="0.001" /><testcase classname="tests.workflows.test_workflow_agents_consolidation" name="test_agents_pr_meta_keepalive_configuration" time="0.116" /><testcase classname="tests.workflows.test_reusable_workflow_outputs_doc" name="test_reusable_workflow_outputs_documented" time="2.850" /><testcase classname="tests.workflows.test_workflow_agents_consolidation" name="test_keepalive_job_defined_once" time="0.216" /><testcase classname="tests.workflows.test_workflow_agents_consolidation" name="test_codex_bootstrap_lite_surfaces_keepalive_mode" time="0.002" /><testcase classname="tests.workflows.test_workflow_agents_consolidation" name="test_bootstrap_filters_by_requested_label" time="0.001" /><testcase classname="tests.workflows.test_workflow_agents_consolidation" name="test_bootstrap_uses_paginated_issue_scan" time="0.001" /><testcase classname="tests.workflows.test_workflow_agents_consolidation" name="test_bootstrap_summary_includes_scope_and_counts" time="0.001" /><testcase classname="tests.workflows.test_workflow_agents_consolidation" name="test_bootstrap_summary_mentions_truncation_notice" time="0.001" /><testcase classname="tests.workflows.test_workflow_agents_consolidation" name="test_bootstrap_dedupes_duplicate_labels" time="0.001" /><testcase classname="tests.workflows.test_workflow_agents_consolidation" name="test_bootstrap_label_filter_is_case_insensitive" time="0.001" /><testcase classname="tests.workflows.test_workflow_agents_consolidation" name="test_bootstrap_guard_clears_outputs_on_failure" time="0.001" /><testcase classname="tests.workflows.test_workflow_agents_consolidation" name="test_run_summary_dedupes_stage_entries" time="0.001" /><testcase classname="tests.workflows.test_workflow_agents_consolidation" name="test_agents_orchestrator_has_concurrency_defaults" time="0.647" /><testcase classname="tests.workflows.test_workflow_agents_consolidation" name="test_bootstrap_label_fallback_emits_notice" time="0.001" /><testcase classname="tests.workflows.test_workflow_agents_consolidation" name="test_orchestrator_jobs_checkout_scripts_before_local_requires" time="0.744" /><testcase classname="tests.workflows.test_workflow_agents_consolidation" name="test_agents_orchestrator_schedule_preserved" time="0.044" /><testcase classname="tests.workflows.test_workflow_agents_consolidation" name="test_bootstrap_step_defaults_label_when_missing" time="0.001" /><testcase classname="tests.workflows.test_workflow_agents_consolidation" name="test_agents_consumer_workflow_removed" time="0.001" /><testcase classname="tests.workflows.test_workflow_agents_consolidation" name="test_agent_task_template_auto_labels_codex" time="0.025" /><testcase classname="tests.workflows.test_workflow_agents_consolidation" name="test_codex_issue_forms_require_scope_tasks_acceptance" time="0.042" /><testcase classname="tests.workflows.test_workflow_agents_consolidation" name="test_issue_intake_guard_checks_agent_label" time="0.001" /><testcase classname="tests.workflows.test_workflow_agents_consolidation" name="test_reusable_agents_jobs_have_timeouts" time="0.219" /><testcase classname="tests.workflows.test_workflow_agents_consolidation" name="test_gate_workflow_uses_fork_head_for_script_tests_and_ledger" time="0.197" /><testcase classname="tests.workflows.test_workflow_agents_consolidation" name="test_keepalive_summary_reports_scope_and_activity" time="0.001" /><testcase classname="tests.workflows.test_workflow_agents_consolidation" name="test_keepalive_summary_includes_skip_notice" time="0.002" /><testcase classname="tests.workflows.test_workflow_agents_consolidation" name="test_reusable_watchdog_job_gated_by_flag" time="0.215" /><testcase classname="tests.workflows.test_workflow_agents_consolidation" name="test_keepalive_dedupes_scope_configuration" time="0.002" /><testcase classname="tests.workflows.test_workflow_agents_consolidation" name="test_orchestrator_documents_keepalive_pause_controls" time="0.045" /><testcase classname="tests.workflows.test_workflow_agents_consolidation" name="test_orchestrator_handles_keepalive_pause_label" time="0.002" /><testcase classname="tests.workflows.test_workflow_agents_consolidation" name="test_orchestrator_forwards_enable_watchdog_flag" time="0.598" /><testcase classname="tests.workflows.test_workflow_agents_consolidation" name="test_keepalive_job_runs_after_failures" time="0.215" /><testcase classname="tests.workflows.test_workflow_archival_issue2823" name="test_superseded_workflows_absent_from_inventory" time="0.002" /><testcase classname="tests.workflows.test_workflow_archival_issue2823" name="test_archive_ledger_lists_superseded_workflows" time="0.001" /><testcase classname="tests.workflows.test_workflow_autofix_guard" name="test_gate_summary_uses_post_ci_helper" time="0.001" /><testcase classname="tests.workflows.test_workflow_autofix_guard" name="test_reusable_autofix_guard_applies_to_all_steps" time="0.323" /><testcase classname="tests.workflows.test_workflow_agents_consolidation" name="test_keepalive_gate_job_handles_missing_pull_request_metadata" time="0.121" /><testcase classname="tests.workflows.test_workflow_autofix_guard" name="test_reusable_autofix_allows_patless_fallback" time="0.319" /><testcase classname="tests.workflows.test_workflow_autofix_guard" name="test_reusable_autofix_splits_push_and_patch_paths" time="0.324" /><testcase classname="tests.workflows.test_workflow_autofix_guard" name="test_autofix_trivial_keywords_cover_lint_type_and_tests" time="0.002" /><testcase classname="tests.workflows.test_workflow_multi_failure_demo" name="test_mypy_failure" time="0.001" /><testcase classname="tests.workflows.test_workflow_multi_failure_demo" name="test_cosmetic_failure" time="0.001" /><testcase classname="tests.workflows.test_workflow_multi_failure_demo" name="test_lint_failure" time="0.001" /><testcase classname="tests.workflows.test_workflow_naming" name="test_workflow_slugs_follow_wfv1_prefixes" time="0.003" /><testcase classname="tests.workflows.test_workflow_naming" name="test_archive_directories_removed" time="0.001" /><testcase classname="tests.workflows.test_workflow_naming" name="test_docs_only_fast_path_workflow_removed" time="0.001" /><testcase classname="tests.workflows.test_workflow_naming" name="test_gate_docs_only_branching_logic" time="0.207" /><testcase classname="tests.workflows.test_workflow_naming" name="test_inventory_docs_list_all_workflows" time="0.008" /><testcase classname="tests.workflows.test_workflow_naming" name="test_workflow_display_names_are_unique" time="0.016" /><testcase classname="tests.workflows.test_workflow_selftest_consolidation" name="test_selftest_workflow_inventory" time="0.002" /><testcase classname="tests.workflows.test_workflow_selftest_consolidation" name="test_legacy_selftest_pr_comment_wrappers_absent" time="0.003" /><testcase classname="tests.workflows.test_workflow_selftest_consolidation" name="test_archive_ledgers_comment_wrappers" time="0.001" /><testcase classname="tests.workflows.test_workflow_selftest_consolidation" name="test_workflow_docs_highlight_comment_consolidation" time="0.002" /><testcase classname="tests.workflows.test_workflow_selftest_consolidation" name="test_workflow_system_keepalive_autopilot_note" time="0.002" /><testcase classname="tests.workflows.test_workflow_selftest_consolidation" name="test_selftest_runner_plan_status_highlights_completion" time="0.001" /><testcase classname="tests.workflows.test_workflow_selftest_consolidation" name="test_selftest_runner_inputs_cover_variants" time="0.148" /><testcase classname="tests.workflows.test_workflow_naming" name="test_workflow_names_match_filename_convention" time="0.017" /><testcase classname="tests.workflows.test_workflow_selftest_consolidation" name="test_selftest_runner_jobs_contract" time="0.145" /><testcase classname="tests.workflows.test_workflow_selftest_consolidation" name="test_selftest_runner_publish_job_contract" time="0.154" /><testcase classname="tests.workflows.test_workflow_selftest_consolidation" name="test_selftest_triggers_are_manual_only" time="0.156" /><testcase classname="tests.workflows.test_workflow_selftest_consolidation" name="test_selftest_dispatch_reason_input" time="0.158" /><testcase classname="tests.workflows.test_workflow_agents_consolidation" name="test_orchestrator_bootstrap_label_delegates_fallback" time="0.001" /><testcase classname="tests.workflows.test_workflow_agents_consolidation" name="test_bootstrap_requires_single_label" time="0.001" /><testcase classname="tests.workflows.test_workflow_templates" name="test_templates_present_with_metadata_files" time="0.001" /><testcase classname="tests.workflows.test_workflow_templates" name="test_starter_template_metadata_matches_yaml" time="0.008" /><testcase classname="tests.workflows.test_workflow_templates" name="test_properties_files_include_required_keys_and_icon" time="0.001" /><testcase classname="tests.workflows.test_workflow_templates" name="test_trigger_configuration_is_present_for_python_ci" time="0.010" /><testcase classname="tests.workflows.test_workflow_selftest_consolidation" name="test_archived_selftest_inventory" time="0.006" /><testcase classname="tests.workflows.test_workflow_templates" name="test_permissions_include_actions_read_for_python_ci" time="0.010" /><testcase classname="tests.workflows.test_workflow_selftest_consolidation" name="test_selftest_matrix_and_aggregate_contract" time="0.155" /><testcase classname="tests.workflows.test_keepalive_workflow" name="test_keepalive_gate_trigger_bypasses_idle_check" time="0.292" /></testsuite></testsuites>